[2026-06-16T10:59:17.097+0000] {local_task_job_runner.py:120} INFO - ::group::Pre task execution logs
[2026-06-16T10:59:17.124+0000] {taskinstance.py:2076} INFO - Dependencies all met for dep_context=non-requeueable deps ti=<TaskInstance: CS611_ML_Pipeline.silver_cleaning scheduled__2024-04-01T00:00:00+00:00 [queued]>
[2026-06-16T10:59:17.131+0000] {taskinstance.py:2076} INFO - Dependencies all met for dep_context=requeueable deps ti=<TaskInstance: CS611_ML_Pipeline.silver_cleaning scheduled__2024-04-01T00:00:00+00:00 [queued]>
[2026-06-16T10:59:17.131+0000] {taskinstance.py:2306} INFO - Starting attempt 1 of 2
[2026-06-16T10:59:17.142+0000] {taskinstance.py:2330} INFO - Executing <Task(PythonOperator): silver_cleaning> on 2024-04-01 00:00:00+00:00
[2026-06-16T10:59:17.146+0000] {standard_task_runner.py:63} INFO - Started process 30761 to run task
[2026-06-16T10:59:17.149+0000] {standard_task_runner.py:90} INFO - Running: ['***', 'tasks', 'run', 'CS611_ML_Pipeline', 'silver_cleaning', 'scheduled__2024-04-01T00:00:00+00:00', '--job-id', '138', '--raw', '--subdir', 'DAGS_FOLDER/ml_pipeline_dag.py', '--cfg-path', '/tmp/tmpz1ka5acv']
[2026-06-16T10:59:17.151+0000] {standard_task_runner.py:91} INFO - Job 138: Subtask silver_cleaning
[2026-06-16T10:59:17.200+0000] {task_command.py:426} INFO - Running <TaskInstance: CS611_ML_Pipeline.silver_cleaning scheduled__2024-04-01T00:00:00+00:00 [running]> on host 9cb3f452a997
[2026-06-16T10:59:17.452+0000] {taskinstance.py:2648} INFO - Exporting env vars: AIRFLOW_CTX_DAG_OWNER='ahana' AIRFLOW_CTX_DAG_ID='CS611_ML_Pipeline' AIRFLOW_CTX_TASK_ID='silver_cleaning' AIRFLOW_CTX_EXECUTION_DATE='2024-04-01T00:00:00+00:00' AIRFLOW_CTX_TRY_NUMBER='1' AIRFLOW_CTX_DAG_RUN_ID='scheduled__2024-04-01T00:00:00+00:00'
[2026-06-16T10:59:17.455+0000] {taskinstance.py:430} INFO - ::endgroup::
[2026-06-16T10:59:20.369+0000] {logging_mixin.py:188} INFO - [Silver] Processing snapshot: 2024-04-01
[2026-06-16T10:59:25.845+0000] {logging_mixin.py:188} INFO - [Silver] clickstream
[2026-06-16T10:59:27.226+0000] {logging_mixin.py:188} INFO - [Silver] attributes
[2026-06-16T10:59:37.617+0000] {logging_mixin.py:188} INFO - [Silver] financials
[2026-06-16T10:59:39.882+0000] {logging_mixin.py:188} INFO - [Silver] lms
[2026-06-16T10:59:40.187+0000] {python.py:237} INFO - Done. Returned value was: None
[2026-06-16T10:59:40.189+0000] {taskinstance.py:441} INFO - ::group::Post task execution logs
[2026-06-16T10:59:40.200+0000] {taskinstance.py:1206} INFO - Marking task as SUCCESS. dag_id=CS611_ML_Pipeline, task_id=silver_cleaning, run_id=scheduled__2024-04-01T00:00:00+00:00, execution_date=20240401T000000, start_date=20260616T105917, end_date=20260616T105940
[2026-06-16T10:59:40.263+0000] {local_task_job_runner.py:240} INFO - Task exited with return code 0
[2026-06-16T10:59:40.284+0000] {taskinstance.py:3498} INFO - 2 downstream tasks scheduled from follow-on schedule check
[2026-06-16T10:59:40.316+0000] {local_task_job_runner.py:222} INFO - ::endgroup::
