[2026-06-16T14:55:13.916+0000] {local_task_job_runner.py:120} INFO - ::group::Pre task execution logs
[2026-06-16T14:55:13.949+0000] {taskinstance.py:2076} INFO - Dependencies all met for dep_context=non-requeueable deps ti=<TaskInstance: CS611_ML_Pipeline.silver_cleaning scheduled__2023-05-01T00:00:00+00:00 [queued]>
[2026-06-16T14:55:13.958+0000] {taskinstance.py:2076} INFO - Dependencies all met for dep_context=requeueable deps ti=<TaskInstance: CS611_ML_Pipeline.silver_cleaning scheduled__2023-05-01T00:00:00+00:00 [queued]>
[2026-06-16T14:55:13.961+0000] {taskinstance.py:2306} INFO - Starting attempt 3 of 4
[2026-06-16T14:55:13.972+0000] {taskinstance.py:2330} INFO - Executing <Task(PythonOperator): silver_cleaning> on 2023-05-01 00:00:00+00:00
[2026-06-16T14:55:13.976+0000] {standard_task_runner.py:63} INFO - Started process 6835 to run task
[2026-06-16T14:55:13.980+0000] {standard_task_runner.py:90} INFO - Running: ['***', 'tasks', 'run', 'CS611_ML_Pipeline', 'silver_cleaning', 'scheduled__2023-05-01T00:00:00+00:00', '--job-id', '475', '--raw', '--subdir', 'DAGS_FOLDER/ml_pipeline_dag.py', '--cfg-path', '/tmp/tmpzw4pta_1']
[2026-06-16T14:55:13.982+0000] {standard_task_runner.py:91} INFO - Job 475: Subtask silver_cleaning
[2026-06-16T14:55:14.024+0000] {task_command.py:426} INFO - Running <TaskInstance: CS611_ML_Pipeline.silver_cleaning scheduled__2023-05-01T00:00:00+00:00 [running]> on host 4b9938287cf4
[2026-06-16T14:55:14.315+0000] {taskinstance.py:2648} INFO - Exporting env vars: AIRFLOW_CTX_DAG_OWNER='ahana' AIRFLOW_CTX_DAG_ID='CS611_ML_Pipeline' AIRFLOW_CTX_TASK_ID='silver_cleaning' AIRFLOW_CTX_EXECUTION_DATE='2023-05-01T00:00:00+00:00' AIRFLOW_CTX_TRY_NUMBER='3' AIRFLOW_CTX_DAG_RUN_ID='scheduled__2023-05-01T00:00:00+00:00'
[2026-06-16T14:55:14.317+0000] {taskinstance.py:430} INFO - ::endgroup::
[2026-06-16T14:55:17.076+0000] {logging_mixin.py:188} INFO - [Silver] Processing snapshot: 2023-05-01
[2026-06-16T14:55:22.817+0000] {logging_mixin.py:188} INFO - [Silver] clickstream
[2026-06-16T14:55:24.485+0000] {logging_mixin.py:188} INFO - [Silver] attributes
[2026-06-16T14:55:34.538+0000] {logging_mixin.py:188} INFO - [Silver] financials
[2026-06-16T14:55:36.497+0000] {logging_mixin.py:188} INFO - [Silver] lms
[2026-06-16T14:55:37.080+0000] {python.py:237} INFO - Done. Returned value was: None
[2026-06-16T14:55:37.087+0000] {taskinstance.py:441} INFO - ::group::Post task execution logs
[2026-06-16T14:55:37.097+0000] {taskinstance.py:1206} INFO - Marking task as SUCCESS. dag_id=CS611_ML_Pipeline, task_id=silver_cleaning, run_id=scheduled__2023-05-01T00:00:00+00:00, execution_date=20230501T000000, start_date=20260616T145513, end_date=20260616T145537
[2026-06-16T14:55:37.173+0000] {local_task_job_runner.py:240} INFO - Task exited with return code 0
[2026-06-16T14:55:37.198+0000] {taskinstance.py:3498} INFO - 2 downstream tasks scheduled from follow-on schedule check
[2026-06-16T14:55:37.215+0000] {local_task_job_runner.py:222} INFO - ::endgroup::
