[2026-06-16T15:10:59.736+0000] {local_task_job_runner.py:120} INFO - ::group::Pre task execution logs
[2026-06-16T15:10:59.764+0000] {taskinstance.py:2076} INFO - Dependencies all met for dep_context=non-requeueable deps ti=<TaskInstance: CS611_ML_Pipeline.model_prediction scheduled__2024-02-01T00:00:00+00:00 [queued]>
[2026-06-16T15:10:59.772+0000] {taskinstance.py:2076} INFO - Dependencies all met for dep_context=requeueable deps ti=<TaskInstance: CS611_ML_Pipeline.model_prediction scheduled__2024-02-01T00:00:00+00:00 [queued]>
[2026-06-16T15:10:59.773+0000] {taskinstance.py:2306} INFO - Starting attempt 3 of 4
[2026-06-16T15:10:59.783+0000] {taskinstance.py:2330} INFO - Executing <Task(PythonOperator): model_prediction> on 2024-02-01 00:00:00+00:00
[2026-06-16T15:10:59.788+0000] {standard_task_runner.py:63} INFO - Started process 27897 to run task
[2026-06-16T15:10:59.791+0000] {standard_task_runner.py:90} INFO - Running: ['***', 'tasks', 'run', 'CS611_ML_Pipeline', 'model_prediction', 'scheduled__2024-02-01T00:00:00+00:00', '--job-id', '561', '--raw', '--subdir', 'DAGS_FOLDER/ml_pipeline_dag.py', '--cfg-path', '/tmp/tmpet6lszcv']
[2026-06-16T15:10:59.793+0000] {standard_task_runner.py:91} INFO - Job 561: Subtask model_prediction
[2026-06-16T15:10:59.849+0000] {task_command.py:426} INFO - Running <TaskInstance: CS611_ML_Pipeline.model_prediction scheduled__2024-02-01T00:00:00+00:00 [running]> on host 4b9938287cf4
[2026-06-16T15:11:00.097+0000] {taskinstance.py:2648} INFO - Exporting env vars: AIRFLOW_CTX_DAG_OWNER='ahana' AIRFLOW_CTX_DAG_ID='CS611_ML_Pipeline' AIRFLOW_CTX_TASK_ID='model_prediction' AIRFLOW_CTX_EXECUTION_DATE='2024-02-01T00:00:00+00:00' AIRFLOW_CTX_TRY_NUMBER='3' AIRFLOW_CTX_DAG_RUN_ID='scheduled__2024-02-01T00:00:00+00:00'
[2026-06-16T15:11:00.099+0000] {taskinstance.py:430} INFO - ::endgroup::
[2026-06-16T15:11:01.291+0000] {logging_mixin.py:188} INFO - [Model] Loaded: gradient_boosting trained on 2024-01-01
[2026-06-16T15:11:01.292+0000] {logging_mixin.py:188} INFO - [Predict] Running inference for 2024-02-01
[2026-06-16T15:11:01.500+0000] {logging_mixin.py:188} INFO - [Predict] Saved 518 predictions -> /opt/***/datamart/gold/predictions/2024_02_01.parquet
[2026-06-16T15:11:01.501+0000] {logging_mixin.py:188} INFO - [Predict] Default rate predicted: 21.6%
[2026-06-16T15:11:01.502+0000] {logging_mixin.py:188} INFO - [Predict] 518 predictions saved
[2026-06-16T15:11:01.503+0000] {python.py:237} INFO - Done. Returned value was: None
[2026-06-16T15:11:01.503+0000] {taskinstance.py:441} INFO - ::group::Post task execution logs
[2026-06-16T15:11:01.511+0000] {taskinstance.py:1206} INFO - Marking task as SUCCESS. dag_id=CS611_ML_Pipeline, task_id=model_prediction, run_id=scheduled__2024-02-01T00:00:00+00:00, execution_date=20240201T000000, start_date=20260616T151059, end_date=20260616T151101
[2026-06-16T15:11:01.620+0000] {local_task_job_runner.py:240} INFO - Task exited with return code 0
[2026-06-16T15:11:01.641+0000] {taskinstance.py:3498} INFO - 1 downstream tasks scheduled from follow-on schedule check
[2026-06-16T15:11:01.652+0000] {local_task_job_runner.py:222} INFO - ::endgroup::
