[2026-06-16T12:48:14.298+0000] {local_task_job_runner.py:120} INFO - ::group::Pre task execution logs
[2026-06-16T12:48:14.331+0000] {taskinstance.py:2076} INFO - Dependencies all met for dep_context=non-requeueable deps ti=<TaskInstance: CS611_ML_Pipeline.model_prediction scheduled__2023-11-01T00:00:00+00:00 [queued]>
[2026-06-16T12:48:14.340+0000] {taskinstance.py:2076} INFO - Dependencies all met for dep_context=requeueable deps ti=<TaskInstance: CS611_ML_Pipeline.model_prediction scheduled__2023-11-01T00:00:00+00:00 [queued]>
[2026-06-16T12:48:14.343+0000] {taskinstance.py:2306} INFO - Starting attempt 2 of 3
[2026-06-16T12:48:14.355+0000] {taskinstance.py:2330} INFO - Executing <Task(PythonOperator): model_prediction> on 2023-11-01 00:00:00+00:00
[2026-06-16T12:48:14.360+0000] {standard_task_runner.py:63} INFO - Started process 24572 to run task
[2026-06-16T12:48:14.364+0000] {standard_task_runner.py:90} INFO - Running: ['***', 'tasks', 'run', 'CS611_ML_Pipeline', 'model_prediction', 'scheduled__2023-11-01T00:00:00+00:00', '--job-id', '317', '--raw', '--subdir', 'DAGS_FOLDER/ml_pipeline_dag.py', '--cfg-path', '/tmp/tmpvovn0oyj']
[2026-06-16T12:48:14.367+0000] {standard_task_runner.py:91} INFO - Job 317: Subtask model_prediction
[2026-06-16T12:48:14.428+0000] {task_command.py:426} INFO - Running <TaskInstance: CS611_ML_Pipeline.model_prediction scheduled__2023-11-01T00:00:00+00:00 [running]> on host 0e5a6fd60e5a
[2026-06-16T12:48:14.684+0000] {taskinstance.py:2648} INFO - Exporting env vars: AIRFLOW_CTX_DAG_OWNER='ahana' AIRFLOW_CTX_DAG_ID='CS611_ML_Pipeline' AIRFLOW_CTX_TASK_ID='model_prediction' AIRFLOW_CTX_EXECUTION_DATE='2023-11-01T00:00:00+00:00' AIRFLOW_CTX_TRY_NUMBER='2' AIRFLOW_CTX_DAG_RUN_ID='scheduled__2023-11-01T00:00:00+00:00'
[2026-06-16T12:48:14.685+0000] {taskinstance.py:430} INFO - ::endgroup::
[2026-06-16T12:48:16.258+0000] {logging_mixin.py:188} INFO - [Model] Loaded: gradient_boosting trained on 2024-07-01
[2026-06-16T12:48:16.259+0000] {logging_mixin.py:188} INFO - [Predict] Running inference for 2023-11-01
[2026-06-16T12:48:16.408+0000] {logging_mixin.py:188} INFO - [Predict] Saved 491 predictions -> /opt/***/datamart/gold/predictions/2023_11_01.parquet
[2026-06-16T12:48:16.409+0000] {logging_mixin.py:188} INFO - [Predict] Default rate predicted: 20.6%
[2026-06-16T12:48:16.409+0000] {logging_mixin.py:188} INFO - [Predict] 491 predictions saved
[2026-06-16T12:48:16.410+0000] {python.py:237} INFO - Done. Returned value was: None
[2026-06-16T12:48:16.411+0000] {taskinstance.py:441} INFO - ::group::Post task execution logs
[2026-06-16T12:48:16.422+0000] {taskinstance.py:1206} INFO - Marking task as SUCCESS. dag_id=CS611_ML_Pipeline, task_id=model_prediction, run_id=scheduled__2023-11-01T00:00:00+00:00, execution_date=20231101T000000, start_date=20260616T124814, end_date=20260616T124816
[2026-06-16T12:48:16.470+0000] {local_task_job_runner.py:240} INFO - Task exited with return code 0
[2026-06-16T12:48:16.506+0000] {taskinstance.py:3498} INFO - 1 downstream tasks scheduled from follow-on schedule check
[2026-06-16T12:48:16.511+0000] {local_task_job_runner.py:222} INFO - ::endgroup::
