[2026-06-16T10:51:15.968+0000] {local_task_job_runner.py:120} INFO - ::group::Pre task execution logs
[2026-06-16T10:51:15.993+0000] {taskinstance.py:2076} INFO - Dependencies all met for dep_context=non-requeueable deps ti=<TaskInstance: CS611_ML_Pipeline.model_prediction scheduled__2023-11-01T00:00:00+00:00 [queued]>
[2026-06-16T10:51:15.999+0000] {taskinstance.py:2076} INFO - Dependencies all met for dep_context=requeueable deps ti=<TaskInstance: CS611_ML_Pipeline.model_prediction scheduled__2023-11-01T00:00:00+00:00 [queued]>
[2026-06-16T10:51:16.001+0000] {taskinstance.py:2306} INFO - Starting attempt 1 of 2
[2026-06-16T10:51:16.009+0000] {taskinstance.py:2330} INFO - Executing <Task(PythonOperator): model_prediction> on 2023-11-01 00:00:00+00:00
[2026-06-16T10:51:16.013+0000] {standard_task_runner.py:63} INFO - Started process 20752 to run task
[2026-06-16T10:51:16.016+0000] {standard_task_runner.py:90} INFO - Running: ['***', 'tasks', 'run', 'CS611_ML_Pipeline', 'model_prediction', 'scheduled__2023-11-01T00:00:00+00:00', '--job-id', '98', '--raw', '--subdir', 'DAGS_FOLDER/ml_pipeline_dag.py', '--cfg-path', '/tmp/tmp3820ew8m']
[2026-06-16T10:51:16.018+0000] {standard_task_runner.py:91} INFO - Job 98: Subtask model_prediction
[2026-06-16T10:51:16.076+0000] {task_command.py:426} INFO - Running <TaskInstance: CS611_ML_Pipeline.model_prediction scheduled__2023-11-01T00:00:00+00:00 [running]> on host 9cb3f452a997
[2026-06-16T10:51:16.246+0000] {taskinstance.py:2648} INFO - Exporting env vars: AIRFLOW_CTX_DAG_OWNER='ahana' AIRFLOW_CTX_DAG_ID='CS611_ML_Pipeline' AIRFLOW_CTX_TASK_ID='model_prediction' AIRFLOW_CTX_EXECUTION_DATE='2023-11-01T00:00:00+00:00' AIRFLOW_CTX_TRY_NUMBER='1' AIRFLOW_CTX_DAG_RUN_ID='scheduled__2023-11-01T00:00:00+00:00'
[2026-06-16T10:51:16.247+0000] {taskinstance.py:430} INFO - ::endgroup::
[2026-06-16T10:51:17.265+0000] {logging_mixin.py:188} INFO - [Model] Loaded: logistic_regression trained on 2023-07-01
[2026-06-16T10:51:17.266+0000] {logging_mixin.py:188} INFO - [Predict] Running inference for 2023-11-01
[2026-06-16T10:51:17.436+0000] {logging_mixin.py:188} INFO - [Predict] Saved 491 predictions -> /opt/***/datamart/gold/predictions/2023_11_01.parquet
[2026-06-16T10:51:17.438+0000] {logging_mixin.py:188} INFO - [Predict] Default rate predicted: 13.6%
[2026-06-16T10:51:17.439+0000] {logging_mixin.py:188} INFO - [Predict] 491 predictions saved
[2026-06-16T10:51:17.440+0000] {python.py:237} INFO - Done. Returned value was: None
[2026-06-16T10:51:17.441+0000] {taskinstance.py:441} INFO - ::group::Post task execution logs
[2026-06-16T10:51:17.458+0000] {taskinstance.py:1206} INFO - Marking task as SUCCESS. dag_id=CS611_ML_Pipeline, task_id=model_prediction, run_id=scheduled__2023-11-01T00:00:00+00:00, execution_date=20231101T000000, start_date=20260616T105115, end_date=20260616T105117
[2026-06-16T10:51:17.518+0000] {local_task_job_runner.py:240} INFO - Task exited with return code 0
[2026-06-16T10:51:17.540+0000] {taskinstance.py:3498} INFO - 1 downstream tasks scheduled from follow-on schedule check
[2026-06-16T10:51:17.544+0000] {local_task_job_runner.py:222} INFO - ::endgroup::
