[2026-06-16T15:21:10.119+0000] {local_task_job_runner.py:120} INFO - ::group::Pre task execution logs
[2026-06-16T15:21:10.141+0000] {taskinstance.py:2076} INFO - Dependencies all met for dep_context=non-requeueable deps ti=<TaskInstance: CS611_ML_Pipeline.bronze_ingestion scheduled__2024-09-01T00:00:00+00:00 [queued]>
[2026-06-16T15:21:10.146+0000] {taskinstance.py:2076} INFO - Dependencies all met for dep_context=requeueable deps ti=<TaskInstance: CS611_ML_Pipeline.bronze_ingestion scheduled__2024-09-01T00:00:00+00:00 [queued]>
[2026-06-16T15:21:10.149+0000] {taskinstance.py:2306} INFO - Starting attempt 3 of 4
[2026-06-16T15:21:10.159+0000] {taskinstance.py:2330} INFO - Executing <Task(PythonOperator): bronze_ingestion> on 2024-09-01 00:00:00+00:00
[2026-06-16T15:21:10.163+0000] {standard_task_runner.py:63} INFO - Started process 43200 to run task
[2026-06-16T15:21:10.166+0000] {standard_task_runner.py:90} INFO - Running: ['***', 'tasks', 'run', 'CS611_ML_Pipeline', 'bronze_ingestion', 'scheduled__2024-09-01T00:00:00+00:00', '--job-id', '618', '--raw', '--subdir', 'DAGS_FOLDER/ml_pipeline_dag.py', '--cfg-path', '/tmp/tmp6ocexj95']
[2026-06-16T15:21:10.168+0000] {standard_task_runner.py:91} INFO - Job 618: Subtask bronze_ingestion
[2026-06-16T15:21:10.214+0000] {task_command.py:426} INFO - Running <TaskInstance: CS611_ML_Pipeline.bronze_ingestion scheduled__2024-09-01T00:00:00+00:00 [running]> on host 4b9938287cf4
[2026-06-16T15:21:10.458+0000] {taskinstance.py:2648} INFO - Exporting env vars: AIRFLOW_CTX_DAG_OWNER='ahana' AIRFLOW_CTX_DAG_ID='CS611_ML_Pipeline' AIRFLOW_CTX_TASK_ID='bronze_ingestion' AIRFLOW_CTX_EXECUTION_DATE='2024-09-01T00:00:00+00:00' AIRFLOW_CTX_TRY_NUMBER='3' AIRFLOW_CTX_DAG_RUN_ID='scheduled__2024-09-01T00:00:00+00:00'
[2026-06-16T15:21:10.460+0000] {taskinstance.py:430} INFO - ::endgroup::
[2026-06-16T15:21:13.325+0000] {logging_mixin.py:188} INFO - [Bronze] Processing snapshot: 2024-09-01
[2026-06-16T15:21:18.852+0000] {logging_mixin.py:188} INFO - [Bronze] clickstream
[2026-06-16T15:21:19.994+0000] {logging_mixin.py:188} INFO - [Bronze] attributes
[2026-06-16T15:21:21.138+0000] {logging_mixin.py:188} INFO - [Bronze] financials
[2026-06-16T15:21:22.469+0000] {logging_mixin.py:188} INFO - [Bronze] lms
[2026-06-16T15:21:22.725+0000] {python.py:237} INFO - Done. Returned value was: None
[2026-06-16T15:21:22.726+0000] {taskinstance.py:441} INFO - ::group::Post task execution logs
[2026-06-16T15:21:22.737+0000] {taskinstance.py:1206} INFO - Marking task as SUCCESS. dag_id=CS611_ML_Pipeline, task_id=bronze_ingestion, run_id=scheduled__2024-09-01T00:00:00+00:00, execution_date=20240901T000000, start_date=20260616T152110, end_date=20260616T152122
[2026-06-16T15:21:22.795+0000] {local_task_job_runner.py:240} INFO - Task exited with return code 0
[2026-06-16T15:21:22.819+0000] {taskinstance.py:3498} INFO - 1 downstream tasks scheduled from follow-on schedule check
[2026-06-16T15:21:22.829+0000] {local_task_job_runner.py:222} INFO - ::endgroup::
