[2026-06-16T11:08:14.394+0000] {local_task_job_runner.py:120} INFO - ::group::Pre task execution logs
[2026-06-16T11:08:14.419+0000] {taskinstance.py:2076} INFO - Dependencies all met for dep_context=non-requeueable deps ti=<TaskInstance: CS611_ML_Pipeline.bronze_ingestion scheduled__2024-09-01T00:00:00+00:00 [queued]>
[2026-06-16T11:08:14.425+0000] {taskinstance.py:2076} INFO - Dependencies all met for dep_context=requeueable deps ti=<TaskInstance: CS611_ML_Pipeline.bronze_ingestion scheduled__2024-09-01T00:00:00+00:00 [queued]>
[2026-06-16T11:08:14.427+0000] {taskinstance.py:2306} INFO - Starting attempt 1 of 2
[2026-06-16T11:08:14.436+0000] {taskinstance.py:2330} INFO - Executing <Task(PythonOperator): bronze_ingestion> on 2024-09-01 00:00:00+00:00
[2026-06-16T11:08:14.440+0000] {standard_task_runner.py:63} INFO - Started process 42590 to run task
[2026-06-16T11:08:14.444+0000] {standard_task_runner.py:90} INFO - Running: ['***', 'tasks', 'run', 'CS611_ML_Pipeline', 'bronze_ingestion', 'scheduled__2024-09-01T00:00:00+00:00', '--job-id', '182', '--raw', '--subdir', 'DAGS_FOLDER/ml_pipeline_dag.py', '--cfg-path', '/tmp/tmps3sl8uhj']
[2026-06-16T11:08:14.446+0000] {standard_task_runner.py:91} INFO - Job 182: Subtask bronze_ingestion
[2026-06-16T11:08:14.486+0000] {task_command.py:426} INFO - Running <TaskInstance: CS611_ML_Pipeline.bronze_ingestion scheduled__2024-09-01T00:00:00+00:00 [running]> on host 9cb3f452a997
[2026-06-16T11:08:14.704+0000] {taskinstance.py:2648} INFO - Exporting env vars: AIRFLOW_CTX_DAG_OWNER='ahana' AIRFLOW_CTX_DAG_ID='CS611_ML_Pipeline' AIRFLOW_CTX_TASK_ID='bronze_ingestion' AIRFLOW_CTX_EXECUTION_DATE='2024-09-01T00:00:00+00:00' AIRFLOW_CTX_TRY_NUMBER='1' AIRFLOW_CTX_DAG_RUN_ID='scheduled__2024-09-01T00:00:00+00:00'
[2026-06-16T11:08:14.705+0000] {taskinstance.py:430} INFO - ::endgroup::
[2026-06-16T11:08:18.463+0000] {logging_mixin.py:188} INFO - [Bronze] Processing snapshot: 2024-09-01
[2026-06-16T11:08:25.055+0000] {logging_mixin.py:188} INFO - [Bronze] clickstream
[2026-06-16T11:08:26.288+0000] {logging_mixin.py:188} INFO - [Bronze] attributes
[2026-06-16T11:08:27.612+0000] {logging_mixin.py:188} INFO - [Bronze] financials
[2026-06-16T11:08:28.998+0000] {logging_mixin.py:188} INFO - [Bronze] lms
[2026-06-16T11:08:29.276+0000] {python.py:237} INFO - Done. Returned value was: None
[2026-06-16T11:08:29.277+0000] {taskinstance.py:441} INFO - ::group::Post task execution logs
[2026-06-16T11:08:29.286+0000] {taskinstance.py:1206} INFO - Marking task as SUCCESS. dag_id=CS611_ML_Pipeline, task_id=bronze_ingestion, run_id=scheduled__2024-09-01T00:00:00+00:00, execution_date=20240901T000000, start_date=20260616T110814, end_date=20260616T110829
[2026-06-16T11:08:29.330+0000] {local_task_job_runner.py:240} INFO - Task exited with return code 0
[2026-06-16T11:08:29.351+0000] {taskinstance.py:3498} INFO - 1 downstream tasks scheduled from follow-on schedule check
[2026-06-16T11:08:29.355+0000] {local_task_job_runner.py:222} INFO - ::endgroup::
