[2026-06-16T12:48:17.179+0000] {local_task_job_runner.py:120} INFO - ::group::Pre task execution logs
[2026-06-16T12:48:17.215+0000] {taskinstance.py:2076} INFO - Dependencies all met for dep_context=non-requeueable deps ti=<TaskInstance: CS611_ML_Pipeline.model_monitoring scheduled__2023-11-01T00:00:00+00:00 [queued]>
[2026-06-16T12:48:17.225+0000] {taskinstance.py:2076} INFO - Dependencies all met for dep_context=requeueable deps ti=<TaskInstance: CS611_ML_Pipeline.model_monitoring scheduled__2023-11-01T00:00:00+00:00 [queued]>
[2026-06-16T12:48:17.228+0000] {taskinstance.py:2306} INFO - Starting attempt 2 of 3
[2026-06-16T12:48:17.243+0000] {taskinstance.py:2330} INFO - Executing <Task(PythonOperator): model_monitoring> on 2023-11-01 00:00:00+00:00
[2026-06-16T12:48:17.248+0000] {standard_task_runner.py:63} INFO - Started process 24626 to run task
[2026-06-16T12:48:17.252+0000] {standard_task_runner.py:90} INFO - Running: ['***', 'tasks', 'run', 'CS611_ML_Pipeline', 'model_monitoring', 'scheduled__2023-11-01T00:00:00+00:00', '--job-id', '318', '--raw', '--subdir', 'DAGS_FOLDER/ml_pipeline_dag.py', '--cfg-path', '/tmp/tmpzi7t4cdd']
[2026-06-16T12:48:17.255+0000] {standard_task_runner.py:91} INFO - Job 318: Subtask model_monitoring
[2026-06-16T12:48:17.322+0000] {task_command.py:426} INFO - Running <TaskInstance: CS611_ML_Pipeline.model_monitoring scheduled__2023-11-01T00:00:00+00:00 [running]> on host 0e5a6fd60e5a
[2026-06-16T12:48:17.614+0000] {taskinstance.py:2648} INFO - Exporting env vars: AIRFLOW_CTX_DAG_OWNER='ahana' AIRFLOW_CTX_DAG_ID='CS611_ML_Pipeline' AIRFLOW_CTX_TASK_ID='model_monitoring' AIRFLOW_CTX_EXECUTION_DATE='2023-11-01T00:00:00+00:00' AIRFLOW_CTX_TRY_NUMBER='2' AIRFLOW_CTX_DAG_RUN_ID='scheduled__2023-11-01T00:00:00+00:00'
[2026-06-16T12:48:17.615+0000] {taskinstance.py:430} INFO - ::endgroup::
[2026-06-16T12:48:20.013+0000] {logging_mixin.py:188} INFO - [Monitor] Running monitoring for 2023-11-01
[2026-06-16T12:48:20.111+0000] {logging_mixin.py:188} INFO - [Monitor] PSI = 0.0228 -> Stable
[2026-06-16T12:48:22.017+0000] {logging_mixin.py:188} INFO - [Monitor] Saved monitoring record -> /opt/***/datamart/gold/monitoring/2023_11_01.parquet
[2026-06-16T12:48:22.019+0000] {logging_mixin.py:188} INFO - [Monitor] PSI=0.0228 | AUC=None
[2026-06-16T12:48:22.020+0000] {python.py:237} INFO - Done. Returned value was: None
[2026-06-16T12:48:22.020+0000] {taskinstance.py:441} INFO - ::group::Post task execution logs
[2026-06-16T12:48:22.036+0000] {taskinstance.py:1206} INFO - Marking task as SUCCESS. dag_id=CS611_ML_Pipeline, task_id=model_monitoring, run_id=scheduled__2023-11-01T00:00:00+00:00, execution_date=20231101T000000, start_date=20260616T124817, end_date=20260616T124822
[2026-06-16T12:48:22.091+0000] {local_task_job_runner.py:240} INFO - Task exited with return code 0
[2026-06-16T12:48:22.129+0000] {taskinstance.py:3498} INFO - 1 downstream tasks scheduled from follow-on schedule check
[2026-06-16T12:48:22.133+0000] {local_task_job_runner.py:222} INFO - ::endgroup::
