[2026-06-16T11:14:44.716+0000] {local_task_job_runner.py:120} INFO - ::group::Pre task execution logs
[2026-06-16T11:14:44.749+0000] {taskinstance.py:2076} INFO - Dependencies all met for dep_context=non-requeueable deps ti=<TaskInstance: CS611_ML_Pipeline.model_monitoring scheduled__2024-12-01T00:00:00+00:00 [queued]>
[2026-06-16T11:14:44.757+0000] {taskinstance.py:2076} INFO - Dependencies all met for dep_context=requeueable deps ti=<TaskInstance: CS611_ML_Pipeline.model_monitoring scheduled__2024-12-01T00:00:00+00:00 [queued]>
[2026-06-16T11:14:44.758+0000] {taskinstance.py:2306} INFO - Starting attempt 1 of 2
[2026-06-16T11:14:44.773+0000] {taskinstance.py:2330} INFO - Executing <Task(PythonOperator): model_monitoring> on 2024-12-01 00:00:00+00:00
[2026-06-16T11:14:44.778+0000] {standard_task_runner.py:63} INFO - Started process 52060 to run task
[2026-06-16T11:14:44.781+0000] {standard_task_runner.py:90} INFO - Running: ['***', 'tasks', 'run', 'CS611_ML_Pipeline', 'model_monitoring', 'scheduled__2024-12-01T00:00:00+00:00', '--job-id', '216', '--raw', '--subdir', 'DAGS_FOLDER/ml_pipeline_dag.py', '--cfg-path', '/tmp/tmp9oeiuklg']
[2026-06-16T11:14:44.784+0000] {standard_task_runner.py:91} INFO - Job 216: Subtask model_monitoring
[2026-06-16T11:14:44.838+0000] {task_command.py:426} INFO - Running <TaskInstance: CS611_ML_Pipeline.model_monitoring scheduled__2024-12-01T00:00:00+00:00 [running]> on host 9cb3f452a997
[2026-06-16T11:14:45.103+0000] {taskinstance.py:2648} INFO - Exporting env vars: AIRFLOW_CTX_DAG_OWNER='ahana' AIRFLOW_CTX_DAG_ID='CS611_ML_Pipeline' AIRFLOW_CTX_TASK_ID='model_monitoring' AIRFLOW_CTX_EXECUTION_DATE='2024-12-01T00:00:00+00:00' AIRFLOW_CTX_TRY_NUMBER='1' AIRFLOW_CTX_DAG_RUN_ID='scheduled__2024-12-01T00:00:00+00:00'
[2026-06-16T11:14:45.105+0000] {taskinstance.py:430} INFO - ::endgroup::
[2026-06-16T11:14:46.409+0000] {logging_mixin.py:188} INFO - [Monitor] Running monitoring for 2024-12-01
[2026-06-16T11:14:46.451+0000] {logging_mixin.py:188} INFO - [Monitor] PSI = 0.0616 -> Stable
[2026-06-16T11:14:47.028+0000] {logging_mixin.py:188} INFO - [Monitor] Saved monitoring record -> /opt/***/datamart/gold/monitoring/2024_12_01.parquet
[2026-06-16T11:14:47.029+0000] {logging_mixin.py:188} INFO - [Monitor] PSI=0.0616 | AUC=None
[2026-06-16T11:14:47.030+0000] {python.py:237} INFO - Done. Returned value was: None
[2026-06-16T11:14:47.030+0000] {taskinstance.py:441} INFO - ::group::Post task execution logs
[2026-06-16T11:14:47.036+0000] {taskinstance.py:1206} INFO - Marking task as SUCCESS. dag_id=CS611_ML_Pipeline, task_id=model_monitoring, run_id=scheduled__2024-12-01T00:00:00+00:00, execution_date=20241201T000000, start_date=20260616T111444, end_date=20260616T111447
[2026-06-16T11:14:47.085+0000] {local_task_job_runner.py:240} INFO - Task exited with return code 0
[2026-06-16T11:14:47.101+0000] {taskinstance.py:3498} INFO - 1 downstream tasks scheduled from follow-on schedule check
[2026-06-16T11:14:47.106+0000] {local_task_job_runner.py:222} INFO - ::endgroup::
