[2026-06-16T14:50:12.957+0000] {local_task_job_runner.py:120} INFO - ::group::Pre task execution logs
[2026-06-16T14:50:12.984+0000] {taskinstance.py:2076} INFO - Dependencies all met for dep_context=non-requeueable deps ti=<TaskInstance: CS611_ML_Pipeline.silver_cleaning scheduled__2023-01-01T00:00:00+00:00 [queued]>
[2026-06-16T14:50:12.991+0000] {taskinstance.py:2076} INFO - Dependencies all met for dep_context=requeueable deps ti=<TaskInstance: CS611_ML_Pipeline.silver_cleaning scheduled__2023-01-01T00:00:00+00:00 [queued]>
[2026-06-16T14:50:12.994+0000] {taskinstance.py:2306} INFO - Starting attempt 3 of 4
[2026-06-16T14:50:13.005+0000] {taskinstance.py:2330} INFO - Executing <Task(PythonOperator): silver_cleaning> on 2023-01-01 00:00:00+00:00
[2026-06-16T14:50:13.010+0000] {standard_task_runner.py:63} INFO - Started process 588 to run task
[2026-06-16T14:50:13.013+0000] {standard_task_runner.py:90} INFO - Running: ['***', 'tasks', 'run', 'CS611_ML_Pipeline', 'silver_cleaning', 'scheduled__2023-01-01T00:00:00+00:00', '--job-id', '439', '--raw', '--subdir', 'DAGS_FOLDER/ml_pipeline_dag.py', '--cfg-path', '/tmp/tmpq_w2mdjt']
[2026-06-16T14:50:13.018+0000] {standard_task_runner.py:91} INFO - Job 439: Subtask silver_cleaning
[2026-06-16T14:50:13.070+0000] {task_command.py:426} INFO - Running <TaskInstance: CS611_ML_Pipeline.silver_cleaning scheduled__2023-01-01T00:00:00+00:00 [running]> on host 4b9938287cf4
[2026-06-16T14:50:13.344+0000] {taskinstance.py:2648} INFO - Exporting env vars: AIRFLOW_CTX_DAG_OWNER='ahana' AIRFLOW_CTX_DAG_ID='CS611_ML_Pipeline' AIRFLOW_CTX_TASK_ID='silver_cleaning' AIRFLOW_CTX_EXECUTION_DATE='2023-01-01T00:00:00+00:00' AIRFLOW_CTX_TRY_NUMBER='3' AIRFLOW_CTX_DAG_RUN_ID='scheduled__2023-01-01T00:00:00+00:00'
[2026-06-16T14:50:13.346+0000] {taskinstance.py:430} INFO - ::endgroup::
[2026-06-16T14:50:16.246+0000] {logging_mixin.py:188} INFO - [Silver] Processing snapshot: 2023-01-01
[2026-06-16T14:50:22.254+0000] {logging_mixin.py:188} INFO - [Silver] clickstream
[2026-06-16T14:50:23.702+0000] {logging_mixin.py:188} INFO - [Silver] attributes
[2026-06-16T14:50:31.217+0000] {logging_mixin.py:188} INFO - [Silver] financials
[2026-06-16T14:50:33.144+0000] {logging_mixin.py:188} INFO - [Silver] lms
[2026-06-16T14:50:34.221+0000] {python.py:237} INFO - Done. Returned value was: None
[2026-06-16T14:50:34.275+0000] {taskinstance.py:441} INFO - ::group::Post task execution logs
[2026-06-16T14:50:34.318+0000] {taskinstance.py:1206} INFO - Marking task as SUCCESS. dag_id=CS611_ML_Pipeline, task_id=silver_cleaning, run_id=scheduled__2023-01-01T00:00:00+00:00, execution_date=20230101T000000, start_date=20260616T145012, end_date=20260616T145034
[2026-06-16T14:50:34.389+0000] {local_task_job_runner.py:240} INFO - Task exited with return code 0
[2026-06-16T14:50:34.428+0000] {taskinstance.py:3498} INFO - 2 downstream tasks scheduled from follow-on schedule check
[2026-06-16T14:50:34.438+0000] {local_task_job_runner.py:222} INFO - ::endgroup::
