[2026-06-16T12:25:27.117+0000] {local_task_job_runner.py:120} INFO - ::group::Pre task execution logs
[2026-06-16T12:25:27.170+0000] {taskinstance.py:2076} INFO - Dependencies all met for dep_context=non-requeueable deps ti=<TaskInstance: CS611_ML_Pipeline.silver_cleaning scheduled__2023-01-01T00:00:00+00:00 [queued]>
[2026-06-16T12:25:27.184+0000] {taskinstance.py:2076} INFO - Dependencies all met for dep_context=requeueable deps ti=<TaskInstance: CS611_ML_Pipeline.silver_cleaning scheduled__2023-01-01T00:00:00+00:00 [queued]>
[2026-06-16T12:25:27.186+0000] {taskinstance.py:2306} INFO - Starting attempt 2 of 3
[2026-06-16T12:25:27.209+0000] {taskinstance.py:2330} INFO - Executing <Task(PythonOperator): silver_cleaning> on 2023-01-01 00:00:00+00:00
[2026-06-16T12:25:27.216+0000] {standard_task_runner.py:63} INFO - Started process 640 to run task
[2026-06-16T12:25:27.220+0000] {standard_task_runner.py:90} INFO - Running: ['***', 'tasks', 'run', 'CS611_ML_Pipeline', 'silver_cleaning', 'scheduled__2023-01-01T00:00:00+00:00', '--job-id', '222', '--raw', '--subdir', 'DAGS_FOLDER/ml_pipeline_dag.py', '--cfg-path', '/tmp/tmpt3n4rjzn']
[2026-06-16T12:25:27.224+0000] {standard_task_runner.py:91} INFO - Job 222: Subtask silver_cleaning
[2026-06-16T12:25:27.318+0000] {task_command.py:426} INFO - Running <TaskInstance: CS611_ML_Pipeline.silver_cleaning scheduled__2023-01-01T00:00:00+00:00 [running]> on host 0e5a6fd60e5a
[2026-06-16T12:25:27.714+0000] {taskinstance.py:2648} INFO - Exporting env vars: AIRFLOW_CTX_DAG_OWNER='ahana' AIRFLOW_CTX_DAG_ID='CS611_ML_Pipeline' AIRFLOW_CTX_TASK_ID='silver_cleaning' AIRFLOW_CTX_EXECUTION_DATE='2023-01-01T00:00:00+00:00' AIRFLOW_CTX_TRY_NUMBER='2' AIRFLOW_CTX_DAG_RUN_ID='scheduled__2023-01-01T00:00:00+00:00'
[2026-06-16T12:25:27.716+0000] {taskinstance.py:430} INFO - ::endgroup::
[2026-06-16T12:25:33.007+0000] {logging_mixin.py:188} INFO - [Silver] Processing snapshot: 2023-01-01
[2026-06-16T12:25:40.439+0000] {logging_mixin.py:188} INFO - [Silver] clickstream
[2026-06-16T12:25:42.455+0000] {logging_mixin.py:188} INFO - [Silver] attributes
[2026-06-16T12:25:53.256+0000] {logging_mixin.py:188} INFO - [Silver] financials
[2026-06-16T12:25:56.669+0000] {logging_mixin.py:188} INFO - [Silver] lms
[2026-06-16T12:25:57.162+0000] {python.py:237} INFO - Done. Returned value was: None
[2026-06-16T12:25:57.164+0000] {taskinstance.py:441} INFO - ::group::Post task execution logs
[2026-06-16T12:25:57.183+0000] {taskinstance.py:1206} INFO - Marking task as SUCCESS. dag_id=CS611_ML_Pipeline, task_id=silver_cleaning, run_id=scheduled__2023-01-01T00:00:00+00:00, execution_date=20230101T000000, start_date=20260616T122527, end_date=20260616T122557
[2026-06-16T12:25:57.243+0000] {local_task_job_runner.py:240} INFO - Task exited with return code 0
[2026-06-16T12:25:57.282+0000] {taskinstance.py:3498} INFO - 2 downstream tasks scheduled from follow-on schedule check
[2026-06-16T12:25:57.286+0000] {local_task_job_runner.py:222} INFO - ::endgroup::
