[2026-06-16T10:36:22.809+0000] {local_task_job_runner.py:120} INFO - ::group::Pre task execution logs
[2026-06-16T10:36:22.838+0000] {taskinstance.py:2076} INFO - Dependencies all met for dep_context=non-requeueable deps ti=<TaskInstance: CS611_ML_Pipeline.silver_cleaning scheduled__2023-01-01T00:00:00+00:00 [queued]>
[2026-06-16T10:36:22.845+0000] {taskinstance.py:2076} INFO - Dependencies all met for dep_context=requeueable deps ti=<TaskInstance: CS611_ML_Pipeline.silver_cleaning scheduled__2023-01-01T00:00:00+00:00 [queued]>
[2026-06-16T10:36:22.847+0000] {taskinstance.py:2306} INFO - Starting attempt 1 of 2
[2026-06-16T10:36:22.858+0000] {taskinstance.py:2330} INFO - Executing <Task(PythonOperator): silver_cleaning> on 2023-01-01 00:00:00+00:00
[2026-06-16T10:36:22.862+0000] {standard_task_runner.py:63} INFO - Started process 578 to run task
[2026-06-16T10:36:22.865+0000] {standard_task_runner.py:90} INFO - Running: ['***', 'tasks', 'run', 'CS611_ML_Pipeline', 'silver_cleaning', 'scheduled__2023-01-01T00:00:00+00:00', '--job-id', '3', '--raw', '--subdir', 'DAGS_FOLDER/ml_pipeline_dag.py', '--cfg-path', '/tmp/tmpn0lea0dr']
[2026-06-16T10:36:22.867+0000] {standard_task_runner.py:91} INFO - Job 3: Subtask silver_cleaning
[2026-06-16T10:36:22.909+0000] {task_command.py:426} INFO - Running <TaskInstance: CS611_ML_Pipeline.silver_cleaning scheduled__2023-01-01T00:00:00+00:00 [running]> on host 9cb3f452a997
[2026-06-16T10:36:23.122+0000] {taskinstance.py:2648} INFO - Exporting env vars: AIRFLOW_CTX_DAG_OWNER='ahana' AIRFLOW_CTX_DAG_ID='CS611_ML_Pipeline' AIRFLOW_CTX_TASK_ID='silver_cleaning' AIRFLOW_CTX_EXECUTION_DATE='2023-01-01T00:00:00+00:00' AIRFLOW_CTX_TRY_NUMBER='1' AIRFLOW_CTX_DAG_RUN_ID='scheduled__2023-01-01T00:00:00+00:00'
[2026-06-16T10:36:23.123+0000] {taskinstance.py:430} INFO - ::endgroup::
[2026-06-16T10:36:26.375+0000] {logging_mixin.py:188} INFO - [Silver] Processing snapshot: 2023-01-01
[2026-06-16T10:36:32.247+0000] {logging_mixin.py:188} INFO - [Silver] clickstream
[2026-06-16T10:36:33.867+0000] {logging_mixin.py:188} INFO - [Silver] attributes
[2026-06-16T10:36:42.470+0000] {logging_mixin.py:188} INFO - [Silver] financials
[2026-06-16T10:36:44.219+0000] {logging_mixin.py:188} INFO - [Silver] lms
[2026-06-16T10:36:44.553+0000] {python.py:237} INFO - Done. Returned value was: None
[2026-06-16T10:36:44.555+0000] {taskinstance.py:441} INFO - ::group::Post task execution logs
[2026-06-16T10:36:44.564+0000] {taskinstance.py:1206} INFO - Marking task as SUCCESS. dag_id=CS611_ML_Pipeline, task_id=silver_cleaning, run_id=scheduled__2023-01-01T00:00:00+00:00, execution_date=20230101T000000, start_date=20260616T103622, end_date=20260616T103644
[2026-06-16T10:36:44.592+0000] {local_task_job_runner.py:240} INFO - Task exited with return code 0
[2026-06-16T10:36:44.615+0000] {taskinstance.py:3498} INFO - 2 downstream tasks scheduled from follow-on schedule check
[2026-06-16T10:36:44.620+0000] {local_task_job_runner.py:222} INFO - ::endgroup::
