[2026-06-16T10:48:24.495+0000] {local_task_job_runner.py:120} INFO - ::group::Pre task execution logs
[2026-06-16T10:48:24.525+0000] {taskinstance.py:2076} INFO - Dependencies all met for dep_context=non-requeueable deps ti=<TaskInstance: CS611_ML_Pipeline.model_monitoring scheduled__2023-09-01T00:00:00+00:00 [queued]>
[2026-06-16T10:48:24.533+0000] {taskinstance.py:2076} INFO - Dependencies all met for dep_context=requeueable deps ti=<TaskInstance: CS611_ML_Pipeline.model_monitoring scheduled__2023-09-01T00:00:00+00:00 [queued]>
[2026-06-16T10:48:24.535+0000] {taskinstance.py:2306} INFO - Starting attempt 1 of 2
[2026-06-16T10:48:24.547+0000] {taskinstance.py:2330} INFO - Executing <Task(PythonOperator): model_monitoring> on 2023-09-01 00:00:00+00:00
[2026-06-16T10:48:24.552+0000] {standard_task_runner.py:63} INFO - Started process 16431 to run task
[2026-06-16T10:48:24.555+0000] {standard_task_runner.py:90} INFO - Running: ['***', 'tasks', 'run', 'CS611_ML_Pipeline', 'model_monitoring', 'scheduled__2023-09-01T00:00:00+00:00', '--job-id', '81', '--raw', '--subdir', 'DAGS_FOLDER/ml_pipeline_dag.py', '--cfg-path', '/tmp/tmpg__9ase2']
[2026-06-16T10:48:24.558+0000] {standard_task_runner.py:91} INFO - Job 81: Subtask model_monitoring
[2026-06-16T10:48:24.606+0000] {task_command.py:426} INFO - Running <TaskInstance: CS611_ML_Pipeline.model_monitoring scheduled__2023-09-01T00:00:00+00:00 [running]> on host 9cb3f452a997
[2026-06-16T10:48:24.828+0000] {taskinstance.py:2648} INFO - Exporting env vars: AIRFLOW_CTX_DAG_OWNER='ahana' AIRFLOW_CTX_DAG_ID='CS611_ML_Pipeline' AIRFLOW_CTX_TASK_ID='model_monitoring' AIRFLOW_CTX_EXECUTION_DATE='2023-09-01T00:00:00+00:00' AIRFLOW_CTX_TRY_NUMBER='1' AIRFLOW_CTX_DAG_RUN_ID='scheduled__2023-09-01T00:00:00+00:00'
[2026-06-16T10:48:24.830+0000] {taskinstance.py:430} INFO - ::endgroup::
[2026-06-16T10:48:26.319+0000] {logging_mixin.py:188} INFO - [Monitor] Running monitoring for 2023-09-01
[2026-06-16T10:48:26.379+0000] {logging_mixin.py:188} INFO - [Monitor] PSI = 0.0529 -> Stable
[2026-06-16T10:48:26.618+0000] {logging_mixin.py:188} INFO - [Monitor] Saved monitoring record -> /opt/***/datamart/gold/monitoring/2023_09_01.parquet
[2026-06-16T10:48:26.619+0000] {logging_mixin.py:188} INFO - [Monitor] PSI=0.0529 | AUC=None
[2026-06-16T10:48:26.619+0000] {python.py:237} INFO - Done. Returned value was: None
[2026-06-16T10:48:26.620+0000] {taskinstance.py:441} INFO - ::group::Post task execution logs
[2026-06-16T10:48:26.629+0000] {taskinstance.py:1206} INFO - Marking task as SUCCESS. dag_id=CS611_ML_Pipeline, task_id=model_monitoring, run_id=scheduled__2023-09-01T00:00:00+00:00, execution_date=20230901T000000, start_date=20260616T104824, end_date=20260616T104826
[2026-06-16T10:48:26.697+0000] {local_task_job_runner.py:240} INFO - Task exited with return code 0
[2026-06-16T10:48:26.715+0000] {taskinstance.py:3498} INFO - 1 downstream tasks scheduled from follow-on schedule check
[2026-06-16T10:48:26.719+0000] {local_task_job_runner.py:222} INFO - ::endgroup::
