[2026-06-16T15:23:06.541+0000] {local_task_job_runner.py:120} INFO - ::group::Pre task execution logs
[2026-06-16T15:23:06.564+0000] {taskinstance.py:2076} INFO - Dependencies all met for dep_context=non-requeueable deps ti=<TaskInstance: CS611_ML_Pipeline.silver_cleaning scheduled__2024-10-01T00:00:00+00:00 [queued]>
[2026-06-16T15:23:06.571+0000] {taskinstance.py:2076} INFO - Dependencies all met for dep_context=requeueable deps ti=<TaskInstance: CS611_ML_Pipeline.silver_cleaning scheduled__2024-10-01T00:00:00+00:00 [queued]>
[2026-06-16T15:23:06.573+0000] {taskinstance.py:2306} INFO - Starting attempt 3 of 4
[2026-06-16T15:23:06.583+0000] {taskinstance.py:2330} INFO - Executing <Task(PythonOperator): silver_cleaning> on 2024-10-01 00:00:00+00:00
[2026-06-16T15:23:06.589+0000] {standard_task_runner.py:63} INFO - Started process 46128 to run task
[2026-06-16T15:23:06.592+0000] {standard_task_runner.py:90} INFO - Running: ['***', 'tasks', 'run', 'CS611_ML_Pipeline', 'silver_cleaning', 'scheduled__2024-10-01T00:00:00+00:00', '--job-id', '628', '--raw', '--subdir', 'DAGS_FOLDER/ml_pipeline_dag.py', '--cfg-path', '/tmp/tmpsw1ix3qd']
[2026-06-16T15:23:06.594+0000] {standard_task_runner.py:91} INFO - Job 628: Subtask silver_cleaning
[2026-06-16T15:23:06.692+0000] {task_command.py:426} INFO - Running <TaskInstance: CS611_ML_Pipeline.silver_cleaning scheduled__2024-10-01T00:00:00+00:00 [running]> on host 4b9938287cf4
[2026-06-16T15:23:06.974+0000] {taskinstance.py:2648} INFO - Exporting env vars: AIRFLOW_CTX_DAG_OWNER='ahana' AIRFLOW_CTX_DAG_ID='CS611_ML_Pipeline' AIRFLOW_CTX_TASK_ID='silver_cleaning' AIRFLOW_CTX_EXECUTION_DATE='2024-10-01T00:00:00+00:00' AIRFLOW_CTX_TRY_NUMBER='3' AIRFLOW_CTX_DAG_RUN_ID='scheduled__2024-10-01T00:00:00+00:00'
[2026-06-16T15:23:06.976+0000] {taskinstance.py:430} INFO - ::endgroup::
[2026-06-16T15:23:09.996+0000] {logging_mixin.py:188} INFO - [Silver] Processing snapshot: 2024-10-01
[2026-06-16T15:23:15.456+0000] {logging_mixin.py:188} INFO - [Silver] clickstream
[2026-06-16T15:23:17.962+0000] {logging_mixin.py:188} INFO - [Silver] attributes
[2026-06-16T15:23:25.025+0000] {logging_mixin.py:188} INFO - [Silver] financials
[2026-06-16T15:23:26.720+0000] {logging_mixin.py:188} INFO - [Silver] lms
[2026-06-16T15:23:27.200+0000] {python.py:237} INFO - Done. Returned value was: None
[2026-06-16T15:23:27.201+0000] {taskinstance.py:441} INFO - ::group::Post task execution logs
[2026-06-16T15:23:27.214+0000] {taskinstance.py:1206} INFO - Marking task as SUCCESS. dag_id=CS611_ML_Pipeline, task_id=silver_cleaning, run_id=scheduled__2024-10-01T00:00:00+00:00, execution_date=20241001T000000, start_date=20260616T152306, end_date=20260616T152327
[2026-06-16T15:23:27.251+0000] {local_task_job_runner.py:240} INFO - Task exited with return code 0
[2026-06-16T15:23:27.273+0000] {taskinstance.py:3498} INFO - 2 downstream tasks scheduled from follow-on schedule check
[2026-06-16T15:23:27.277+0000] {local_task_job_runner.py:222} INFO - ::endgroup::
