[2026-06-16T15:26:09.899+0000] {local_task_job_runner.py:120} INFO - ::group::Pre task execution logs
[2026-06-16T15:26:09.922+0000] {taskinstance.py:2076} INFO - Dependencies all met for dep_context=non-requeueable deps ti=<TaskInstance: CS611_ML_Pipeline.model_prediction scheduled__2024-11-01T00:00:00+00:00 [queued]>
[2026-06-16T15:26:09.928+0000] {taskinstance.py:2076} INFO - Dependencies all met for dep_context=requeueable deps ti=<TaskInstance: CS611_ML_Pipeline.model_prediction scheduled__2024-11-01T00:00:00+00:00 [queued]>
[2026-06-16T15:26:09.931+0000] {taskinstance.py:2306} INFO - Starting attempt 3 of 4
[2026-06-16T15:26:09.941+0000] {taskinstance.py:2330} INFO - Executing <Task(PythonOperator): model_prediction> on 2024-11-01 00:00:00+00:00
[2026-06-16T15:26:09.944+0000] {standard_task_runner.py:63} INFO - Started process 50454 to run task
[2026-06-16T15:26:09.947+0000] {standard_task_runner.py:90} INFO - Running: ['***', 'tasks', 'run', 'CS611_ML_Pipeline', 'model_prediction', 'scheduled__2024-11-01T00:00:00+00:00', '--job-id', '642', '--raw', '--subdir', 'DAGS_FOLDER/ml_pipeline_dag.py', '--cfg-path', '/tmp/tmpl1mkuxvi']
[2026-06-16T15:26:09.949+0000] {standard_task_runner.py:91} INFO - Job 642: Subtask model_prediction
[2026-06-16T15:26:09.986+0000] {task_command.py:426} INFO - Running <TaskInstance: CS611_ML_Pipeline.model_prediction scheduled__2024-11-01T00:00:00+00:00 [running]> on host 4b9938287cf4
[2026-06-16T15:26:10.305+0000] {taskinstance.py:2648} INFO - Exporting env vars: AIRFLOW_CTX_DAG_OWNER='ahana' AIRFLOW_CTX_DAG_ID='CS611_ML_Pipeline' AIRFLOW_CTX_TASK_ID='model_prediction' AIRFLOW_CTX_EXECUTION_DATE='2024-11-01T00:00:00+00:00' AIRFLOW_CTX_TRY_NUMBER='3' AIRFLOW_CTX_DAG_RUN_ID='scheduled__2024-11-01T00:00:00+00:00'
[2026-06-16T15:26:10.309+0000] {taskinstance.py:430} INFO - ::endgroup::
[2026-06-16T15:26:11.408+0000] {logging_mixin.py:188} INFO - [Model] Loaded: gradient_boosting trained on 2024-07-01
[2026-06-16T15:26:11.408+0000] {logging_mixin.py:188} INFO - [Predict] Running inference for 2024-11-01
[2026-06-16T15:26:11.576+0000] {logging_mixin.py:188} INFO - [Predict] Saved 488 predictions -> /opt/***/datamart/gold/predictions/2024_11_01.parquet
[2026-06-16T15:26:11.578+0000] {logging_mixin.py:188} INFO - [Predict] Default rate predicted: 8.2%
[2026-06-16T15:26:11.579+0000] {logging_mixin.py:188} INFO - [Predict] 488 predictions saved
[2026-06-16T15:26:11.579+0000] {python.py:237} INFO - Done. Returned value was: None
[2026-06-16T15:26:11.580+0000] {taskinstance.py:441} INFO - ::group::Post task execution logs
[2026-06-16T15:26:11.590+0000] {taskinstance.py:1206} INFO - Marking task as SUCCESS. dag_id=CS611_ML_Pipeline, task_id=model_prediction, run_id=scheduled__2024-11-01T00:00:00+00:00, execution_date=20241101T000000, start_date=20260616T152609, end_date=20260616T152611
[2026-06-16T15:26:11.709+0000] {local_task_job_runner.py:240} INFO - Task exited with return code 0
[2026-06-16T15:26:11.729+0000] {taskinstance.py:3498} INFO - 1 downstream tasks scheduled from follow-on schedule check
[2026-06-16T15:26:11.733+0000] {local_task_job_runner.py:222} INFO - ::endgroup::
