[2026-06-16T12:52:32.960+0000] {local_task_job_runner.py:120} INFO - ::group::Pre task execution logs
[2026-06-16T12:52:32.986+0000] {taskinstance.py:2076} INFO - Dependencies all met for dep_context=non-requeueable deps ti=<TaskInstance: CS611_ML_Pipeline.model_training scheduled__2024-01-01T00:00:00+00:00 [queued]>
[2026-06-16T12:52:32.994+0000] {taskinstance.py:2076} INFO - Dependencies all met for dep_context=requeueable deps ti=<TaskInstance: CS611_ML_Pipeline.model_training scheduled__2024-01-01T00:00:00+00:00 [queued]>
[2026-06-16T12:52:32.996+0000] {taskinstance.py:2306} INFO - Starting attempt 2 of 3
[2026-06-16T12:52:33.007+0000] {taskinstance.py:2330} INFO - Executing <Task(PythonOperator): model_training> on 2024-01-01 00:00:00+00:00
[2026-06-16T12:52:33.011+0000] {standard_task_runner.py:63} INFO - Started process 29484 to run task
[2026-06-16T12:52:33.014+0000] {standard_task_runner.py:90} INFO - Running: ['***', 'tasks', 'run', 'CS611_ML_Pipeline', 'model_training', 'scheduled__2024-01-01T00:00:00+00:00', '--job-id', '334', '--raw', '--subdir', 'DAGS_FOLDER/ml_pipeline_dag.py', '--cfg-path', '/tmp/tmp3_iqtqwh']
[2026-06-16T12:52:33.016+0000] {standard_task_runner.py:91} INFO - Job 334: Subtask model_training
[2026-06-16T12:52:33.058+0000] {task_command.py:426} INFO - Running <TaskInstance: CS611_ML_Pipeline.model_training scheduled__2024-01-01T00:00:00+00:00 [running]> on host 0e5a6fd60e5a
[2026-06-16T12:52:33.266+0000] {taskinstance.py:2648} INFO - Exporting env vars: AIRFLOW_CTX_DAG_OWNER='ahana' AIRFLOW_CTX_DAG_ID='CS611_ML_Pipeline' AIRFLOW_CTX_TASK_ID='model_training' AIRFLOW_CTX_EXECUTION_DATE='2024-01-01T00:00:00+00:00' AIRFLOW_CTX_TRY_NUMBER='2' AIRFLOW_CTX_DAG_RUN_ID='scheduled__2024-01-01T00:00:00+00:00'
[2026-06-16T12:52:33.266+0000] {taskinstance.py:430} INFO - ::endgroup::
[2026-06-16T12:52:34.342+0000] {logging_mixin.py:188} INFO - [Train] Training model for snapshot: 2024-01-01
[2026-06-16T12:52:34.351+0000] {logging_mixin.py:188} INFO - [Train] Loading gold data from 2023-01-01 to 2024-01-01
[2026-06-16T12:52:35.667+0000] {logging_mixin.py:188} INFO - [Train] Loaded 3556 rows, 28.4% default rate
[2026-06-16T12:52:35.670+0000] {logging_mixin.py:188} INFO - [Train] Raw feature matrix: (3556, 72)
[2026-06-16T12:52:35.671+0000] {logging_mixin.py:188} INFO - [FeatSelect] Starting with 72 features, 2844 samples
[2026-06-16T12:52:35.681+0000] {logging_mixin.py:188} INFO - [FeatSelect] Step 1 - no low-variance features found
[2026-06-16T12:52:35.717+0000] {logging_mixin.py:188} INFO - [FeatSelect] Step 2 - no highly correlated features found
[2026-06-16T12:52:35.910+0000] {logging_mixin.py:188} INFO - [FeatSelect] Step 3 - kept top 40 features by RF importance
[2026-06-16T12:52:35.912+0000] {logging_mixin.py:188} INFO - [FeatSelect] Final selection: 40 features
[2026-06-16T12:52:35.913+0000] {logging_mixin.py:188} INFO - [FeatSelect] Top 5: ['outstanding_debt', 'interest_rate', 'credit_history_age_months', 'num_credit_inquiries', 'delay_from_due_date']
[2026-06-16T12:52:35.915+0000] {logging_mixin.py:188} INFO - [Train] Selected 40 features after selection
[2026-06-16T12:52:35.915+0000] {logging_mixin.py:188} INFO - [Train] Evaluating models...
[2026-06-16T12:53:57.538+0000] {logging_mixin.py:188} WARNING - /home/***/.local/lib/python3.11/site-packages/sklearn/linear_model/_logistic.py:469 ConvergenceWarning: lbfgs failed to converge (status=1):
STOP: TOTAL NO. OF ITERATIONS REACHED LIMIT.

Increase the number of iterations (max_iter) or scale the data as shown in:
    https://scikit-learn.org/stable/modules/preprocessing.html
Please also refer to the documentation for alternative solver options:
    https://scikit-learn.org/stable/modules/linear_model.html#logistic-regression
[2026-06-16T12:53:57.771+0000] {logging_mixin.py:188} INFO -   logistic_regression: AUC=0.8304 | Acc=0.7725
[2026-06-16T12:54:00.429+0000] {logging_mixin.py:188} INFO -   random_forest: AUC=0.8418 | Acc=0.809
[2026-06-16T12:54:06.868+0000] {logging_mixin.py:188} INFO -   gradient_boosting: AUC=0.875 | Acc=0.8315
[2026-06-16T12:54:06.870+0000] {logging_mixin.py:188} INFO - 
  Best model: gradient_boosting (AUC=0.875)
[2026-06-16T12:54:06.907+0000] {logging_mixin.py:188} INFO -   Model saved to: /opt/***/model_bank/2024_01_01
[2026-06-16T12:54:06.909+0000] {logging_mixin.py:188} INFO - [Train] Model saved to /opt/***/model_bank/2024_01_01
[2026-06-16T12:54:06.910+0000] {python.py:237} INFO - Done. Returned value was: None
[2026-06-16T12:54:06.913+0000] {taskinstance.py:441} INFO - ::group::Post task execution logs
[2026-06-16T12:54:06.940+0000] {taskinstance.py:1206} INFO - Marking task as SUCCESS. dag_id=CS611_ML_Pipeline, task_id=model_training, run_id=scheduled__2024-01-01T00:00:00+00:00, execution_date=20240101T000000, start_date=20260616T125232, end_date=20260616T125406
[2026-06-16T12:54:07.157+0000] {local_task_job_runner.py:240} INFO - Task exited with return code 0
[2026-06-16T12:54:07.197+0000] {taskinstance.py:3498} INFO - 1 downstream tasks scheduled from follow-on schedule check
[2026-06-16T12:54:07.201+0000] {local_task_job_runner.py:222} INFO - ::endgroup::
