[2026-06-16T11:02:38.644+0000] {local_task_job_runner.py:120} INFO - ::group::Pre task execution logs
[2026-06-16T11:02:38.679+0000] {taskinstance.py:2076} INFO - Dependencies all met for dep_context=non-requeueable deps ti=<TaskInstance: CS611_ML_Pipeline.bronze_ingestion scheduled__2024-06-01T00:00:00+00:00 [queued]>
[2026-06-16T11:02:38.687+0000] {taskinstance.py:2076} INFO - Dependencies all met for dep_context=requeueable deps ti=<TaskInstance: CS611_ML_Pipeline.bronze_ingestion scheduled__2024-06-01T00:00:00+00:00 [queued]>
[2026-06-16T11:02:38.689+0000] {taskinstance.py:2306} INFO - Starting attempt 1 of 2
[2026-06-16T11:02:38.701+0000] {taskinstance.py:2330} INFO - Executing <Task(PythonOperator): bronze_ingestion> on 2024-06-01 00:00:00+00:00
[2026-06-16T11:02:38.706+0000] {standard_task_runner.py:63} INFO - Started process 35094 to run task
[2026-06-16T11:02:38.710+0000] {standard_task_runner.py:90} INFO - Running: ['***', 'tasks', 'run', 'CS611_ML_Pipeline', 'bronze_ingestion', 'scheduled__2024-06-01T00:00:00+00:00', '--job-id', '155', '--raw', '--subdir', 'DAGS_FOLDER/ml_pipeline_dag.py', '--cfg-path', '/tmp/tmprl0rig1l']
[2026-06-16T11:02:38.712+0000] {standard_task_runner.py:91} INFO - Job 155: Subtask bronze_ingestion
[2026-06-16T11:02:38.769+0000] {task_command.py:426} INFO - Running <TaskInstance: CS611_ML_Pipeline.bronze_ingestion scheduled__2024-06-01T00:00:00+00:00 [running]> on host 9cb3f452a997
[2026-06-16T11:02:39.002+0000] {taskinstance.py:2648} INFO - Exporting env vars: AIRFLOW_CTX_DAG_OWNER='ahana' AIRFLOW_CTX_DAG_ID='CS611_ML_Pipeline' AIRFLOW_CTX_TASK_ID='bronze_ingestion' AIRFLOW_CTX_EXECUTION_DATE='2024-06-01T00:00:00+00:00' AIRFLOW_CTX_TRY_NUMBER='1' AIRFLOW_CTX_DAG_RUN_ID='scheduled__2024-06-01T00:00:00+00:00'
[2026-06-16T11:02:39.003+0000] {taskinstance.py:430} INFO - ::endgroup::
[2026-06-16T11:02:41.694+0000] {logging_mixin.py:188} INFO - [Bronze] Processing snapshot: 2024-06-01
[2026-06-16T11:02:48.594+0000] {logging_mixin.py:188} INFO - [Bronze] clickstream
[2026-06-16T11:02:50.065+0000] {logging_mixin.py:188} INFO - [Bronze] attributes
[2026-06-16T11:02:51.410+0000] {logging_mixin.py:188} INFO - [Bronze] financials
[2026-06-16T11:02:52.762+0000] {logging_mixin.py:188} INFO - [Bronze] lms
[2026-06-16T11:02:53.080+0000] {python.py:237} INFO - Done. Returned value was: None
[2026-06-16T11:02:53.082+0000] {taskinstance.py:441} INFO - ::group::Post task execution logs
[2026-06-16T11:02:53.094+0000] {taskinstance.py:1206} INFO - Marking task as SUCCESS. dag_id=CS611_ML_Pipeline, task_id=bronze_ingestion, run_id=scheduled__2024-06-01T00:00:00+00:00, execution_date=20240601T000000, start_date=20260616T110238, end_date=20260616T110253
[2026-06-16T11:02:53.129+0000] {local_task_job_runner.py:240} INFO - Task exited with return code 0
[2026-06-16T11:02:53.149+0000] {taskinstance.py:3498} INFO - 1 downstream tasks scheduled from follow-on schedule check
[2026-06-16T11:02:53.153+0000] {local_task_job_runner.py:222} INFO - ::endgroup::
