[2026-06-16T15:15:55.538+0000] {local_task_job_runner.py:120} INFO - ::group::Pre task execution logs
[2026-06-16T15:15:55.564+0000] {taskinstance.py:2076} INFO - Dependencies all met for dep_context=non-requeueable deps ti=<TaskInstance: CS611_ML_Pipeline.bronze_ingestion scheduled__2024-06-01T00:00:00+00:00 [queued]>
[2026-06-16T15:15:55.572+0000] {taskinstance.py:2076} INFO - Dependencies all met for dep_context=requeueable deps ti=<TaskInstance: CS611_ML_Pipeline.bronze_ingestion scheduled__2024-06-01T00:00:00+00:00 [queued]>
[2026-06-16T15:15:55.640+0000] {taskinstance.py:2306} INFO - Starting attempt 3 of 4
[2026-06-16T15:15:55.654+0000] {taskinstance.py:2330} INFO - Executing <Task(PythonOperator): bronze_ingestion> on 2024-06-01 00:00:00+00:00
[2026-06-16T15:15:55.660+0000] {standard_task_runner.py:63} INFO - Started process 35423 to run task
[2026-06-16T15:15:55.663+0000] {standard_task_runner.py:90} INFO - Running: ['***', 'tasks', 'run', 'CS611_ML_Pipeline', 'bronze_ingestion', 'scheduled__2024-06-01T00:00:00+00:00', '--job-id', '591', '--raw', '--subdir', 'DAGS_FOLDER/ml_pipeline_dag.py', '--cfg-path', '/tmp/tmpbneayg9i']
[2026-06-16T15:15:55.665+0000] {standard_task_runner.py:91} INFO - Job 591: Subtask bronze_ingestion
[2026-06-16T15:15:55.827+0000] {task_command.py:426} INFO - Running <TaskInstance: CS611_ML_Pipeline.bronze_ingestion scheduled__2024-06-01T00:00:00+00:00 [running]> on host 4b9938287cf4
[2026-06-16T15:15:56.085+0000] {taskinstance.py:2648} INFO - Exporting env vars: AIRFLOW_CTX_DAG_OWNER='ahana' AIRFLOW_CTX_DAG_ID='CS611_ML_Pipeline' AIRFLOW_CTX_TASK_ID='bronze_ingestion' AIRFLOW_CTX_EXECUTION_DATE='2024-06-01T00:00:00+00:00' AIRFLOW_CTX_TRY_NUMBER='3' AIRFLOW_CTX_DAG_RUN_ID='scheduled__2024-06-01T00:00:00+00:00'
[2026-06-16T15:15:56.086+0000] {taskinstance.py:430} INFO - ::endgroup::
[2026-06-16T15:15:59.321+0000] {logging_mixin.py:188} INFO - [Bronze] Processing snapshot: 2024-06-01
[2026-06-16T15:16:05.762+0000] {logging_mixin.py:188} INFO - [Bronze] clickstream
[2026-06-16T15:16:08.450+0000] {logging_mixin.py:188} INFO - [Bronze] attributes
[2026-06-16T15:16:11.354+0000] {logging_mixin.py:188} INFO - [Bronze] financials
[2026-06-16T15:16:12.765+0000] {logging_mixin.py:188} INFO - [Bronze] lms
[2026-06-16T15:16:13.220+0000] {python.py:237} INFO - Done. Returned value was: None
[2026-06-16T15:16:13.223+0000] {taskinstance.py:441} INFO - ::group::Post task execution logs
[2026-06-16T15:16:13.237+0000] {taskinstance.py:1206} INFO - Marking task as SUCCESS. dag_id=CS611_ML_Pipeline, task_id=bronze_ingestion, run_id=scheduled__2024-06-01T00:00:00+00:00, execution_date=20240601T000000, start_date=20260616T151555, end_date=20260616T151613
[2026-06-16T15:16:13.304+0000] {local_task_job_runner.py:240} INFO - Task exited with return code 0
[2026-06-16T15:16:13.329+0000] {taskinstance.py:3498} INFO - 1 downstream tasks scheduled from follow-on schedule check
[2026-06-16T15:16:13.355+0000] {local_task_job_runner.py:222} INFO - ::endgroup::
