[2026-06-16T13:06:55.135+0000] {local_task_job_runner.py:120} INFO - ::group::Pre task execution logs
[2026-06-16T13:06:55.166+0000] {taskinstance.py:2076} INFO - Dependencies all met for dep_context=non-requeueable deps ti=<TaskInstance: CS611_ML_Pipeline.bronze_ingestion scheduled__2024-06-01T00:00:00+00:00 [queued]>
[2026-06-16T13:06:55.173+0000] {taskinstance.py:2076} INFO - Dependencies all met for dep_context=requeueable deps ti=<TaskInstance: CS611_ML_Pipeline.bronze_ingestion scheduled__2024-06-01T00:00:00+00:00 [queued]>
[2026-06-16T13:06:55.176+0000] {taskinstance.py:2306} INFO - Starting attempt 2 of 3
[2026-06-16T13:06:55.188+0000] {taskinstance.py:2330} INFO - Executing <Task(PythonOperator): bronze_ingestion> on 2024-06-01 00:00:00+00:00
[2026-06-16T13:06:55.193+0000] {standard_task_runner.py:63} INFO - Started process 39819 to run task
[2026-06-16T13:06:55.196+0000] {standard_task_runner.py:90} INFO - Running: ['***', 'tasks', 'run', 'CS611_ML_Pipeline', 'bronze_ingestion', 'scheduled__2024-06-01T00:00:00+00:00', '--job-id', '374', '--raw', '--subdir', 'DAGS_FOLDER/ml_pipeline_dag.py', '--cfg-path', '/tmp/tmpxmrn53wj']
[2026-06-16T13:06:55.199+0000] {standard_task_runner.py:91} INFO - Job 374: Subtask bronze_ingestion
[2026-06-16T13:06:55.251+0000] {task_command.py:426} INFO - Running <TaskInstance: CS611_ML_Pipeline.bronze_ingestion scheduled__2024-06-01T00:00:00+00:00 [running]> on host 0e5a6fd60e5a
[2026-06-16T13:06:55.485+0000] {taskinstance.py:2648} INFO - Exporting env vars: AIRFLOW_CTX_DAG_OWNER='ahana' AIRFLOW_CTX_DAG_ID='CS611_ML_Pipeline' AIRFLOW_CTX_TASK_ID='bronze_ingestion' AIRFLOW_CTX_EXECUTION_DATE='2024-06-01T00:00:00+00:00' AIRFLOW_CTX_TRY_NUMBER='2' AIRFLOW_CTX_DAG_RUN_ID='scheduled__2024-06-01T00:00:00+00:00'
[2026-06-16T13:06:55.486+0000] {taskinstance.py:430} INFO - ::endgroup::
[2026-06-16T13:07:00.211+0000] {logging_mixin.py:188} INFO - [Bronze] Processing snapshot: 2024-06-01
[2026-06-16T13:07:12.835+0000] {logging_mixin.py:188} INFO - [Bronze] clickstream
[2026-06-16T13:07:15.417+0000] {logging_mixin.py:188} INFO - [Bronze] attributes
[2026-06-16T13:07:18.327+0000] {logging_mixin.py:188} INFO - [Bronze] financials
[2026-06-16T13:07:22.843+0000] {logging_mixin.py:188} INFO - [Bronze] lms
[2026-06-16T13:07:22.962+0000] {python.py:237} INFO - Done. Returned value was: None
[2026-06-16T13:07:22.963+0000] {taskinstance.py:441} INFO - ::group::Post task execution logs
[2026-06-16T13:07:22.977+0000] {taskinstance.py:1206} INFO - Marking task as SUCCESS. dag_id=CS611_ML_Pipeline, task_id=bronze_ingestion, run_id=scheduled__2024-06-01T00:00:00+00:00, execution_date=20240601T000000, start_date=20260616T130655, end_date=20260616T130722
[2026-06-16T13:07:23.032+0000] {local_task_job_runner.py:240} INFO - Task exited with return code 0
[2026-06-16T13:07:23.059+0000] {taskinstance.py:3498} INFO - 0 downstream tasks scheduled from follow-on schedule check
[2026-06-16T13:07:23.063+0000] {local_task_job_runner.py:222} INFO - ::endgroup::
