[2026-06-16T12:54:21.450+0000] {local_task_job_runner.py:120} INFO - ::group::Pre task execution logs
[2026-06-16T12:54:21.483+0000] {taskinstance.py:2076} INFO - Dependencies all met for dep_context=non-requeueable deps ti=<TaskInstance: CS611_ML_Pipeline.bronze_ingestion scheduled__2024-02-01T00:00:00+00:00 [queued]>
[2026-06-16T12:54:21.493+0000] {taskinstance.py:2076} INFO - Dependencies all met for dep_context=requeueable deps ti=<TaskInstance: CS611_ML_Pipeline.bronze_ingestion scheduled__2024-02-01T00:00:00+00:00 [queued]>
[2026-06-16T12:54:21.495+0000] {taskinstance.py:2306} INFO - Starting attempt 2 of 3
[2026-06-16T12:54:21.509+0000] {taskinstance.py:2330} INFO - Executing <Task(PythonOperator): bronze_ingestion> on 2024-02-01 00:00:00+00:00
[2026-06-16T12:54:21.514+0000] {standard_task_runner.py:63} INFO - Started process 29777 to run task
[2026-06-16T12:54:21.517+0000] {standard_task_runner.py:90} INFO - Running: ['***', 'tasks', 'run', 'CS611_ML_Pipeline', 'bronze_ingestion', 'scheduled__2024-02-01T00:00:00+00:00', '--job-id', '338', '--raw', '--subdir', 'DAGS_FOLDER/ml_pipeline_dag.py', '--cfg-path', '/tmp/tmpvzf19mb_']
[2026-06-16T12:54:21.520+0000] {standard_task_runner.py:91} INFO - Job 338: Subtask bronze_ingestion
[2026-06-16T12:54:21.575+0000] {task_command.py:426} INFO - Running <TaskInstance: CS611_ML_Pipeline.bronze_ingestion scheduled__2024-02-01T00:00:00+00:00 [running]> on host 0e5a6fd60e5a
[2026-06-16T12:54:21.813+0000] {taskinstance.py:2648} INFO - Exporting env vars: AIRFLOW_CTX_DAG_OWNER='ahana' AIRFLOW_CTX_DAG_ID='CS611_ML_Pipeline' AIRFLOW_CTX_TASK_ID='bronze_ingestion' AIRFLOW_CTX_EXECUTION_DATE='2024-02-01T00:00:00+00:00' AIRFLOW_CTX_TRY_NUMBER='2' AIRFLOW_CTX_DAG_RUN_ID='scheduled__2024-02-01T00:00:00+00:00'
[2026-06-16T12:54:21.814+0000] {taskinstance.py:430} INFO - ::endgroup::
[2026-06-16T12:54:27.063+0000] {logging_mixin.py:188} INFO - [Bronze] Processing snapshot: 2024-02-01
[2026-06-16T12:54:37.845+0000] {logging_mixin.py:188} INFO - [Bronze] clickstream
[2026-06-16T12:54:39.674+0000] {logging_mixin.py:188} INFO - [Bronze] attributes
[2026-06-16T12:54:41.590+0000] {logging_mixin.py:188} INFO - [Bronze] financials
[2026-06-16T12:54:43.852+0000] {logging_mixin.py:188} INFO - [Bronze] lms
[2026-06-16T12:54:44.237+0000] {python.py:237} INFO - Done. Returned value was: None
[2026-06-16T12:54:44.239+0000] {taskinstance.py:441} INFO - ::group::Post task execution logs
[2026-06-16T12:54:44.253+0000] {taskinstance.py:1206} INFO - Marking task as SUCCESS. dag_id=CS611_ML_Pipeline, task_id=bronze_ingestion, run_id=scheduled__2024-02-01T00:00:00+00:00, execution_date=20240201T000000, start_date=20260616T125421, end_date=20260616T125444
[2026-06-16T12:54:44.304+0000] {local_task_job_runner.py:240} INFO - Task exited with return code 0
[2026-06-16T12:54:44.334+0000] {taskinstance.py:3498} INFO - 1 downstream tasks scheduled from follow-on schedule check
[2026-06-16T12:54:44.340+0000] {local_task_job_runner.py:222} INFO - ::endgroup::
