[2026-06-16T10:55:38.619+0000] {local_task_job_runner.py:120} INFO - ::group::Pre task execution logs
[2026-06-16T10:55:38.640+0000] {taskinstance.py:2076} INFO - Dependencies all met for dep_context=non-requeueable deps ti=<TaskInstance: CS611_ML_Pipeline.bronze_ingestion scheduled__2024-02-01T00:00:00+00:00 [queued]>
[2026-06-16T10:55:38.646+0000] {taskinstance.py:2076} INFO - Dependencies all met for dep_context=requeueable deps ti=<TaskInstance: CS611_ML_Pipeline.bronze_ingestion scheduled__2024-02-01T00:00:00+00:00 [queued]>
[2026-06-16T10:55:38.649+0000] {taskinstance.py:2306} INFO - Starting attempt 1 of 2
[2026-06-16T10:55:38.658+0000] {taskinstance.py:2330} INFO - Executing <Task(PythonOperator): bronze_ingestion> on 2024-02-01 00:00:00+00:00
[2026-06-16T10:55:38.661+0000] {standard_task_runner.py:63} INFO - Started process 25709 to run task
[2026-06-16T10:55:38.664+0000] {standard_task_runner.py:90} INFO - Running: ['***', 'tasks', 'run', 'CS611_ML_Pipeline', 'bronze_ingestion', 'scheduled__2024-02-01T00:00:00+00:00', '--job-id', '119', '--raw', '--subdir', 'DAGS_FOLDER/ml_pipeline_dag.py', '--cfg-path', '/tmp/tmpskvd2_p1']
[2026-06-16T10:55:38.666+0000] {standard_task_runner.py:91} INFO - Job 119: Subtask bronze_ingestion
[2026-06-16T10:55:38.701+0000] {task_command.py:426} INFO - Running <TaskInstance: CS611_ML_Pipeline.bronze_ingestion scheduled__2024-02-01T00:00:00+00:00 [running]> on host 9cb3f452a997
[2026-06-16T10:55:38.893+0000] {taskinstance.py:2648} INFO - Exporting env vars: AIRFLOW_CTX_DAG_OWNER='ahana' AIRFLOW_CTX_DAG_ID='CS611_ML_Pipeline' AIRFLOW_CTX_TASK_ID='bronze_ingestion' AIRFLOW_CTX_EXECUTION_DATE='2024-02-01T00:00:00+00:00' AIRFLOW_CTX_TRY_NUMBER='1' AIRFLOW_CTX_DAG_RUN_ID='scheduled__2024-02-01T00:00:00+00:00'
[2026-06-16T10:55:38.894+0000] {taskinstance.py:430} INFO - ::endgroup::
[2026-06-16T10:55:42.156+0000] {logging_mixin.py:188} INFO - [Bronze] Processing snapshot: 2024-02-01
[2026-06-16T10:55:49.277+0000] {logging_mixin.py:188} INFO - [Bronze] clickstream
[2026-06-16T10:55:50.766+0000] {logging_mixin.py:188} INFO - [Bronze] attributes
[2026-06-16T10:55:52.396+0000] {logging_mixin.py:188} INFO - [Bronze] financials
[2026-06-16T10:55:55.102+0000] {logging_mixin.py:188} INFO - [Bronze] lms
[2026-06-16T10:55:55.506+0000] {python.py:237} INFO - Done. Returned value was: None
[2026-06-16T10:55:55.508+0000] {taskinstance.py:441} INFO - ::group::Post task execution logs
[2026-06-16T10:55:55.525+0000] {taskinstance.py:1206} INFO - Marking task as SUCCESS. dag_id=CS611_ML_Pipeline, task_id=bronze_ingestion, run_id=scheduled__2024-02-01T00:00:00+00:00, execution_date=20240201T000000, start_date=20260616T105538, end_date=20260616T105555
[2026-06-16T10:55:55.577+0000] {local_task_job_runner.py:240} INFO - Task exited with return code 0
[2026-06-16T10:55:55.617+0000] {taskinstance.py:3498} INFO - 1 downstream tasks scheduled from follow-on schedule check
[2026-06-16T10:55:55.625+0000] {local_task_job_runner.py:222} INFO - ::endgroup::
