[2026-06-16T12:46:37.225+0000] {local_task_job_runner.py:120} INFO - ::group::Pre task execution logs
[2026-06-16T12:46:37.261+0000] {taskinstance.py:2076} INFO - Dependencies all met for dep_context=non-requeueable deps ti=<TaskInstance: CS611_ML_Pipeline.silver_cleaning scheduled__2023-11-01T00:00:00+00:00 [queued]>
[2026-06-16T12:46:37.272+0000] {taskinstance.py:2076} INFO - Dependencies all met for dep_context=requeueable deps ti=<TaskInstance: CS611_ML_Pipeline.silver_cleaning scheduled__2023-11-01T00:00:00+00:00 [queued]>
[2026-06-16T12:46:37.275+0000] {taskinstance.py:2306} INFO - Starting attempt 2 of 3
[2026-06-16T12:46:37.290+0000] {taskinstance.py:2330} INFO - Executing <Task(PythonOperator): silver_cleaning> on 2023-11-01 00:00:00+00:00
[2026-06-16T12:46:37.295+0000] {standard_task_runner.py:63} INFO - Started process 22740 to run task
[2026-06-16T12:46:37.298+0000] {standard_task_runner.py:90} INFO - Running: ['***', 'tasks', 'run', 'CS611_ML_Pipeline', 'silver_cleaning', 'scheduled__2023-11-01T00:00:00+00:00', '--job-id', '312', '--raw', '--subdir', 'DAGS_FOLDER/ml_pipeline_dag.py', '--cfg-path', '/tmp/tmp4rs4uydn']
[2026-06-16T12:46:37.301+0000] {standard_task_runner.py:91} INFO - Job 312: Subtask silver_cleaning
[2026-06-16T12:46:37.415+0000] {task_command.py:426} INFO - Running <TaskInstance: CS611_ML_Pipeline.silver_cleaning scheduled__2023-11-01T00:00:00+00:00 [running]> on host 0e5a6fd60e5a
[2026-06-16T12:46:37.668+0000] {taskinstance.py:2648} INFO - Exporting env vars: AIRFLOW_CTX_DAG_OWNER='ahana' AIRFLOW_CTX_DAG_ID='CS611_ML_Pipeline' AIRFLOW_CTX_TASK_ID='silver_cleaning' AIRFLOW_CTX_EXECUTION_DATE='2023-11-01T00:00:00+00:00' AIRFLOW_CTX_TRY_NUMBER='2' AIRFLOW_CTX_DAG_RUN_ID='scheduled__2023-11-01T00:00:00+00:00'
[2026-06-16T12:46:37.669+0000] {taskinstance.py:430} INFO - ::endgroup::
[2026-06-16T12:46:40.990+0000] {logging_mixin.py:188} INFO - [Silver] Processing snapshot: 2023-11-01
[2026-06-16T12:46:47.684+0000] {logging_mixin.py:188} INFO - [Silver] clickstream
[2026-06-16T12:46:50.089+0000] {logging_mixin.py:188} INFO - [Silver] attributes
[2026-06-16T12:46:59.934+0000] {logging_mixin.py:188} INFO - [Silver] financials
[2026-06-16T12:47:02.121+0000] {logging_mixin.py:188} INFO - [Silver] lms
[2026-06-16T12:47:02.937+0000] {python.py:237} INFO - Done. Returned value was: None
[2026-06-16T12:47:02.939+0000] {taskinstance.py:441} INFO - ::group::Post task execution logs
[2026-06-16T12:47:02.951+0000] {taskinstance.py:1206} INFO - Marking task as SUCCESS. dag_id=CS611_ML_Pipeline, task_id=silver_cleaning, run_id=scheduled__2023-11-01T00:00:00+00:00, execution_date=20231101T000000, start_date=20260616T124637, end_date=20260616T124702
[2026-06-16T12:47:02.980+0000] {local_task_job_runner.py:240} INFO - Task exited with return code 0
[2026-06-16T12:47:02.998+0000] {taskinstance.py:3498} INFO - 2 downstream tasks scheduled from follow-on schedule check
[2026-06-16T12:47:03.002+0000] {local_task_job_runner.py:222} INFO - ::endgroup::
