[2026-06-16T12:34:31.841+0000] {local_task_job_runner.py:120} INFO - ::group::Pre task execution logs
[2026-06-16T12:34:31.888+0000] {taskinstance.py:2076} INFO - Dependencies all met for dep_context=non-requeueable deps ti=<TaskInstance: CS611_ML_Pipeline.silver_cleaning scheduled__2023-06-01T00:00:00+00:00 [queued]>
[2026-06-16T12:34:31.899+0000] {taskinstance.py:2076} INFO - Dependencies all met for dep_context=requeueable deps ti=<TaskInstance: CS611_ML_Pipeline.silver_cleaning scheduled__2023-06-01T00:00:00+00:00 [queued]>
[2026-06-16T12:34:31.901+0000] {taskinstance.py:2306} INFO - Starting attempt 2 of 3
[2026-06-16T12:34:31.918+0000] {taskinstance.py:2330} INFO - Executing <Task(PythonOperator): silver_cleaning> on 2023-06-01 00:00:00+00:00
[2026-06-16T12:34:31.924+0000] {standard_task_runner.py:63} INFO - Started process 10420 to run task
[2026-06-16T12:34:31.929+0000] {standard_task_runner.py:90} INFO - Running: ['***', 'tasks', 'run', 'CS611_ML_Pipeline', 'silver_cleaning', 'scheduled__2023-06-01T00:00:00+00:00', '--job-id', '267', '--raw', '--subdir', 'DAGS_FOLDER/ml_pipeline_dag.py', '--cfg-path', '/tmp/tmpwpam7xf4']
[2026-06-16T12:34:31.933+0000] {standard_task_runner.py:91} INFO - Job 267: Subtask silver_cleaning
[2026-06-16T12:34:32.008+0000] {task_command.py:426} INFO - Running <TaskInstance: CS611_ML_Pipeline.silver_cleaning scheduled__2023-06-01T00:00:00+00:00 [running]> on host 0e5a6fd60e5a
[2026-06-16T12:34:32.312+0000] {taskinstance.py:2648} INFO - Exporting env vars: AIRFLOW_CTX_DAG_OWNER='ahana' AIRFLOW_CTX_DAG_ID='CS611_ML_Pipeline' AIRFLOW_CTX_TASK_ID='silver_cleaning' AIRFLOW_CTX_EXECUTION_DATE='2023-06-01T00:00:00+00:00' AIRFLOW_CTX_TRY_NUMBER='2' AIRFLOW_CTX_DAG_RUN_ID='scheduled__2023-06-01T00:00:00+00:00'
[2026-06-16T12:34:32.314+0000] {taskinstance.py:430} INFO - ::endgroup::
[2026-06-16T12:34:36.200+0000] {logging_mixin.py:188} INFO - [Silver] Processing snapshot: 2023-06-01
[2026-06-16T12:34:43.630+0000] {logging_mixin.py:188} INFO - [Silver] clickstream
[2026-06-16T12:34:45.314+0000] {logging_mixin.py:188} INFO - [Silver] attributes
[2026-06-16T12:34:57.110+0000] {logging_mixin.py:188} INFO - [Silver] financials
[2026-06-16T12:34:59.566+0000] {logging_mixin.py:188} INFO - [Silver] lms
[2026-06-16T12:35:00.132+0000] {python.py:237} INFO - Done. Returned value was: None
[2026-06-16T12:35:00.134+0000] {taskinstance.py:441} INFO - ::group::Post task execution logs
[2026-06-16T12:35:00.144+0000] {taskinstance.py:1206} INFO - Marking task as SUCCESS. dag_id=CS611_ML_Pipeline, task_id=silver_cleaning, run_id=scheduled__2023-06-01T00:00:00+00:00, execution_date=20230601T000000, start_date=20260616T123431, end_date=20260616T123500
[2026-06-16T12:35:00.205+0000] {local_task_job_runner.py:240} INFO - Task exited with return code 0
[2026-06-16T12:35:00.226+0000] {taskinstance.py:3498} INFO - 2 downstream tasks scheduled from follow-on schedule check
[2026-06-16T12:35:00.230+0000] {local_task_job_runner.py:222} INFO - ::endgroup::
