[2026-06-16T15:17:29.750+0000] {local_task_job_runner.py:120} INFO - ::group::Pre task execution logs
[2026-06-16T15:17:29.774+0000] {taskinstance.py:2076} INFO - Dependencies all met for dep_context=non-requeueable deps ti=<TaskInstance: CS611_ML_Pipeline.visualise_monitoring scheduled__2024-06-01T00:00:00+00:00 [queued]>
[2026-06-16T15:17:29.779+0000] {taskinstance.py:2076} INFO - Dependencies all met for dep_context=requeueable deps ti=<TaskInstance: CS611_ML_Pipeline.visualise_monitoring scheduled__2024-06-01T00:00:00+00:00 [queued]>
[2026-06-16T15:17:29.780+0000] {taskinstance.py:2306} INFO - Starting attempt 3 of 4
[2026-06-16T15:17:29.789+0000] {taskinstance.py:2330} INFO - Executing <Task(PythonOperator): visualise_monitoring> on 2024-06-01 00:00:00+00:00
[2026-06-16T15:17:29.793+0000] {standard_task_runner.py:63} INFO - Started process 37913 to run task
[2026-06-16T15:17:29.795+0000] {standard_task_runner.py:90} INFO - Running: ['***', 'tasks', 'run', 'CS611_ML_Pipeline', 'visualise_monitoring', 'scheduled__2024-06-01T00:00:00+00:00', '--job-id', '599', '--raw', '--subdir', 'DAGS_FOLDER/ml_pipeline_dag.py', '--cfg-path', '/tmp/tmp2ax3h6ka']
[2026-06-16T15:17:29.797+0000] {standard_task_runner.py:91} INFO - Job 599: Subtask visualise_monitoring
[2026-06-16T15:17:29.837+0000] {task_command.py:426} INFO - Running <TaskInstance: CS611_ML_Pipeline.visualise_monitoring scheduled__2024-06-01T00:00:00+00:00 [running]> on host 4b9938287cf4
[2026-06-16T15:17:30.084+0000] {taskinstance.py:2648} INFO - Exporting env vars: AIRFLOW_CTX_DAG_OWNER='ahana' AIRFLOW_CTX_DAG_ID='CS611_ML_Pipeline' AIRFLOW_CTX_TASK_ID='visualise_monitoring' AIRFLOW_CTX_EXECUTION_DATE='2024-06-01T00:00:00+00:00' AIRFLOW_CTX_TRY_NUMBER='3' AIRFLOW_CTX_DAG_RUN_ID='scheduled__2024-06-01T00:00:00+00:00'
[2026-06-16T15:17:30.090+0000] {taskinstance.py:430} INFO - ::endgroup::
[2026-06-16T15:17:31.632+0000] {logging_mixin.py:188} WARNING - /opt/***/utils/monitor.py:232 FutureWarning: The behavior of DataFrame concatenation with empty or all-NA entries is deprecated. In a future version, this will no longer exclude empty or all-NA columns when determining the result dtypes. To retain the old behavior, exclude the relevant entries before the concat operation.
[2026-06-16T15:17:32.611+0000] {logging_mixin.py:188} INFO - [Visualise] Dashboard saved as /opt/***/reports/monitoring_dashboard.png
[2026-06-16T15:17:32.612+0000] {logging_mixin.py:188} INFO - [Visualise] Dashboard saved to /opt/***/reports/monitoring_dashboard.png
[2026-06-16T15:17:32.612+0000] {python.py:237} INFO - Done. Returned value was: None
[2026-06-16T15:17:32.613+0000] {taskinstance.py:441} INFO - ::group::Post task execution logs
[2026-06-16T15:17:32.621+0000] {taskinstance.py:1206} INFO - Marking task as SUCCESS. dag_id=CS611_ML_Pipeline, task_id=visualise_monitoring, run_id=scheduled__2024-06-01T00:00:00+00:00, execution_date=20240601T000000, start_date=20260616T151729, end_date=20260616T151732
[2026-06-16T15:17:32.685+0000] {local_task_job_runner.py:240} INFO - Task exited with return code 0
[2026-06-16T15:17:32.699+0000] {taskinstance.py:3498} INFO - 0 downstream tasks scheduled from follow-on schedule check
[2026-06-16T15:17:32.706+0000] {local_task_job_runner.py:222} INFO - ::endgroup::
