[2026-06-16T12:41:54.754+0000] {local_task_job_runner.py:120} INFO - ::group::Pre task execution logs
[2026-06-16T12:41:54.785+0000] {taskinstance.py:2076} INFO - Dependencies all met for dep_context=non-requeueable deps ti=<TaskInstance: CS611_ML_Pipeline.model_monitoring scheduled__2023-08-01T00:00:00+00:00 [queued]>
[2026-06-16T12:41:54.794+0000] {taskinstance.py:2076} INFO - Dependencies all met for dep_context=requeueable deps ti=<TaskInstance: CS611_ML_Pipeline.model_monitoring scheduled__2023-08-01T00:00:00+00:00 [queued]>
[2026-06-16T12:41:54.804+0000] {taskinstance.py:2306} INFO - Starting attempt 2 of 3
[2026-06-16T12:41:54.815+0000] {taskinstance.py:2330} INFO - Executing <Task(PythonOperator): model_monitoring> on 2023-08-01 00:00:00+00:00
[2026-06-16T12:41:54.820+0000] {standard_task_runner.py:63} INFO - Started process 17413 to run task
[2026-06-16T12:41:54.823+0000] {standard_task_runner.py:90} INFO - Running: ['***', 'tasks', 'run', 'CS611_ML_Pipeline', 'model_monitoring', 'scheduled__2023-08-01T00:00:00+00:00', '--job-id', '291', '--raw', '--subdir', 'DAGS_FOLDER/ml_pipeline_dag.py', '--cfg-path', '/tmp/tmpi52_0_di']
[2026-06-16T12:41:54.826+0000] {standard_task_runner.py:91} INFO - Job 291: Subtask model_monitoring
[2026-06-16T12:41:54.878+0000] {task_command.py:426} INFO - Running <TaskInstance: CS611_ML_Pipeline.model_monitoring scheduled__2023-08-01T00:00:00+00:00 [running]> on host 0e5a6fd60e5a
[2026-06-16T12:41:55.117+0000] {taskinstance.py:2648} INFO - Exporting env vars: AIRFLOW_CTX_DAG_OWNER='ahana' AIRFLOW_CTX_DAG_ID='CS611_ML_Pipeline' AIRFLOW_CTX_TASK_ID='model_monitoring' AIRFLOW_CTX_EXECUTION_DATE='2023-08-01T00:00:00+00:00' AIRFLOW_CTX_TRY_NUMBER='2' AIRFLOW_CTX_DAG_RUN_ID='scheduled__2023-08-01T00:00:00+00:00'
[2026-06-16T12:41:55.118+0000] {taskinstance.py:430} INFO - ::endgroup::
[2026-06-16T12:41:56.974+0000] {logging_mixin.py:188} INFO - [Monitor] Running monitoring for 2023-08-01
[2026-06-16T12:41:57.049+0000] {logging_mixin.py:188} INFO - [Monitor] PSI = 0.0658 -> Stable
[2026-06-16T12:41:58.564+0000] {logging_mixin.py:188} INFO - [Monitor] Saved monitoring record -> /opt/***/datamart/gold/monitoring/2023_08_01.parquet
[2026-06-16T12:41:58.565+0000] {logging_mixin.py:188} INFO - [Monitor] PSI=0.0658 | AUC=None
[2026-06-16T12:41:58.566+0000] {python.py:237} INFO - Done. Returned value was: None
[2026-06-16T12:41:58.567+0000] {taskinstance.py:441} INFO - ::group::Post task execution logs
[2026-06-16T12:41:58.580+0000] {taskinstance.py:1206} INFO - Marking task as SUCCESS. dag_id=CS611_ML_Pipeline, task_id=model_monitoring, run_id=scheduled__2023-08-01T00:00:00+00:00, execution_date=20230801T000000, start_date=20260616T124154, end_date=20260616T124158
[2026-06-16T12:41:58.648+0000] {local_task_job_runner.py:240} INFO - Task exited with return code 0
[2026-06-16T12:41:58.679+0000] {taskinstance.py:3498} INFO - 1 downstream tasks scheduled from follow-on schedule check
[2026-06-16T12:41:58.683+0000] {local_task_job_runner.py:222} INFO - ::endgroup::
