[2026-06-16T15:00:50.922+0000] {local_task_job_runner.py:120} INFO - ::group::Pre task execution logs
[2026-06-16T15:00:50.949+0000] {taskinstance.py:2076} INFO - Dependencies all met for dep_context=non-requeueable deps ti=<TaskInstance: CS611_ML_Pipeline.model_monitoring scheduled__2023-08-01T00:00:00+00:00 [queued]>
[2026-06-16T15:00:50.955+0000] {taskinstance.py:2076} INFO - Dependencies all met for dep_context=requeueable deps ti=<TaskInstance: CS611_ML_Pipeline.model_monitoring scheduled__2023-08-01T00:00:00+00:00 [queued]>
[2026-06-16T15:00:50.958+0000] {taskinstance.py:2306} INFO - Starting attempt 3 of 4
[2026-06-16T15:00:50.971+0000] {taskinstance.py:2330} INFO - Executing <Task(PythonOperator): model_monitoring> on 2023-08-01 00:00:00+00:00
[2026-06-16T15:00:50.976+0000] {standard_task_runner.py:63} INFO - Started process 14364 to run task
[2026-06-16T15:00:50.978+0000] {standard_task_runner.py:90} INFO - Running: ['***', 'tasks', 'run', 'CS611_ML_Pipeline', 'model_monitoring', 'scheduled__2023-08-01T00:00:00+00:00', '--job-id', '508', '--raw', '--subdir', 'DAGS_FOLDER/ml_pipeline_dag.py', '--cfg-path', '/tmp/tmpexojp87t']
[2026-06-16T15:00:50.981+0000] {standard_task_runner.py:91} INFO - Job 508: Subtask model_monitoring
[2026-06-16T15:00:51.020+0000] {task_command.py:426} INFO - Running <TaskInstance: CS611_ML_Pipeline.model_monitoring scheduled__2023-08-01T00:00:00+00:00 [running]> on host 4b9938287cf4
[2026-06-16T15:00:51.288+0000] {taskinstance.py:2648} INFO - Exporting env vars: AIRFLOW_CTX_DAG_OWNER='ahana' AIRFLOW_CTX_DAG_ID='CS611_ML_Pipeline' AIRFLOW_CTX_TASK_ID='model_monitoring' AIRFLOW_CTX_EXECUTION_DATE='2023-08-01T00:00:00+00:00' AIRFLOW_CTX_TRY_NUMBER='3' AIRFLOW_CTX_DAG_RUN_ID='scheduled__2023-08-01T00:00:00+00:00'
[2026-06-16T15:00:51.289+0000] {taskinstance.py:430} INFO - ::endgroup::
[2026-06-16T15:00:52.769+0000] {logging_mixin.py:188} INFO - [Monitor] Running monitoring for 2023-08-01
[2026-06-16T15:00:52.863+0000] {logging_mixin.py:188} INFO - [Monitor] PSI = 0.0374 -> Stable
[2026-06-16T15:00:53.237+0000] {logging_mixin.py:188} INFO - [Monitor] Saved monitoring record -> /opt/***/datamart/gold/monitoring/2023_08_01.parquet
[2026-06-16T15:00:53.239+0000] {logging_mixin.py:188} INFO - [Monitor] PSI=0.0374 | AUC=None
[2026-06-16T15:00:53.240+0000] {python.py:237} INFO - Done. Returned value was: None
[2026-06-16T15:00:53.241+0000] {taskinstance.py:441} INFO - ::group::Post task execution logs
[2026-06-16T15:00:53.251+0000] {taskinstance.py:1206} INFO - Marking task as SUCCESS. dag_id=CS611_ML_Pipeline, task_id=model_monitoring, run_id=scheduled__2023-08-01T00:00:00+00:00, execution_date=20230801T000000, start_date=20260616T150050, end_date=20260616T150053
[2026-06-16T15:00:53.299+0000] {local_task_job_runner.py:240} INFO - Task exited with return code 0
[2026-06-16T15:00:53.316+0000] {taskinstance.py:3498} INFO - 1 downstream tasks scheduled from follow-on schedule check
[2026-06-16T15:00:53.322+0000] {local_task_job_runner.py:222} INFO - ::endgroup::
