[2026-06-16T15:14:25.790+0000] {local_task_job_runner.py:120} INFO - ::group::Pre task execution logs
[2026-06-16T15:14:25.822+0000] {taskinstance.py:2076} INFO - Dependencies all met for dep_context=non-requeueable deps ti=<TaskInstance: CS611_ML_Pipeline.bronze_ingestion scheduled__2024-05-01T00:00:00+00:00 [queued]>
[2026-06-16T15:14:25.828+0000] {taskinstance.py:2076} INFO - Dependencies all met for dep_context=requeueable deps ti=<TaskInstance: CS611_ML_Pipeline.bronze_ingestion scheduled__2024-05-01T00:00:00+00:00 [queued]>
[2026-06-16T15:14:25.830+0000] {taskinstance.py:2306} INFO - Starting attempt 3 of 4
[2026-06-16T15:14:25.839+0000] {taskinstance.py:2330} INFO - Executing <Task(PythonOperator): bronze_ingestion> on 2024-05-01 00:00:00+00:00
[2026-06-16T15:14:25.844+0000] {standard_task_runner.py:63} INFO - Started process 32955 to run task
[2026-06-16T15:14:25.846+0000] {standard_task_runner.py:90} INFO - Running: ['***', 'tasks', 'run', 'CS611_ML_Pipeline', 'bronze_ingestion', 'scheduled__2024-05-01T00:00:00+00:00', '--job-id', '582', '--raw', '--subdir', 'DAGS_FOLDER/ml_pipeline_dag.py', '--cfg-path', '/tmp/tmpr91bhvh8']
[2026-06-16T15:14:25.849+0000] {standard_task_runner.py:91} INFO - Job 582: Subtask bronze_ingestion
[2026-06-16T15:14:25.999+0000] {task_command.py:426} INFO - Running <TaskInstance: CS611_ML_Pipeline.bronze_ingestion scheduled__2024-05-01T00:00:00+00:00 [running]> on host 4b9938287cf4
[2026-06-16T15:14:26.290+0000] {taskinstance.py:2648} INFO - Exporting env vars: AIRFLOW_CTX_DAG_OWNER='ahana' AIRFLOW_CTX_DAG_ID='CS611_ML_Pipeline' AIRFLOW_CTX_TASK_ID='bronze_ingestion' AIRFLOW_CTX_EXECUTION_DATE='2024-05-01T00:00:00+00:00' AIRFLOW_CTX_TRY_NUMBER='3' AIRFLOW_CTX_DAG_RUN_ID='scheduled__2024-05-01T00:00:00+00:00'
[2026-06-16T15:14:26.291+0000] {taskinstance.py:430} INFO - ::endgroup::
[2026-06-16T15:14:29.412+0000] {logging_mixin.py:188} INFO - [Bronze] Processing snapshot: 2024-05-01
[2026-06-16T15:14:35.405+0000] {logging_mixin.py:188} INFO - [Bronze] clickstream
[2026-06-16T15:14:36.819+0000] {logging_mixin.py:188} INFO - [Bronze] attributes
[2026-06-16T15:14:38.524+0000] {logging_mixin.py:188} INFO - [Bronze] financials
[2026-06-16T15:14:40.044+0000] {logging_mixin.py:188} INFO - [Bronze] lms
[2026-06-16T15:14:40.292+0000] {python.py:237} INFO - Done. Returned value was: None
[2026-06-16T15:14:40.294+0000] {taskinstance.py:441} INFO - ::group::Post task execution logs
[2026-06-16T15:14:40.306+0000] {taskinstance.py:1206} INFO - Marking task as SUCCESS. dag_id=CS611_ML_Pipeline, task_id=bronze_ingestion, run_id=scheduled__2024-05-01T00:00:00+00:00, execution_date=20240501T000000, start_date=20260616T151425, end_date=20260616T151440
[2026-06-16T15:14:40.381+0000] {local_task_job_runner.py:240} INFO - Task exited with return code 0
[2026-06-16T15:14:40.407+0000] {taskinstance.py:3498} INFO - 1 downstream tasks scheduled from follow-on schedule check
[2026-06-16T15:14:40.415+0000] {local_task_job_runner.py:222} INFO - ::endgroup::
