[2026-06-16T10:36:03.565+0000] {local_task_job_runner.py:120} INFO - ::group::Pre task execution logs
[2026-06-16T10:36:03.603+0000] {taskinstance.py:2076} INFO - Dependencies all met for dep_context=non-requeueable deps ti=<TaskInstance: CS611_ML_Pipeline.bronze_ingestion scheduled__2023-01-01T00:00:00+00:00 [queued]>
[2026-06-16T10:36:03.612+0000] {taskinstance.py:2076} INFO - Dependencies all met for dep_context=requeueable deps ti=<TaskInstance: CS611_ML_Pipeline.bronze_ingestion scheduled__2023-01-01T00:00:00+00:00 [queued]>
[2026-06-16T10:36:03.613+0000] {taskinstance.py:2306} INFO - Starting attempt 1 of 2
[2026-06-16T10:36:03.628+0000] {taskinstance.py:2330} INFO - Executing <Task(PythonOperator): bronze_ingestion> on 2023-01-01 00:00:00+00:00
[2026-06-16T10:36:03.634+0000] {standard_task_runner.py:63} INFO - Started process 185 to run task
[2026-06-16T10:36:03.637+0000] {standard_task_runner.py:90} INFO - Running: ['***', 'tasks', 'run', 'CS611_ML_Pipeline', 'bronze_ingestion', 'scheduled__2023-01-01T00:00:00+00:00', '--job-id', '2', '--raw', '--subdir', 'DAGS_FOLDER/ml_pipeline_dag.py', '--cfg-path', '/tmp/tmpss2gaqjb']
[2026-06-16T10:36:03.653+0000] {standard_task_runner.py:91} INFO - Job 2: Subtask bronze_ingestion
[2026-06-16T10:36:03.709+0000] {task_command.py:426} INFO - Running <TaskInstance: CS611_ML_Pipeline.bronze_ingestion scheduled__2023-01-01T00:00:00+00:00 [running]> on host 9cb3f452a997
[2026-06-16T10:36:03.978+0000] {taskinstance.py:2648} INFO - Exporting env vars: AIRFLOW_CTX_DAG_OWNER='ahana' AIRFLOW_CTX_DAG_ID='CS611_ML_Pipeline' AIRFLOW_CTX_TASK_ID='bronze_ingestion' AIRFLOW_CTX_EXECUTION_DATE='2023-01-01T00:00:00+00:00' AIRFLOW_CTX_TRY_NUMBER='1' AIRFLOW_CTX_DAG_RUN_ID='scheduled__2023-01-01T00:00:00+00:00'
[2026-06-16T10:36:03.979+0000] {taskinstance.py:430} INFO - ::endgroup::
[2026-06-16T10:36:08.481+0000] {logging_mixin.py:188} INFO - [Bronze] Processing snapshot: 2023-01-01
[2026-06-16T10:36:17.360+0000] {logging_mixin.py:188} INFO - [Bronze] clickstream
[2026-06-16T10:36:18.654+0000] {logging_mixin.py:188} INFO - [Bronze] attributes
[2026-06-16T10:36:20.043+0000] {logging_mixin.py:188} INFO - [Bronze] financials
[2026-06-16T10:36:21.279+0000] {logging_mixin.py:188} INFO - [Bronze] lms
[2026-06-16T10:36:21.798+0000] {python.py:237} INFO - Done. Returned value was: None
[2026-06-16T10:36:21.801+0000] {taskinstance.py:441} INFO - ::group::Post task execution logs
[2026-06-16T10:36:21.814+0000] {taskinstance.py:1206} INFO - Marking task as SUCCESS. dag_id=CS611_ML_Pipeline, task_id=bronze_ingestion, run_id=scheduled__2023-01-01T00:00:00+00:00, execution_date=20230101T000000, start_date=20260616T103603, end_date=20260616T103621
[2026-06-16T10:36:21.862+0000] {local_task_job_runner.py:240} INFO - Task exited with return code 0
[2026-06-16T10:36:21.877+0000] {taskinstance.py:3498} INFO - 1 downstream tasks scheduled from follow-on schedule check
[2026-06-16T10:36:21.881+0000] {local_task_job_runner.py:222} INFO - ::endgroup::
