[2026-06-16T12:54:07.811+0000] {local_task_job_runner.py:120} INFO - ::group::Pre task execution logs
[2026-06-16T12:54:07.857+0000] {taskinstance.py:2076} INFO - Dependencies all met for dep_context=non-requeueable deps ti=<TaskInstance: CS611_ML_Pipeline.model_prediction scheduled__2024-01-01T00:00:00+00:00 [queued]>
[2026-06-16T12:54:07.869+0000] {taskinstance.py:2076} INFO - Dependencies all met for dep_context=requeueable deps ti=<TaskInstance: CS611_ML_Pipeline.model_prediction scheduled__2024-01-01T00:00:00+00:00 [queued]>
[2026-06-16T12:54:07.871+0000] {taskinstance.py:2306} INFO - Starting attempt 2 of 3
[2026-06-16T12:54:07.890+0000] {taskinstance.py:2330} INFO - Executing <Task(PythonOperator): model_prediction> on 2024-01-01 00:00:00+00:00
[2026-06-16T12:54:07.895+0000] {standard_task_runner.py:63} INFO - Started process 29624 to run task
[2026-06-16T12:54:07.899+0000] {standard_task_runner.py:90} INFO - Running: ['***', 'tasks', 'run', 'CS611_ML_Pipeline', 'model_prediction', 'scheduled__2024-01-01T00:00:00+00:00', '--job-id', '335', '--raw', '--subdir', 'DAGS_FOLDER/ml_pipeline_dag.py', '--cfg-path', '/tmp/tmp9o0xzvvb']
[2026-06-16T12:54:07.902+0000] {standard_task_runner.py:91} INFO - Job 335: Subtask model_prediction
[2026-06-16T12:54:07.971+0000] {task_command.py:426} INFO - Running <TaskInstance: CS611_ML_Pipeline.model_prediction scheduled__2024-01-01T00:00:00+00:00 [running]> on host 0e5a6fd60e5a
[2026-06-16T12:54:08.277+0000] {taskinstance.py:2648} INFO - Exporting env vars: AIRFLOW_CTX_DAG_OWNER='ahana' AIRFLOW_CTX_DAG_ID='CS611_ML_Pipeline' AIRFLOW_CTX_TASK_ID='model_prediction' AIRFLOW_CTX_EXECUTION_DATE='2024-01-01T00:00:00+00:00' AIRFLOW_CTX_TRY_NUMBER='2' AIRFLOW_CTX_DAG_RUN_ID='scheduled__2024-01-01T00:00:00+00:00'
[2026-06-16T12:54:08.278+0000] {taskinstance.py:430} INFO - ::endgroup::
[2026-06-16T12:54:09.743+0000] {logging_mixin.py:188} INFO - [Model] Loaded: gradient_boosting trained on 2024-07-01
[2026-06-16T12:54:09.744+0000] {logging_mixin.py:188} INFO - [Predict] Running inference for 2024-01-01
[2026-06-16T12:54:09.919+0000] {logging_mixin.py:188} INFO - [Predict] Saved 485 predictions -> /opt/***/datamart/gold/predictions/2024_01_01.parquet
[2026-06-16T12:54:09.920+0000] {logging_mixin.py:188} INFO - [Predict] Default rate predicted: 20.0%
[2026-06-16T12:54:09.921+0000] {logging_mixin.py:188} INFO - [Predict] 485 predictions saved
[2026-06-16T12:54:09.922+0000] {python.py:237} INFO - Done. Returned value was: None
[2026-06-16T12:54:09.923+0000] {taskinstance.py:441} INFO - ::group::Post task execution logs
[2026-06-16T12:54:09.934+0000] {taskinstance.py:1206} INFO - Marking task as SUCCESS. dag_id=CS611_ML_Pipeline, task_id=model_prediction, run_id=scheduled__2024-01-01T00:00:00+00:00, execution_date=20240101T000000, start_date=20260616T125407, end_date=20260616T125409
[2026-06-16T12:54:09.969+0000] {local_task_job_runner.py:240} INFO - Task exited with return code 0
[2026-06-16T12:54:09.994+0000] {taskinstance.py:3498} INFO - 1 downstream tasks scheduled from follow-on schedule check
[2026-06-16T12:54:09.999+0000] {local_task_job_runner.py:222} INFO - ::endgroup::
