[2026-06-16T11:13:09.318+0000] {local_task_job_runner.py:120} INFO - ::group::Pre task execution logs
[2026-06-16T11:13:09.340+0000] {taskinstance.py:2076} INFO - Dependencies all met for dep_context=non-requeueable deps ti=<TaskInstance: CS611_ML_Pipeline.model_monitoring scheduled__2024-11-01T00:00:00+00:00 [queued]>
[2026-06-16T11:13:09.346+0000] {taskinstance.py:2076} INFO - Dependencies all met for dep_context=requeueable deps ti=<TaskInstance: CS611_ML_Pipeline.model_monitoring scheduled__2024-11-01T00:00:00+00:00 [queued]>
[2026-06-16T11:13:09.348+0000] {taskinstance.py:2306} INFO - Starting attempt 1 of 2
[2026-06-16T11:13:09.383+0000] {taskinstance.py:2330} INFO - Executing <Task(PythonOperator): model_monitoring> on 2024-11-01 00:00:00+00:00
[2026-06-16T11:13:09.387+0000] {standard_task_runner.py:63} INFO - Started process 49785 to run task
[2026-06-16T11:13:09.390+0000] {standard_task_runner.py:90} INFO - Running: ['***', 'tasks', 'run', 'CS611_ML_Pipeline', 'model_monitoring', 'scheduled__2024-11-01T00:00:00+00:00', '--job-id', '207', '--raw', '--subdir', 'DAGS_FOLDER/ml_pipeline_dag.py', '--cfg-path', '/tmp/tmphll1x0jr']
[2026-06-16T11:13:09.391+0000] {standard_task_runner.py:91} INFO - Job 207: Subtask model_monitoring
[2026-06-16T11:13:09.425+0000] {task_command.py:426} INFO - Running <TaskInstance: CS611_ML_Pipeline.model_monitoring scheduled__2024-11-01T00:00:00+00:00 [running]> on host 9cb3f452a997
[2026-06-16T11:13:09.678+0000] {taskinstance.py:2648} INFO - Exporting env vars: AIRFLOW_CTX_DAG_OWNER='ahana' AIRFLOW_CTX_DAG_ID='CS611_ML_Pipeline' AIRFLOW_CTX_TASK_ID='model_monitoring' AIRFLOW_CTX_EXECUTION_DATE='2024-11-01T00:00:00+00:00' AIRFLOW_CTX_TRY_NUMBER='1' AIRFLOW_CTX_DAG_RUN_ID='scheduled__2024-11-01T00:00:00+00:00'
[2026-06-16T11:13:09.679+0000] {taskinstance.py:430} INFO - ::endgroup::
[2026-06-16T11:13:11.084+0000] {logging_mixin.py:188} INFO - [Monitor] Running monitoring for 2024-11-01
[2026-06-16T11:13:11.139+0000] {logging_mixin.py:188} INFO - [Monitor] PSI = 0.0302 -> Stable
[2026-06-16T11:13:12.021+0000] {logging_mixin.py:188} INFO - [Monitor] Saved monitoring record -> /opt/***/datamart/gold/monitoring/2024_11_01.parquet
[2026-06-16T11:13:12.022+0000] {logging_mixin.py:188} INFO - [Monitor] PSI=0.0302 | AUC=None
[2026-06-16T11:13:12.023+0000] {python.py:237} INFO - Done. Returned value was: None
[2026-06-16T11:13:12.023+0000] {taskinstance.py:441} INFO - ::group::Post task execution logs
[2026-06-16T11:13:12.032+0000] {taskinstance.py:1206} INFO - Marking task as SUCCESS. dag_id=CS611_ML_Pipeline, task_id=model_monitoring, run_id=scheduled__2024-11-01T00:00:00+00:00, execution_date=20241101T000000, start_date=20260616T111309, end_date=20260616T111312
[2026-06-16T11:13:12.093+0000] {local_task_job_runner.py:240} INFO - Task exited with return code 0
[2026-06-16T11:13:12.105+0000] {local_task_job_runner.py:222} INFO - ::endgroup::
