[2026-06-16T12:41:52.646+0000] {local_task_job_runner.py:120} INFO - ::group::Pre task execution logs
[2026-06-16T12:41:52.674+0000] {taskinstance.py:2076} INFO - Dependencies all met for dep_context=non-requeueable deps ti=<TaskInstance: CS611_ML_Pipeline.model_prediction scheduled__2023-08-01T00:00:00+00:00 [queued]>
[2026-06-16T12:41:52.682+0000] {taskinstance.py:2076} INFO - Dependencies all met for dep_context=requeueable deps ti=<TaskInstance: CS611_ML_Pipeline.model_prediction scheduled__2023-08-01T00:00:00+00:00 [queued]>
[2026-06-16T12:41:52.685+0000] {taskinstance.py:2306} INFO - Starting attempt 2 of 3
[2026-06-16T12:41:52.696+0000] {taskinstance.py:2330} INFO - Executing <Task(PythonOperator): model_prediction> on 2023-08-01 00:00:00+00:00
[2026-06-16T12:41:52.701+0000] {standard_task_runner.py:63} INFO - Started process 17358 to run task
[2026-06-16T12:41:52.704+0000] {standard_task_runner.py:90} INFO - Running: ['***', 'tasks', 'run', 'CS611_ML_Pipeline', 'model_prediction', 'scheduled__2023-08-01T00:00:00+00:00', '--job-id', '290', '--raw', '--subdir', 'DAGS_FOLDER/ml_pipeline_dag.py', '--cfg-path', '/tmp/tmpguh2njw5']
[2026-06-16T12:41:52.706+0000] {standard_task_runner.py:91} INFO - Job 290: Subtask model_prediction
[2026-06-16T12:41:52.749+0000] {task_command.py:426} INFO - Running <TaskInstance: CS611_ML_Pipeline.model_prediction scheduled__2023-08-01T00:00:00+00:00 [running]> on host 0e5a6fd60e5a
[2026-06-16T12:41:53.010+0000] {taskinstance.py:2648} INFO - Exporting env vars: AIRFLOW_CTX_DAG_OWNER='ahana' AIRFLOW_CTX_DAG_ID='CS611_ML_Pipeline' AIRFLOW_CTX_TASK_ID='model_prediction' AIRFLOW_CTX_EXECUTION_DATE='2023-08-01T00:00:00+00:00' AIRFLOW_CTX_TRY_NUMBER='2' AIRFLOW_CTX_DAG_RUN_ID='scheduled__2023-08-01T00:00:00+00:00'
[2026-06-16T12:41:53.011+0000] {taskinstance.py:430} INFO - ::endgroup::
[2026-06-16T12:41:54.250+0000] {logging_mixin.py:188} INFO - [Model] Loaded: gradient_boosting trained on 2024-07-01
[2026-06-16T12:41:54.251+0000] {logging_mixin.py:188} INFO - [Predict] Running inference for 2023-08-01
[2026-06-16T12:41:54.373+0000] {logging_mixin.py:188} INFO - [Predict] Saved 481 predictions -> /opt/***/datamart/gold/predictions/2023_08_01.parquet
[2026-06-16T12:41:54.374+0000] {logging_mixin.py:188} INFO - [Predict] Default rate predicted: 22.9%
[2026-06-16T12:41:54.374+0000] {logging_mixin.py:188} INFO - [Predict] 481 predictions saved
[2026-06-16T12:41:54.375+0000] {python.py:237} INFO - Done. Returned value was: None
[2026-06-16T12:41:54.375+0000] {taskinstance.py:441} INFO - ::group::Post task execution logs
[2026-06-16T12:41:54.385+0000] {taskinstance.py:1206} INFO - Marking task as SUCCESS. dag_id=CS611_ML_Pipeline, task_id=model_prediction, run_id=scheduled__2023-08-01T00:00:00+00:00, execution_date=20230801T000000, start_date=20260616T124152, end_date=20260616T124154
[2026-06-16T12:41:54.416+0000] {local_task_job_runner.py:240} INFO - Task exited with return code 0
[2026-06-16T12:41:54.440+0000] {taskinstance.py:3498} INFO - 1 downstream tasks scheduled from follow-on schedule check
[2026-06-16T12:41:54.444+0000] {local_task_job_runner.py:222} INFO - ::endgroup::
