[2026-06-16T10:46:54.091+0000] {local_task_job_runner.py:120} INFO - ::group::Pre task execution logs
[2026-06-16T10:46:54.116+0000] {taskinstance.py:2076} INFO - Dependencies all met for dep_context=non-requeueable deps ti=<TaskInstance: CS611_ML_Pipeline.model_prediction scheduled__2023-08-01T00:00:00+00:00 [queued]>
[2026-06-16T10:46:54.123+0000] {taskinstance.py:2076} INFO - Dependencies all met for dep_context=requeueable deps ti=<TaskInstance: CS611_ML_Pipeline.model_prediction scheduled__2023-08-01T00:00:00+00:00 [queued]>
[2026-06-16T10:46:54.125+0000] {taskinstance.py:2306} INFO - Starting attempt 1 of 2
[2026-06-16T10:46:54.135+0000] {taskinstance.py:2330} INFO - Executing <Task(PythonOperator): model_prediction> on 2023-08-01 00:00:00+00:00
[2026-06-16T10:46:54.139+0000] {standard_task_runner.py:63} INFO - Started process 14224 to run task
[2026-06-16T10:46:54.141+0000] {standard_task_runner.py:90} INFO - Running: ['***', 'tasks', 'run', 'CS611_ML_Pipeline', 'model_prediction', 'scheduled__2023-08-01T00:00:00+00:00', '--job-id', '71', '--raw', '--subdir', 'DAGS_FOLDER/ml_pipeline_dag.py', '--cfg-path', '/tmp/tmp0vnudh9a']
[2026-06-16T10:46:54.143+0000] {standard_task_runner.py:91} INFO - Job 71: Subtask model_prediction
[2026-06-16T10:46:54.182+0000] {task_command.py:426} INFO - Running <TaskInstance: CS611_ML_Pipeline.model_prediction scheduled__2023-08-01T00:00:00+00:00 [running]> on host 9cb3f452a997
[2026-06-16T10:46:54.388+0000] {taskinstance.py:2648} INFO - Exporting env vars: AIRFLOW_CTX_DAG_OWNER='ahana' AIRFLOW_CTX_DAG_ID='CS611_ML_Pipeline' AIRFLOW_CTX_TASK_ID='model_prediction' AIRFLOW_CTX_EXECUTION_DATE='2023-08-01T00:00:00+00:00' AIRFLOW_CTX_TRY_NUMBER='1' AIRFLOW_CTX_DAG_RUN_ID='scheduled__2023-08-01T00:00:00+00:00'
[2026-06-16T10:46:54.389+0000] {taskinstance.py:430} INFO - ::endgroup::
[2026-06-16T10:46:55.536+0000] {logging_mixin.py:188} INFO - [Model] Loaded: logistic_regression trained on 2023-07-01
[2026-06-16T10:46:55.537+0000] {logging_mixin.py:188} INFO - [Predict] Running inference for 2023-08-01
[2026-06-16T10:46:55.707+0000] {logging_mixin.py:188} INFO - [Predict] Saved 481 predictions -> /opt/***/datamart/gold/predictions/2023_08_01.parquet
[2026-06-16T10:46:55.708+0000] {logging_mixin.py:188} INFO - [Predict] Default rate predicted: 17.5%
[2026-06-16T10:46:55.709+0000] {logging_mixin.py:188} INFO - [Predict] 481 predictions saved
[2026-06-16T10:46:55.710+0000] {python.py:237} INFO - Done. Returned value was: None
[2026-06-16T10:46:55.710+0000] {taskinstance.py:441} INFO - ::group::Post task execution logs
[2026-06-16T10:46:55.732+0000] {taskinstance.py:1206} INFO - Marking task as SUCCESS. dag_id=CS611_ML_Pipeline, task_id=model_prediction, run_id=scheduled__2023-08-01T00:00:00+00:00, execution_date=20230801T000000, start_date=20260616T104654, end_date=20260616T104655
[2026-06-16T10:46:55.786+0000] {local_task_job_runner.py:240} INFO - Task exited with return code 0
[2026-06-16T10:46:55.815+0000] {taskinstance.py:3498} INFO - 1 downstream tasks scheduled from follow-on schedule check
[2026-06-16T10:46:55.824+0000] {local_task_job_runner.py:222} INFO - ::endgroup::
