[2026-06-16T15:17:23.251+0000] {local_task_job_runner.py:120} INFO - ::group::Pre task execution logs
[2026-06-16T15:17:23.275+0000] {taskinstance.py:2076} INFO - Dependencies all met for dep_context=non-requeueable deps ti=<TaskInstance: CS611_ML_Pipeline.model_prediction scheduled__2024-06-01T00:00:00+00:00 [queued]>
[2026-06-16T15:17:23.281+0000] {taskinstance.py:2076} INFO - Dependencies all met for dep_context=requeueable deps ti=<TaskInstance: CS611_ML_Pipeline.model_prediction scheduled__2024-06-01T00:00:00+00:00 [queued]>
[2026-06-16T15:17:23.284+0000] {taskinstance.py:2306} INFO - Starting attempt 3 of 4
[2026-06-16T15:17:23.293+0000] {taskinstance.py:2330} INFO - Executing <Task(PythonOperator): model_prediction> on 2024-06-01 00:00:00+00:00
[2026-06-16T15:17:23.296+0000] {standard_task_runner.py:63} INFO - Started process 37820 to run task
[2026-06-16T15:17:23.298+0000] {standard_task_runner.py:90} INFO - Running: ['***', 'tasks', 'run', 'CS611_ML_Pipeline', 'model_prediction', 'scheduled__2024-06-01T00:00:00+00:00', '--job-id', '597', '--raw', '--subdir', 'DAGS_FOLDER/ml_pipeline_dag.py', '--cfg-path', '/tmp/tmpzbrg_dcz']
[2026-06-16T15:17:23.300+0000] {standard_task_runner.py:91} INFO - Job 597: Subtask model_prediction
[2026-06-16T15:17:23.337+0000] {task_command.py:426} INFO - Running <TaskInstance: CS611_ML_Pipeline.model_prediction scheduled__2024-06-01T00:00:00+00:00 [running]> on host 4b9938287cf4
[2026-06-16T15:17:23.587+0000] {taskinstance.py:2648} INFO - Exporting env vars: AIRFLOW_CTX_DAG_OWNER='ahana' AIRFLOW_CTX_DAG_ID='CS611_ML_Pipeline' AIRFLOW_CTX_TASK_ID='model_prediction' AIRFLOW_CTX_EXECUTION_DATE='2024-06-01T00:00:00+00:00' AIRFLOW_CTX_TRY_NUMBER='3' AIRFLOW_CTX_DAG_RUN_ID='scheduled__2024-06-01T00:00:00+00:00'
[2026-06-16T15:17:23.588+0000] {taskinstance.py:430} INFO - ::endgroup::
[2026-06-16T15:17:24.792+0000] {logging_mixin.py:188} INFO - [Model] Loaded: gradient_boosting trained on 2024-01-01
[2026-06-16T15:17:24.793+0000] {logging_mixin.py:188} INFO - [Predict] Running inference for 2024-06-01
[2026-06-16T15:17:24.931+0000] {logging_mixin.py:188} INFO - [Predict] Saved 498 predictions -> /opt/***/datamart/gold/predictions/2024_06_01.parquet
[2026-06-16T15:17:24.932+0000] {logging_mixin.py:188} INFO - [Predict] Default rate predicted: 21.1%
[2026-06-16T15:17:24.933+0000] {logging_mixin.py:188} INFO - [Predict] 498 predictions saved
[2026-06-16T15:17:24.934+0000] {python.py:237} INFO - Done. Returned value was: None
[2026-06-16T15:17:24.935+0000] {taskinstance.py:441} INFO - ::group::Post task execution logs
[2026-06-16T15:17:24.945+0000] {taskinstance.py:1206} INFO - Marking task as SUCCESS. dag_id=CS611_ML_Pipeline, task_id=model_prediction, run_id=scheduled__2024-06-01T00:00:00+00:00, execution_date=20240601T000000, start_date=20260616T151723, end_date=20260616T151724
[2026-06-16T15:17:25.056+0000] {local_task_job_runner.py:240} INFO - Task exited with return code 0
[2026-06-16T15:17:25.080+0000] {taskinstance.py:3498} INFO - 1 downstream tasks scheduled from follow-on schedule check
[2026-06-16T15:17:25.117+0000] {local_task_job_runner.py:222} INFO - ::endgroup::
