[2026-06-16T10:49:55.876+0000] {local_task_job_runner.py:120} INFO - ::group::Pre task execution logs
[2026-06-16T10:49:55.901+0000] {taskinstance.py:2076} INFO - Dependencies all met for dep_context=non-requeueable deps ti=<TaskInstance: CS611_ML_Pipeline.visualise_monitoring scheduled__2023-10-01T00:00:00+00:00 [queued]>
[2026-06-16T10:49:55.908+0000] {taskinstance.py:2076} INFO - Dependencies all met for dep_context=requeueable deps ti=<TaskInstance: CS611_ML_Pipeline.visualise_monitoring scheduled__2023-10-01T00:00:00+00:00 [queued]>
[2026-06-16T10:49:55.911+0000] {taskinstance.py:2306} INFO - Starting attempt 1 of 2
[2026-06-16T10:49:55.920+0000] {taskinstance.py:2330} INFO - Executing <Task(PythonOperator): visualise_monitoring> on 2023-10-01 00:00:00+00:00
[2026-06-16T10:49:55.924+0000] {standard_task_runner.py:63} INFO - Started process 18673 to run task
[2026-06-16T10:49:55.927+0000] {standard_task_runner.py:90} INFO - Running: ['***', 'tasks', 'run', 'CS611_ML_Pipeline', 'visualise_monitoring', 'scheduled__2023-10-01T00:00:00+00:00', '--job-id', '91', '--raw', '--subdir', 'DAGS_FOLDER/ml_pipeline_dag.py', '--cfg-path', '/tmp/tmppgmnfw2a']
[2026-06-16T10:49:55.929+0000] {standard_task_runner.py:91} INFO - Job 91: Subtask visualise_monitoring
[2026-06-16T10:49:55.968+0000] {task_command.py:426} INFO - Running <TaskInstance: CS611_ML_Pipeline.visualise_monitoring scheduled__2023-10-01T00:00:00+00:00 [running]> on host 9cb3f452a997
[2026-06-16T10:49:56.171+0000] {taskinstance.py:2648} INFO - Exporting env vars: AIRFLOW_CTX_DAG_OWNER='ahana' AIRFLOW_CTX_DAG_ID='CS611_ML_Pipeline' AIRFLOW_CTX_TASK_ID='visualise_monitoring' AIRFLOW_CTX_EXECUTION_DATE='2023-10-01T00:00:00+00:00' AIRFLOW_CTX_TRY_NUMBER='1' AIRFLOW_CTX_DAG_RUN_ID='scheduled__2023-10-01T00:00:00+00:00'
[2026-06-16T10:49:56.172+0000] {taskinstance.py:430} INFO - ::endgroup::
[2026-06-16T10:49:57.573+0000] {logging_mixin.py:188} WARNING - /opt/***/utils/monitor.py:218 FutureWarning: The behavior of DataFrame concatenation with empty or all-NA entries is deprecated. In a future version, this will no longer exclude empty or all-NA columns when determining the result dtypes. To retain the old behavior, exclude the relevant entries before the concat operation.
[2026-06-16T10:49:58.420+0000] {logging_mixin.py:188} INFO - [Visualise] Dashboard saved as /opt/***/reports/monitoring_dashboard.png
[2026-06-16T10:49:58.421+0000] {logging_mixin.py:188} INFO - [Visualise] Dashboard saved to /opt/***/reports/monitoring_dashboard.png
[2026-06-16T10:49:58.422+0000] {python.py:237} INFO - Done. Returned value was: None
[2026-06-16T10:49:58.423+0000] {taskinstance.py:441} INFO - ::group::Post task execution logs
[2026-06-16T10:49:58.432+0000] {taskinstance.py:1206} INFO - Marking task as SUCCESS. dag_id=CS611_ML_Pipeline, task_id=visualise_monitoring, run_id=scheduled__2023-10-01T00:00:00+00:00, execution_date=20231001T000000, start_date=20260616T104955, end_date=20260616T104958
[2026-06-16T10:49:58.472+0000] {local_task_job_runner.py:240} INFO - Task exited with return code 0
[2026-06-16T10:49:58.486+0000] {taskinstance.py:3498} INFO - 0 downstream tasks scheduled from follow-on schedule check
[2026-06-16T10:49:58.489+0000] {local_task_job_runner.py:222} INFO - ::endgroup::
