[2026-06-16T13:24:35.974+0000] {local_task_job_runner.py:120} INFO - ::group::Pre task execution logs
[2026-06-16T13:24:36.025+0000] {taskinstance.py:2076} INFO - Dependencies all met for dep_context=non-requeueable deps ti=<TaskInstance: CS611_ML_Pipeline.visualise_monitoring scheduled__2024-10-01T00:00:00+00:00 [queued]>
[2026-06-16T13:24:36.039+0000] {taskinstance.py:2076} INFO - Dependencies all met for dep_context=requeueable deps ti=<TaskInstance: CS611_ML_Pipeline.visualise_monitoring scheduled__2024-10-01T00:00:00+00:00 [queued]>
[2026-06-16T13:24:36.040+0000] {taskinstance.py:2306} INFO - Starting attempt 2 of 3
[2026-06-16T13:24:36.073+0000] {taskinstance.py:2330} INFO - Executing <Task(PythonOperator): visualise_monitoring> on 2024-10-01 00:00:00+00:00
[2026-06-16T13:24:36.080+0000] {standard_task_runner.py:63} INFO - Started process 52625 to run task
[2026-06-16T13:24:36.085+0000] {standard_task_runner.py:90} INFO - Running: ['***', 'tasks', 'run', 'CS611_ML_Pipeline', 'visualise_monitoring', 'scheduled__2024-10-01T00:00:00+00:00', '--job-id', '418', '--raw', '--subdir', 'DAGS_FOLDER/ml_pipeline_dag.py', '--cfg-path', '/tmp/tmp1dx7yj9v']
[2026-06-16T13:24:36.089+0000] {standard_task_runner.py:91} INFO - Job 418: Subtask visualise_monitoring
[2026-06-16T13:24:36.166+0000] {task_command.py:426} INFO - Running <TaskInstance: CS611_ML_Pipeline.visualise_monitoring scheduled__2024-10-01T00:00:00+00:00 [running]> on host 0e5a6fd60e5a
[2026-06-16T13:24:36.557+0000] {taskinstance.py:2648} INFO - Exporting env vars: AIRFLOW_CTX_DAG_OWNER='ahana' AIRFLOW_CTX_DAG_ID='CS611_ML_Pipeline' AIRFLOW_CTX_TASK_ID='visualise_monitoring' AIRFLOW_CTX_EXECUTION_DATE='2024-10-01T00:00:00+00:00' AIRFLOW_CTX_TRY_NUMBER='2' AIRFLOW_CTX_DAG_RUN_ID='scheduled__2024-10-01T00:00:00+00:00'
[2026-06-16T13:24:36.560+0000] {taskinstance.py:430} INFO - ::endgroup::
[2026-06-16T13:24:39.301+0000] {logging_mixin.py:188} WARNING - /opt/***/utils/monitor.py:228 FutureWarning: The behavior of DataFrame concatenation with empty or all-NA entries is deprecated. In a future version, this will no longer exclude empty or all-NA columns when determining the result dtypes. To retain the old behavior, exclude the relevant entries before the concat operation.
[2026-06-16T13:24:40.483+0000] {logging_mixin.py:188} INFO - [Visualise] Dashboard saved as /opt/***/reports/monitoring_dashboard.png
[2026-06-16T13:24:40.485+0000] {logging_mixin.py:188} INFO - [Visualise] Dashboard saved to /opt/***/reports/monitoring_dashboard.png
[2026-06-16T13:24:40.486+0000] {python.py:237} INFO - Done. Returned value was: None
[2026-06-16T13:24:40.487+0000] {taskinstance.py:441} INFO - ::group::Post task execution logs
[2026-06-16T13:24:40.497+0000] {taskinstance.py:1206} INFO - Marking task as SUCCESS. dag_id=CS611_ML_Pipeline, task_id=visualise_monitoring, run_id=scheduled__2024-10-01T00:00:00+00:00, execution_date=20241001T000000, start_date=20260616T132436, end_date=20260616T132440
[2026-06-16T13:24:40.537+0000] {local_task_job_runner.py:240} INFO - Task exited with return code 0
[2026-06-16T13:24:40.556+0000] {taskinstance.py:3498} INFO - 0 downstream tasks scheduled from follow-on schedule check
[2026-06-16T13:24:40.560+0000] {local_task_job_runner.py:222} INFO - ::endgroup::
