[2026-06-16T15:24:25.096+0000] {local_task_job_runner.py:120} INFO - ::group::Pre task execution logs
[2026-06-16T15:24:25.119+0000] {taskinstance.py:2076} INFO - Dependencies all met for dep_context=non-requeueable deps ti=<TaskInstance: CS611_ML_Pipeline.visualise_monitoring scheduled__2024-10-01T00:00:00+00:00 [queued]>
[2026-06-16T15:24:25.126+0000] {taskinstance.py:2076} INFO - Dependencies all met for dep_context=requeueable deps ti=<TaskInstance: CS611_ML_Pipeline.visualise_monitoring scheduled__2024-10-01T00:00:00+00:00 [queued]>
[2026-06-16T15:24:25.129+0000] {taskinstance.py:2306} INFO - Starting attempt 3 of 4
[2026-06-16T15:24:25.141+0000] {taskinstance.py:2330} INFO - Executing <Task(PythonOperator): visualise_monitoring> on 2024-10-01 00:00:00+00:00
[2026-06-16T15:24:25.146+0000] {standard_task_runner.py:63} INFO - Started process 48172 to run task
[2026-06-16T15:24:25.148+0000] {standard_task_runner.py:90} INFO - Running: ['***', 'tasks', 'run', 'CS611_ML_Pipeline', 'visualise_monitoring', 'scheduled__2024-10-01T00:00:00+00:00', '--job-id', '635', '--raw', '--subdir', 'DAGS_FOLDER/ml_pipeline_dag.py', '--cfg-path', '/tmp/tmpr135vmtl']
[2026-06-16T15:24:25.150+0000] {standard_task_runner.py:91} INFO - Job 635: Subtask visualise_monitoring
[2026-06-16T15:24:25.189+0000] {task_command.py:426} INFO - Running <TaskInstance: CS611_ML_Pipeline.visualise_monitoring scheduled__2024-10-01T00:00:00+00:00 [running]> on host 4b9938287cf4
[2026-06-16T15:24:25.429+0000] {taskinstance.py:2648} INFO - Exporting env vars: AIRFLOW_CTX_DAG_OWNER='ahana' AIRFLOW_CTX_DAG_ID='CS611_ML_Pipeline' AIRFLOW_CTX_TASK_ID='visualise_monitoring' AIRFLOW_CTX_EXECUTION_DATE='2024-10-01T00:00:00+00:00' AIRFLOW_CTX_TRY_NUMBER='3' AIRFLOW_CTX_DAG_RUN_ID='scheduled__2024-10-01T00:00:00+00:00'
[2026-06-16T15:24:25.430+0000] {taskinstance.py:430} INFO - ::endgroup::
[2026-06-16T15:24:26.956+0000] {logging_mixin.py:188} INFO - [Visualise] Backfilling AUC for 2024-04-01
[2026-06-16T15:24:26.957+0000] {logging_mixin.py:188} INFO - [Monitor] Running monitoring for 2024-04-01
[2026-06-16T15:24:27.028+0000] {logging_mixin.py:188} INFO - [Monitor] PSI = 0.0588 -> Stable
[2026-06-16T15:24:29.077+0000] {logging_mixin.py:188} INFO - [Monitor] AUC=0.8703 | Acc=0.8148
[2026-06-16T15:24:29.146+0000] {logging_mixin.py:188} INFO - [Monitor] Saved monitoring record -> /opt/***/datamart/gold/monitoring/2024_04_01.parquet
[2026-06-16T15:24:29.165+0000] {logging_mixin.py:188} INFO - [Visualise] Backfilling AUC for 2024-05-01
[2026-06-16T15:24:29.165+0000] {logging_mixin.py:188} INFO - [Monitor] Running monitoring for 2024-05-01
[2026-06-16T15:24:29.232+0000] {logging_mixin.py:188} INFO - [Monitor] PSI = 0.0745 -> Stable
[2026-06-16T15:24:30.068+0000] {logging_mixin.py:188} INFO - [Monitor] Saved monitoring record -> /opt/***/datamart/gold/monitoring/2024_05_01.parquet
[2026-06-16T15:24:30.080+0000] {logging_mixin.py:188} INFO - [Visualise] Backfilling AUC for 2024-06-01
[2026-06-16T15:24:30.081+0000] {logging_mixin.py:188} INFO - [Monitor] Running monitoring for 2024-06-01
[2026-06-16T15:24:30.104+0000] {logging_mixin.py:188} INFO - [Monitor] PSI = 0.0311 -> Stable
[2026-06-16T15:24:30.851+0000] {logging_mixin.py:188} INFO - [Monitor] Saved monitoring record -> /opt/***/datamart/gold/monitoring/2024_06_01.parquet
[2026-06-16T15:24:30.861+0000] {logging_mixin.py:188} INFO - [Visualise] Backfilling AUC for 2024-07-01
[2026-06-16T15:24:30.862+0000] {logging_mixin.py:188} INFO - [Monitor] Running monitoring for 2024-07-01
[2026-06-16T15:24:30.909+0000] {logging_mixin.py:188} INFO - [Monitor] PSI = 0.4984 -> Major Shift - Retrain Model
[2026-06-16T15:24:31.781+0000] {logging_mixin.py:188} INFO - [Monitor] Saved monitoring record -> /opt/***/datamart/gold/monitoring/2024_07_01.parquet
[2026-06-16T15:24:31.797+0000] {logging_mixin.py:188} INFO - [Visualise] Backfilling AUC for 2024-08-01
[2026-06-16T15:24:31.798+0000] {logging_mixin.py:188} INFO - [Monitor] Running monitoring for 2024-08-01
[2026-06-16T15:24:31.832+0000] {logging_mixin.py:188} INFO - [Monitor] PSI = 0.0542 -> Stable
[2026-06-16T15:24:32.407+0000] {logging_mixin.py:188} INFO - [Monitor] Saved monitoring record -> /opt/***/datamart/gold/monitoring/2024_08_01.parquet
[2026-06-16T15:24:32.414+0000] {logging_mixin.py:188} INFO - [Visualise] Backfilling AUC for 2024-09-01
[2026-06-16T15:24:32.414+0000] {logging_mixin.py:188} INFO - [Monitor] Running monitoring for 2024-09-01
[2026-06-16T15:24:32.439+0000] {logging_mixin.py:188} INFO - [Monitor] PSI = 0.0394 -> Stable
[2026-06-16T15:24:33.018+0000] {logging_mixin.py:188} INFO - [Monitor] Saved monitoring record -> /opt/***/datamart/gold/monitoring/2024_09_01.parquet
[2026-06-16T15:24:33.042+0000] {logging_mixin.py:188} INFO - [Visualise] Backfilling AUC for 2024-10-01
[2026-06-16T15:24:33.043+0000] {logging_mixin.py:188} INFO - [Monitor] Running monitoring for 2024-10-01
[2026-06-16T15:24:33.080+0000] {logging_mixin.py:188} INFO - [Monitor] PSI = 0.0581 -> Stable
[2026-06-16T15:24:33.648+0000] {logging_mixin.py:188} INFO - [Monitor] Saved monitoring record -> /opt/***/datamart/gold/monitoring/2024_10_01.parquet
[2026-06-16T15:24:33.784+0000] {logging_mixin.py:188} WARNING - /opt/***/utils/monitor.py:232 FutureWarning: The behavior of DataFrame concatenation with empty or all-NA entries is deprecated. In a future version, this will no longer exclude empty or all-NA columns when determining the result dtypes. To retain the old behavior, exclude the relevant entries before the concat operation.
[2026-06-16T15:24:34.919+0000] {logging_mixin.py:188} INFO - [Visualise] Dashboard saved as /opt/***/reports/monitoring_dashboard.png
[2026-06-16T15:24:34.921+0000] {logging_mixin.py:188} INFO - [Visualise] Dashboard saved to /opt/***/reports/monitoring_dashboard.png
[2026-06-16T15:24:34.921+0000] {python.py:237} INFO - Done. Returned value was: None
[2026-06-16T15:24:34.922+0000] {taskinstance.py:441} INFO - ::group::Post task execution logs
[2026-06-16T15:24:34.929+0000] {taskinstance.py:1206} INFO - Marking task as SUCCESS. dag_id=CS611_ML_Pipeline, task_id=visualise_monitoring, run_id=scheduled__2024-10-01T00:00:00+00:00, execution_date=20241001T000000, start_date=20260616T152425, end_date=20260616T152434
[2026-06-16T15:24:34.986+0000] {local_task_job_runner.py:240} INFO - Task exited with return code 0
[2026-06-16T15:24:34.996+0000] {local_task_job_runner.py:222} INFO - ::endgroup::
