[2026-06-16T14:53:49.443+0000] {local_task_job_runner.py:120} INFO - ::group::Pre task execution logs
[2026-06-16T14:53:49.475+0000] {taskinstance.py:2076} INFO - Dependencies all met for dep_context=non-requeueable deps ti=<TaskInstance: CS611_ML_Pipeline.bronze_ingestion scheduled__2023-04-01T00:00:00+00:00 [queued]>
[2026-06-16T14:53:49.487+0000] {taskinstance.py:2076} INFO - Dependencies all met for dep_context=requeueable deps ti=<TaskInstance: CS611_ML_Pipeline.bronze_ingestion scheduled__2023-04-01T00:00:00+00:00 [queued]>
[2026-06-16T14:53:49.490+0000] {taskinstance.py:2306} INFO - Starting attempt 3 of 4
[2026-06-16T14:53:49.507+0000] {taskinstance.py:2330} INFO - Executing <Task(PythonOperator): bronze_ingestion> on 2023-04-01 00:00:00+00:00
[2026-06-16T14:53:49.513+0000] {standard_task_runner.py:63} INFO - Started process 4857 to run task
[2026-06-16T14:53:49.517+0000] {standard_task_runner.py:90} INFO - Running: ['***', 'tasks', 'run', 'CS611_ML_Pipeline', 'bronze_ingestion', 'scheduled__2023-04-01T00:00:00+00:00', '--job-id', '465', '--raw', '--subdir', 'DAGS_FOLDER/ml_pipeline_dag.py', '--cfg-path', '/tmp/tmp9gyvxvml']
[2026-06-16T14:53:49.521+0000] {standard_task_runner.py:91} INFO - Job 465: Subtask bronze_ingestion
[2026-06-16T14:53:49.591+0000] {task_command.py:426} INFO - Running <TaskInstance: CS611_ML_Pipeline.bronze_ingestion scheduled__2023-04-01T00:00:00+00:00 [running]> on host 4b9938287cf4
[2026-06-16T14:53:49.933+0000] {taskinstance.py:2648} INFO - Exporting env vars: AIRFLOW_CTX_DAG_OWNER='ahana' AIRFLOW_CTX_DAG_ID='CS611_ML_Pipeline' AIRFLOW_CTX_TASK_ID='bronze_ingestion' AIRFLOW_CTX_EXECUTION_DATE='2023-04-01T00:00:00+00:00' AIRFLOW_CTX_TRY_NUMBER='3' AIRFLOW_CTX_DAG_RUN_ID='scheduled__2023-04-01T00:00:00+00:00'
[2026-06-16T14:53:49.934+0000] {taskinstance.py:430} INFO - ::endgroup::
[2026-06-16T14:53:53.195+0000] {logging_mixin.py:188} INFO - [Bronze] Processing snapshot: 2023-04-01
[2026-06-16T14:53:59.208+0000] {logging_mixin.py:188} INFO - [Bronze] clickstream
[2026-06-16T14:54:00.224+0000] {logging_mixin.py:188} INFO - [Bronze] attributes
[2026-06-16T14:54:01.299+0000] {logging_mixin.py:188} INFO - [Bronze] financials
[2026-06-16T14:54:02.373+0000] {logging_mixin.py:188} INFO - [Bronze] lms
[2026-06-16T14:54:02.585+0000] {python.py:237} INFO - Done. Returned value was: None
[2026-06-16T14:54:02.590+0000] {taskinstance.py:441} INFO - ::group::Post task execution logs
[2026-06-16T14:54:02.607+0000] {taskinstance.py:1206} INFO - Marking task as SUCCESS. dag_id=CS611_ML_Pipeline, task_id=bronze_ingestion, run_id=scheduled__2023-04-01T00:00:00+00:00, execution_date=20230401T000000, start_date=20260616T145349, end_date=20260616T145402
[2026-06-16T14:54:02.645+0000] {local_task_job_runner.py:240} INFO - Task exited with return code 0
[2026-06-16T14:54:02.670+0000] {taskinstance.py:3498} INFO - 1 downstream tasks scheduled from follow-on schedule check
[2026-06-16T14:54:02.678+0000] {local_task_job_runner.py:222} INFO - ::endgroup::
