[2026-06-16T12:30:49.192+0000] {local_task_job_runner.py:120} INFO - ::group::Pre task execution logs
[2026-06-16T12:30:49.231+0000] {taskinstance.py:2076} INFO - Dependencies all met for dep_context=non-requeueable deps ti=<TaskInstance: CS611_ML_Pipeline.bronze_ingestion scheduled__2023-04-01T00:00:00+00:00 [queued]>
[2026-06-16T12:30:49.242+0000] {taskinstance.py:2076} INFO - Dependencies all met for dep_context=requeueable deps ti=<TaskInstance: CS611_ML_Pipeline.bronze_ingestion scheduled__2023-04-01T00:00:00+00:00 [queued]>
[2026-06-16T12:30:49.243+0000] {taskinstance.py:2306} INFO - Starting attempt 2 of 3
[2026-06-16T12:30:49.260+0000] {taskinstance.py:2330} INFO - Executing <Task(PythonOperator): bronze_ingestion> on 2023-04-01 00:00:00+00:00
[2026-06-16T12:30:49.266+0000] {standard_task_runner.py:63} INFO - Started process 6098 to run task
[2026-06-16T12:30:49.271+0000] {standard_task_runner.py:90} INFO - Running: ['***', 'tasks', 'run', 'CS611_ML_Pipeline', 'bronze_ingestion', 'scheduled__2023-04-01T00:00:00+00:00', '--job-id', '248', '--raw', '--subdir', 'DAGS_FOLDER/ml_pipeline_dag.py', '--cfg-path', '/tmp/tmp_tu78c5q']
[2026-06-16T12:30:49.275+0000] {standard_task_runner.py:91} INFO - Job 248: Subtask bronze_ingestion
[2026-06-16T12:30:49.355+0000] {task_command.py:426} INFO - Running <TaskInstance: CS611_ML_Pipeline.bronze_ingestion scheduled__2023-04-01T00:00:00+00:00 [running]> on host 0e5a6fd60e5a
[2026-06-16T12:30:49.764+0000] {taskinstance.py:2648} INFO - Exporting env vars: AIRFLOW_CTX_DAG_OWNER='ahana' AIRFLOW_CTX_DAG_ID='CS611_ML_Pipeline' AIRFLOW_CTX_TASK_ID='bronze_ingestion' AIRFLOW_CTX_EXECUTION_DATE='2023-04-01T00:00:00+00:00' AIRFLOW_CTX_TRY_NUMBER='2' AIRFLOW_CTX_DAG_RUN_ID='scheduled__2023-04-01T00:00:00+00:00'
[2026-06-16T12:30:49.766+0000] {taskinstance.py:430} INFO - ::endgroup::
[2026-06-16T12:30:55.440+0000] {logging_mixin.py:188} INFO - [Bronze] Processing snapshot: 2023-04-01
[2026-06-16T12:31:06.133+0000] {logging_mixin.py:188} INFO - [Bronze] clickstream
[2026-06-16T12:31:07.837+0000] {logging_mixin.py:188} INFO - [Bronze] attributes
[2026-06-16T12:31:09.631+0000] {logging_mixin.py:188} INFO - [Bronze] financials
[2026-06-16T12:31:11.584+0000] {logging_mixin.py:188} INFO - [Bronze] lms
[2026-06-16T12:31:11.746+0000] {python.py:237} INFO - Done. Returned value was: None
[2026-06-16T12:31:11.748+0000] {taskinstance.py:441} INFO - ::group::Post task execution logs
[2026-06-16T12:31:11.762+0000] {taskinstance.py:1206} INFO - Marking task as SUCCESS. dag_id=CS611_ML_Pipeline, task_id=bronze_ingestion, run_id=scheduled__2023-04-01T00:00:00+00:00, execution_date=20230401T000000, start_date=20260616T123049, end_date=20260616T123111
[2026-06-16T12:31:11.818+0000] {local_task_job_runner.py:240} INFO - Task exited with return code 0
[2026-06-16T12:31:11.850+0000] {taskinstance.py:3498} INFO - 1 downstream tasks scheduled from follow-on schedule check
[2026-06-16T12:31:11.853+0000] {local_task_job_runner.py:222} INFO - ::endgroup::
