[2026-06-16T10:54:41.925+0000] {local_task_job_runner.py:120} INFO - ::group::Pre task execution logs
[2026-06-16T10:54:41.950+0000] {taskinstance.py:2076} INFO - Dependencies all met for dep_context=non-requeueable deps ti=<TaskInstance: CS611_ML_Pipeline.eda_analysis scheduled__2024-01-01T00:00:00+00:00 [queued]>
[2026-06-16T10:54:41.958+0000] {taskinstance.py:2076} INFO - Dependencies all met for dep_context=requeueable deps ti=<TaskInstance: CS611_ML_Pipeline.eda_analysis scheduled__2024-01-01T00:00:00+00:00 [queued]>
[2026-06-16T10:54:41.960+0000] {taskinstance.py:2306} INFO - Starting attempt 1 of 2
[2026-06-16T10:54:41.970+0000] {taskinstance.py:2330} INFO - Executing <Task(PythonOperator): eda_analysis> on 2024-01-01 00:00:00+00:00
[2026-06-16T10:54:41.974+0000] {standard_task_runner.py:63} INFO - Started process 25300 to run task
[2026-06-16T10:54:41.977+0000] {standard_task_runner.py:90} INFO - Running: ['***', 'tasks', 'run', 'CS611_ML_Pipeline', 'eda_analysis', 'scheduled__2024-01-01T00:00:00+00:00', '--job-id', '114', '--raw', '--subdir', 'DAGS_FOLDER/ml_pipeline_dag.py', '--cfg-path', '/tmp/tmpc3d_93x6']
[2026-06-16T10:54:41.980+0000] {standard_task_runner.py:91} INFO - Job 114: Subtask eda_analysis
[2026-06-16T10:54:42.022+0000] {task_command.py:426} INFO - Running <TaskInstance: CS611_ML_Pipeline.eda_analysis scheduled__2024-01-01T00:00:00+00:00 [running]> on host 9cb3f452a997
[2026-06-16T10:54:42.221+0000] {taskinstance.py:2648} INFO - Exporting env vars: AIRFLOW_CTX_DAG_OWNER='ahana' AIRFLOW_CTX_DAG_ID='CS611_ML_Pipeline' AIRFLOW_CTX_TASK_ID='eda_analysis' AIRFLOW_CTX_EXECUTION_DATE='2024-01-01T00:00:00+00:00' AIRFLOW_CTX_TRY_NUMBER='1' AIRFLOW_CTX_DAG_RUN_ID='scheduled__2024-01-01T00:00:00+00:00'
[2026-06-16T10:54:42.222+0000] {taskinstance.py:430} INFO - ::endgroup::
[2026-06-16T10:54:43.660+0000] {logging_mixin.py:188} INFO - [EDA] Running exploratory data analysis for 2024-01-01
[2026-06-16T10:54:43.661+0000] {logging_mixin.py:188} INFO - [EDA] Running EDA for training_date=2024-01-01
[2026-06-16T10:54:44.497+0000] {logging_mixin.py:188} INFO - [EDA] Rows=3556 | Defaults=1009 (28.37%)
[2026-06-16T10:54:46.181+0000] {logging_mixin.py:188} INFO - [EDA] Report saved → /opt/***/reports/eda_report.png
[2026-06-16T10:54:46.183+0000] {logging_mixin.py:188} INFO - [EDA] Records=3556 | Default rate=28.37% | Features=73 | Top feature=label
[2026-06-16T10:54:46.184+0000] {python.py:237} INFO - Done. Returned value was: None
[2026-06-16T10:54:46.185+0000] {taskinstance.py:441} INFO - ::group::Post task execution logs
[2026-06-16T10:54:46.195+0000] {taskinstance.py:1206} INFO - Marking task as SUCCESS. dag_id=CS611_ML_Pipeline, task_id=eda_analysis, run_id=scheduled__2024-01-01T00:00:00+00:00, execution_date=20240101T000000, start_date=20260616T105441, end_date=20260616T105446
[2026-06-16T10:54:46.259+0000] {local_task_job_runner.py:240} INFO - Task exited with return code 0
[2026-06-16T10:54:46.284+0000] {taskinstance.py:3498} INFO - 1 downstream tasks scheduled from follow-on schedule check
[2026-06-16T10:54:46.288+0000] {local_task_job_runner.py:222} INFO - ::endgroup::
