[2026-06-16T10:51:40.368+0000] {local_task_job_runner.py:120} INFO - ::group::Pre task execution logs
[2026-06-16T10:51:40.389+0000] {taskinstance.py:2076} INFO - Dependencies all met for dep_context=non-requeueable deps ti=<TaskInstance: CS611_ML_Pipeline.silver_cleaning scheduled__2023-12-01T00:00:00+00:00 [queued]>
[2026-06-16T10:51:40.396+0000] {taskinstance.py:2076} INFO - Dependencies all met for dep_context=requeueable deps ti=<TaskInstance: CS611_ML_Pipeline.silver_cleaning scheduled__2023-12-01T00:00:00+00:00 [queued]>
[2026-06-16T10:51:40.398+0000] {taskinstance.py:2306} INFO - Starting attempt 1 of 2
[2026-06-16T10:51:40.408+0000] {taskinstance.py:2330} INFO - Executing <Task(PythonOperator): silver_cleaning> on 2023-12-01 00:00:00+00:00
[2026-06-16T10:51:40.412+0000] {standard_task_runner.py:63} INFO - Started process 21322 to run task
[2026-06-16T10:51:40.416+0000] {standard_task_runner.py:90} INFO - Running: ['***', 'tasks', 'run', 'CS611_ML_Pipeline', 'silver_cleaning', 'scheduled__2023-12-01T00:00:00+00:00', '--job-id', '102', '--raw', '--subdir', 'DAGS_FOLDER/ml_pipeline_dag.py', '--cfg-path', '/tmp/tmp4ktndajl']
[2026-06-16T10:51:40.419+0000] {standard_task_runner.py:91} INFO - Job 102: Subtask silver_cleaning
[2026-06-16T10:51:40.458+0000] {task_command.py:426} INFO - Running <TaskInstance: CS611_ML_Pipeline.silver_cleaning scheduled__2023-12-01T00:00:00+00:00 [running]> on host 9cb3f452a997
[2026-06-16T10:51:40.654+0000] {taskinstance.py:2648} INFO - Exporting env vars: AIRFLOW_CTX_DAG_OWNER='ahana' AIRFLOW_CTX_DAG_ID='CS611_ML_Pipeline' AIRFLOW_CTX_TASK_ID='silver_cleaning' AIRFLOW_CTX_EXECUTION_DATE='2023-12-01T00:00:00+00:00' AIRFLOW_CTX_TRY_NUMBER='1' AIRFLOW_CTX_DAG_RUN_ID='scheduled__2023-12-01T00:00:00+00:00'
[2026-06-16T10:51:40.655+0000] {taskinstance.py:430} INFO - ::endgroup::
[2026-06-16T10:51:43.631+0000] {logging_mixin.py:188} INFO - [Silver] Processing snapshot: 2023-12-01
[2026-06-16T10:51:48.820+0000] {logging_mixin.py:188} INFO - [Silver] clickstream
[2026-06-16T10:51:50.090+0000] {logging_mixin.py:188} INFO - [Silver] attributes
[2026-06-16T10:51:56.793+0000] {logging_mixin.py:188} INFO - [Silver] financials
[2026-06-16T10:51:58.443+0000] {logging_mixin.py:188} INFO - [Silver] lms
[2026-06-16T10:51:59.140+0000] {python.py:237} INFO - Done. Returned value was: None
[2026-06-16T10:51:59.142+0000] {taskinstance.py:441} INFO - ::group::Post task execution logs
[2026-06-16T10:51:59.150+0000] {taskinstance.py:1206} INFO - Marking task as SUCCESS. dag_id=CS611_ML_Pipeline, task_id=silver_cleaning, run_id=scheduled__2023-12-01T00:00:00+00:00, execution_date=20231201T000000, start_date=20260616T105140, end_date=20260616T105159
[2026-06-16T10:51:59.212+0000] {local_task_job_runner.py:240} INFO - Task exited with return code 0
[2026-06-16T10:51:59.230+0000] {taskinstance.py:3498} INFO - 2 downstream tasks scheduled from follow-on schedule check
[2026-06-16T10:51:59.233+0000] {local_task_job_runner.py:222} INFO - ::endgroup::
