[2026-06-16T15:21:23.405+0000] {local_task_job_runner.py:120} INFO - ::group::Pre task execution logs
[2026-06-16T15:21:23.429+0000] {taskinstance.py:2076} INFO - Dependencies all met for dep_context=non-requeueable deps ti=<TaskInstance: CS611_ML_Pipeline.silver_cleaning scheduled__2024-09-01T00:00:00+00:00 [queued]>
[2026-06-16T15:21:23.436+0000] {taskinstance.py:2076} INFO - Dependencies all met for dep_context=requeueable deps ti=<TaskInstance: CS611_ML_Pipeline.silver_cleaning scheduled__2024-09-01T00:00:00+00:00 [queued]>
[2026-06-16T15:21:23.437+0000] {taskinstance.py:2306} INFO - Starting attempt 3 of 4
[2026-06-16T15:21:23.447+0000] {taskinstance.py:2330} INFO - Executing <Task(PythonOperator): silver_cleaning> on 2024-09-01 00:00:00+00:00
[2026-06-16T15:21:23.453+0000] {standard_task_runner.py:63} INFO - Started process 43597 to run task
[2026-06-16T15:21:23.456+0000] {standard_task_runner.py:90} INFO - Running: ['***', 'tasks', 'run', 'CS611_ML_Pipeline', 'silver_cleaning', 'scheduled__2024-09-01T00:00:00+00:00', '--job-id', '619', '--raw', '--subdir', 'DAGS_FOLDER/ml_pipeline_dag.py', '--cfg-path', '/tmp/tmp3cl0btnn']
[2026-06-16T15:21:23.458+0000] {standard_task_runner.py:91} INFO - Job 619: Subtask silver_cleaning
[2026-06-16T15:21:23.497+0000] {task_command.py:426} INFO - Running <TaskInstance: CS611_ML_Pipeline.silver_cleaning scheduled__2024-09-01T00:00:00+00:00 [running]> on host 4b9938287cf4
[2026-06-16T15:21:23.723+0000] {taskinstance.py:2648} INFO - Exporting env vars: AIRFLOW_CTX_DAG_OWNER='ahana' AIRFLOW_CTX_DAG_ID='CS611_ML_Pipeline' AIRFLOW_CTX_TASK_ID='silver_cleaning' AIRFLOW_CTX_EXECUTION_DATE='2024-09-01T00:00:00+00:00' AIRFLOW_CTX_TRY_NUMBER='3' AIRFLOW_CTX_DAG_RUN_ID='scheduled__2024-09-01T00:00:00+00:00'
[2026-06-16T15:21:23.726+0000] {taskinstance.py:430} INFO - ::endgroup::
[2026-06-16T15:21:26.579+0000] {logging_mixin.py:188} INFO - [Silver] Processing snapshot: 2024-09-01
[2026-06-16T15:21:32.477+0000] {logging_mixin.py:188} INFO - [Silver] clickstream
[2026-06-16T15:21:34.732+0000] {logging_mixin.py:188} INFO - [Silver] attributes
[2026-06-16T15:21:41.703+0000] {logging_mixin.py:188} INFO - [Silver] financials
[2026-06-16T15:21:43.570+0000] {logging_mixin.py:188} INFO - [Silver] lms
[2026-06-16T15:21:44.004+0000] {python.py:237} INFO - Done. Returned value was: None
[2026-06-16T15:21:44.006+0000] {taskinstance.py:441} INFO - ::group::Post task execution logs
[2026-06-16T15:21:44.015+0000] {taskinstance.py:1206} INFO - Marking task as SUCCESS. dag_id=CS611_ML_Pipeline, task_id=silver_cleaning, run_id=scheduled__2024-09-01T00:00:00+00:00, execution_date=20240901T000000, start_date=20260616T152123, end_date=20260616T152144
[2026-06-16T15:21:44.084+0000] {local_task_job_runner.py:240} INFO - Task exited with return code 0
[2026-06-16T15:21:44.109+0000] {taskinstance.py:3498} INFO - 2 downstream tasks scheduled from follow-on schedule check
[2026-06-16T15:21:44.181+0000] {local_task_job_runner.py:222} INFO - ::endgroup::
