[2026-06-16T11:08:30.475+0000] {local_task_job_runner.py:120} INFO - ::group::Pre task execution logs
[2026-06-16T11:08:30.500+0000] {taskinstance.py:2076} INFO - Dependencies all met for dep_context=non-requeueable deps ti=<TaskInstance: CS611_ML_Pipeline.silver_cleaning scheduled__2024-09-01T00:00:00+00:00 [queued]>
[2026-06-16T11:08:30.508+0000] {taskinstance.py:2076} INFO - Dependencies all met for dep_context=requeueable deps ti=<TaskInstance: CS611_ML_Pipeline.silver_cleaning scheduled__2024-09-01T00:00:00+00:00 [queued]>
[2026-06-16T11:08:30.510+0000] {taskinstance.py:2306} INFO - Starting attempt 1 of 2
[2026-06-16T11:08:30.520+0000] {taskinstance.py:2330} INFO - Executing <Task(PythonOperator): silver_cleaning> on 2024-09-01 00:00:00+00:00
[2026-06-16T11:08:30.523+0000] {standard_task_runner.py:63} INFO - Started process 42981 to run task
[2026-06-16T11:08:30.526+0000] {standard_task_runner.py:90} INFO - Running: ['***', 'tasks', 'run', 'CS611_ML_Pipeline', 'silver_cleaning', 'scheduled__2024-09-01T00:00:00+00:00', '--job-id', '183', '--raw', '--subdir', 'DAGS_FOLDER/ml_pipeline_dag.py', '--cfg-path', '/tmp/tmpjo6oc6eu']
[2026-06-16T11:08:30.528+0000] {standard_task_runner.py:91} INFO - Job 183: Subtask silver_cleaning
[2026-06-16T11:08:30.569+0000] {task_command.py:426} INFO - Running <TaskInstance: CS611_ML_Pipeline.silver_cleaning scheduled__2024-09-01T00:00:00+00:00 [running]> on host 9cb3f452a997
[2026-06-16T11:08:30.755+0000] {taskinstance.py:2648} INFO - Exporting env vars: AIRFLOW_CTX_DAG_OWNER='ahana' AIRFLOW_CTX_DAG_ID='CS611_ML_Pipeline' AIRFLOW_CTX_TASK_ID='silver_cleaning' AIRFLOW_CTX_EXECUTION_DATE='2024-09-01T00:00:00+00:00' AIRFLOW_CTX_TRY_NUMBER='1' AIRFLOW_CTX_DAG_RUN_ID='scheduled__2024-09-01T00:00:00+00:00'
[2026-06-16T11:08:30.756+0000] {taskinstance.py:430} INFO - ::endgroup::
[2026-06-16T11:08:34.179+0000] {logging_mixin.py:188} INFO - [Silver] Processing snapshot: 2024-09-01
[2026-06-16T11:08:40.726+0000] {logging_mixin.py:188} INFO - [Silver] clickstream
[2026-06-16T11:08:42.108+0000] {logging_mixin.py:188} INFO - [Silver] attributes
[2026-06-16T11:08:49.242+0000] {logging_mixin.py:188} INFO - [Silver] financials
[2026-06-16T11:08:50.893+0000] {logging_mixin.py:188} INFO - [Silver] lms
[2026-06-16T11:08:51.448+0000] {python.py:237} INFO - Done. Returned value was: None
[2026-06-16T11:08:51.450+0000] {taskinstance.py:441} INFO - ::group::Post task execution logs
[2026-06-16T11:08:51.459+0000] {taskinstance.py:1206} INFO - Marking task as SUCCESS. dag_id=CS611_ML_Pipeline, task_id=silver_cleaning, run_id=scheduled__2024-09-01T00:00:00+00:00, execution_date=20240901T000000, start_date=20260616T110830, end_date=20260616T110851
[2026-06-16T11:08:51.504+0000] {local_task_job_runner.py:240} INFO - Task exited with return code 0
[2026-06-16T11:08:51.523+0000] {taskinstance.py:3498} INFO - 2 downstream tasks scheduled from follow-on schedule check
[2026-06-16T11:08:51.527+0000] {local_task_job_runner.py:222} INFO - ::endgroup::
