[2026-06-16T13:18:31.722+0000] {local_task_job_runner.py:120} INFO - ::group::Pre task execution logs
[2026-06-16T13:18:31.776+0000] {taskinstance.py:2076} INFO - Dependencies all met for dep_context=non-requeueable deps ti=<TaskInstance: CS611_ML_Pipeline.silver_cleaning scheduled__2024-09-01T00:00:00+00:00 [queued]>
[2026-06-16T13:18:31.791+0000] {taskinstance.py:2076} INFO - Dependencies all met for dep_context=requeueable deps ti=<TaskInstance: CS611_ML_Pipeline.silver_cleaning scheduled__2024-09-01T00:00:00+00:00 [queued]>
[2026-06-16T13:18:31.793+0000] {taskinstance.py:2306} INFO - Starting attempt 2 of 3
[2026-06-16T13:18:31.814+0000] {taskinstance.py:2330} INFO - Executing <Task(PythonOperator): silver_cleaning> on 2024-09-01 00:00:00+00:00
[2026-06-16T13:18:31.821+0000] {standard_task_runner.py:63} INFO - Started process 48071 to run task
[2026-06-16T13:18:31.825+0000] {standard_task_runner.py:90} INFO - Running: ['***', 'tasks', 'run', 'CS611_ML_Pipeline', 'silver_cleaning', 'scheduled__2024-09-01T00:00:00+00:00', '--job-id', '402', '--raw', '--subdir', 'DAGS_FOLDER/ml_pipeline_dag.py', '--cfg-path', '/tmp/tmp4jcovu12']
[2026-06-16T13:18:31.829+0000] {standard_task_runner.py:91} INFO - Job 402: Subtask silver_cleaning
[2026-06-16T13:18:31.905+0000] {task_command.py:426} INFO - Running <TaskInstance: CS611_ML_Pipeline.silver_cleaning scheduled__2024-09-01T00:00:00+00:00 [running]> on host 0e5a6fd60e5a
[2026-06-16T13:18:32.249+0000] {taskinstance.py:2648} INFO - Exporting env vars: AIRFLOW_CTX_DAG_OWNER='ahana' AIRFLOW_CTX_DAG_ID='CS611_ML_Pipeline' AIRFLOW_CTX_TASK_ID='silver_cleaning' AIRFLOW_CTX_EXECUTION_DATE='2024-09-01T00:00:00+00:00' AIRFLOW_CTX_TRY_NUMBER='2' AIRFLOW_CTX_DAG_RUN_ID='scheduled__2024-09-01T00:00:00+00:00'
[2026-06-16T13:18:32.251+0000] {taskinstance.py:430} INFO - ::endgroup::
[2026-06-16T13:18:37.728+0000] {logging_mixin.py:188} INFO - [Silver] Processing snapshot: 2024-09-01
[2026-06-16T13:18:47.003+0000] {logging_mixin.py:188} INFO - [Silver] clickstream
[2026-06-16T13:18:49.214+0000] {logging_mixin.py:188} INFO - [Silver] attributes
[2026-06-16T13:19:03.047+0000] {logging_mixin.py:188} INFO - [Silver] financials
[2026-06-16T13:19:07.587+0000] {logging_mixin.py:188} INFO - [Silver] lms
[2026-06-16T13:19:08.467+0000] {python.py:237} INFO - Done. Returned value was: None
[2026-06-16T13:19:08.468+0000] {taskinstance.py:441} INFO - ::group::Post task execution logs
[2026-06-16T13:19:08.481+0000] {taskinstance.py:1206} INFO - Marking task as SUCCESS. dag_id=CS611_ML_Pipeline, task_id=silver_cleaning, run_id=scheduled__2024-09-01T00:00:00+00:00, execution_date=20240901T000000, start_date=20260616T131831, end_date=20260616T131908
[2026-06-16T13:19:08.522+0000] {local_task_job_runner.py:240} INFO - Task exited with return code 0
[2026-06-16T13:19:08.555+0000] {taskinstance.py:3498} INFO - 2 downstream tasks scheduled from follow-on schedule check
[2026-06-16T13:19:08.597+0000] {local_task_job_runner.py:222} INFO - ::endgroup::
