[2026-06-16T13:30:50.903+0000] {local_task_job_runner.py:120} INFO - ::group::Pre task execution logs
[2026-06-16T13:30:50.951+0000] {taskinstance.py:2076} INFO - Dependencies all met for dep_context=non-requeueable deps ti=<TaskInstance: CS611_ML_Pipeline.visualise_monitoring scheduled__2024-12-01T00:00:00+00:00 [queued]>
[2026-06-16T13:30:50.965+0000] {taskinstance.py:2076} INFO - Dependencies all met for dep_context=requeueable deps ti=<TaskInstance: CS611_ML_Pipeline.visualise_monitoring scheduled__2024-12-01T00:00:00+00:00 [queued]>
[2026-06-16T13:30:50.967+0000] {taskinstance.py:2306} INFO - Starting attempt 2 of 3
[2026-06-16T13:30:50.996+0000] {taskinstance.py:2330} INFO - Executing <Task(PythonOperator): visualise_monitoring> on 2024-12-01 00:00:00+00:00
[2026-06-16T13:30:51.003+0000] {standard_task_runner.py:63} INFO - Started process 57614 to run task
[2026-06-16T13:30:51.009+0000] {standard_task_runner.py:90} INFO - Running: ['***', 'tasks', 'run', 'CS611_ML_Pipeline', 'visualise_monitoring', 'scheduled__2024-12-01T00:00:00+00:00', '--job-id', '436', '--raw', '--subdir', 'DAGS_FOLDER/ml_pipeline_dag.py', '--cfg-path', '/tmp/tmp9nk_s_wu']
[2026-06-16T13:30:51.014+0000] {standard_task_runner.py:91} INFO - Job 436: Subtask visualise_monitoring
[2026-06-16T13:30:51.091+0000] {task_command.py:426} INFO - Running <TaskInstance: CS611_ML_Pipeline.visualise_monitoring scheduled__2024-12-01T00:00:00+00:00 [running]> on host 0e5a6fd60e5a
[2026-06-16T13:30:51.503+0000] {taskinstance.py:2648} INFO - Exporting env vars: AIRFLOW_CTX_DAG_OWNER='ahana' AIRFLOW_CTX_DAG_ID='CS611_ML_Pipeline' AIRFLOW_CTX_TASK_ID='visualise_monitoring' AIRFLOW_CTX_EXECUTION_DATE='2024-12-01T00:00:00+00:00' AIRFLOW_CTX_TRY_NUMBER='2' AIRFLOW_CTX_DAG_RUN_ID='scheduled__2024-12-01T00:00:00+00:00'
[2026-06-16T13:30:51.504+0000] {taskinstance.py:430} INFO - ::endgroup::
[2026-06-16T13:30:54.047+0000] {logging_mixin.py:188} WARNING - /opt/***/utils/monitor.py:228 FutureWarning: The behavior of DataFrame concatenation with empty or all-NA entries is deprecated. In a future version, this will no longer exclude empty or all-NA columns when determining the result dtypes. To retain the old behavior, exclude the relevant entries before the concat operation.
[2026-06-16T13:30:56.725+0000] {logging_mixin.py:188} INFO - [Visualise] Dashboard saved as /opt/***/reports/monitoring_dashboard.png
[2026-06-16T13:30:56.726+0000] {logging_mixin.py:188} INFO - [Visualise] Dashboard saved to /opt/***/reports/monitoring_dashboard.png
[2026-06-16T13:30:56.727+0000] {python.py:237} INFO - Done. Returned value was: None
[2026-06-16T13:30:56.728+0000] {taskinstance.py:441} INFO - ::group::Post task execution logs
[2026-06-16T13:30:56.743+0000] {taskinstance.py:1206} INFO - Marking task as SUCCESS. dag_id=CS611_ML_Pipeline, task_id=visualise_monitoring, run_id=scheduled__2024-12-01T00:00:00+00:00, execution_date=20241201T000000, start_date=20260616T133050, end_date=20260616T133056
[2026-06-16T13:30:56.835+0000] {local_task_job_runner.py:240} INFO - Task exited with return code 0
[2026-06-16T13:30:56.860+0000] {taskinstance.py:3498} INFO - 0 downstream tasks scheduled from follow-on schedule check
[2026-06-16T13:30:56.871+0000] {local_task_job_runner.py:222} INFO - ::endgroup::
