[2026-06-16T15:27:53.283+0000] {local_task_job_runner.py:120} INFO - ::group::Pre task execution logs
[2026-06-16T15:27:53.314+0000] {taskinstance.py:2076} INFO - Dependencies all met for dep_context=non-requeueable deps ti=<TaskInstance: CS611_ML_Pipeline.visualise_monitoring scheduled__2024-12-01T00:00:00+00:00 [queued]>
[2026-06-16T15:27:53.323+0000] {taskinstance.py:2076} INFO - Dependencies all met for dep_context=requeueable deps ti=<TaskInstance: CS611_ML_Pipeline.visualise_monitoring scheduled__2024-12-01T00:00:00+00:00 [queued]>
[2026-06-16T15:27:53.325+0000] {taskinstance.py:2306} INFO - Starting attempt 3 of 4
[2026-06-16T15:27:53.335+0000] {taskinstance.py:2330} INFO - Executing <Task(PythonOperator): visualise_monitoring> on 2024-12-01 00:00:00+00:00
[2026-06-16T15:27:53.341+0000] {standard_task_runner.py:63} INFO - Started process 52843 to run task
[2026-06-16T15:27:53.345+0000] {standard_task_runner.py:90} INFO - Running: ['***', 'tasks', 'run', 'CS611_ML_Pipeline', 'visualise_monitoring', 'scheduled__2024-12-01T00:00:00+00:00', '--job-id', '653', '--raw', '--subdir', 'DAGS_FOLDER/ml_pipeline_dag.py', '--cfg-path', '/tmp/tmpqtwil8i8']
[2026-06-16T15:27:53.347+0000] {standard_task_runner.py:91} INFO - Job 653: Subtask visualise_monitoring
[2026-06-16T15:27:53.490+0000] {task_command.py:426} INFO - Running <TaskInstance: CS611_ML_Pipeline.visualise_monitoring scheduled__2024-12-01T00:00:00+00:00 [running]> on host 4b9938287cf4
[2026-06-16T15:27:53.833+0000] {taskinstance.py:2648} INFO - Exporting env vars: AIRFLOW_CTX_DAG_OWNER='ahana' AIRFLOW_CTX_DAG_ID='CS611_ML_Pipeline' AIRFLOW_CTX_TASK_ID='visualise_monitoring' AIRFLOW_CTX_EXECUTION_DATE='2024-12-01T00:00:00+00:00' AIRFLOW_CTX_TRY_NUMBER='3' AIRFLOW_CTX_DAG_RUN_ID='scheduled__2024-12-01T00:00:00+00:00'
[2026-06-16T15:27:53.835+0000] {taskinstance.py:430} INFO - ::endgroup::
[2026-06-16T15:27:55.389+0000] {logging_mixin.py:188} INFO - [Visualise] Backfilling AUC for 2024-06-01
[2026-06-16T15:27:55.390+0000] {logging_mixin.py:188} INFO - [Monitor] Running monitoring for 2024-06-01
[2026-06-16T15:27:55.413+0000] {logging_mixin.py:188} INFO - [Monitor] PSI = 0.0311 -> Stable
[2026-06-16T15:27:55.943+0000] {logging_mixin.py:188} INFO - [Monitor] AUC=0.9012 | Acc=0.8514
[2026-06-16T15:27:55.962+0000] {logging_mixin.py:188} INFO - [Monitor] Saved monitoring record -> /opt/***/datamart/gold/monitoring/2024_06_01.parquet
[2026-06-16T15:27:55.968+0000] {logging_mixin.py:188} INFO - [Visualise] Backfilling AUC for 2024-07-01
[2026-06-16T15:27:55.968+0000] {logging_mixin.py:188} INFO - [Monitor] Running monitoring for 2024-07-01
[2026-06-16T15:27:55.985+0000] {logging_mixin.py:188} INFO - [Monitor] PSI = 0.4984 -> Major Shift - Retrain Model
[2026-06-16T15:27:56.564+0000] {logging_mixin.py:188} INFO - [Monitor] Saved monitoring record -> /opt/***/datamart/gold/monitoring/2024_07_01.parquet
[2026-06-16T15:27:56.575+0000] {logging_mixin.py:188} INFO - [Visualise] Backfilling AUC for 2024-08-01
[2026-06-16T15:27:56.575+0000] {logging_mixin.py:188} INFO - [Monitor] Running monitoring for 2024-08-01
[2026-06-16T15:27:56.595+0000] {logging_mixin.py:188} INFO - [Monitor] PSI = 0.0542 -> Stable
[2026-06-16T15:27:57.037+0000] {logging_mixin.py:188} INFO - [Monitor] Saved monitoring record -> /opt/***/datamart/gold/monitoring/2024_08_01.parquet
[2026-06-16T15:27:57.042+0000] {logging_mixin.py:188} INFO - [Visualise] Backfilling AUC for 2024-09-01
[2026-06-16T15:27:57.042+0000] {logging_mixin.py:188} INFO - [Monitor] Running monitoring for 2024-09-01
[2026-06-16T15:27:57.060+0000] {logging_mixin.py:188} INFO - [Monitor] PSI = 0.0394 -> Stable
[2026-06-16T15:27:57.538+0000] {logging_mixin.py:188} INFO - [Monitor] Saved monitoring record -> /opt/***/datamart/gold/monitoring/2024_09_01.parquet
[2026-06-16T15:27:57.544+0000] {logging_mixin.py:188} INFO - [Visualise] Backfilling AUC for 2024-10-01
[2026-06-16T15:27:57.544+0000] {logging_mixin.py:188} INFO - [Monitor] Running monitoring for 2024-10-01
[2026-06-16T15:27:57.580+0000] {logging_mixin.py:188} INFO - [Monitor] PSI = 0.0581 -> Stable
[2026-06-16T15:27:58.096+0000] {logging_mixin.py:188} INFO - [Monitor] Saved monitoring record -> /opt/***/datamart/gold/monitoring/2024_10_01.parquet
[2026-06-16T15:27:58.101+0000] {logging_mixin.py:188} INFO - [Visualise] Backfilling AUC for 2024-11-01
[2026-06-16T15:27:58.102+0000] {logging_mixin.py:188} INFO - [Monitor] Running monitoring for 2024-11-01
[2026-06-16T15:27:58.117+0000] {logging_mixin.py:188} INFO - [Monitor] PSI = 0.0302 -> Stable
[2026-06-16T15:27:58.637+0000] {logging_mixin.py:188} INFO - [Monitor] Saved monitoring record -> /opt/***/datamart/gold/monitoring/2024_11_01.parquet
[2026-06-16T15:27:58.645+0000] {logging_mixin.py:188} INFO - [Visualise] Backfilling AUC for 2024-12-01
[2026-06-16T15:27:58.646+0000] {logging_mixin.py:188} INFO - [Monitor] Running monitoring for 2024-12-01
[2026-06-16T15:27:58.687+0000] {logging_mixin.py:188} INFO - [Monitor] PSI = 0.0616 -> Stable
[2026-06-16T15:27:59.206+0000] {logging_mixin.py:188} INFO - [Monitor] Saved monitoring record -> /opt/***/datamart/gold/monitoring/2024_12_01.parquet
[2026-06-16T15:27:59.566+0000] {logging_mixin.py:188} WARNING - /opt/***/utils/monitor.py:232 FutureWarning: The behavior of DataFrame concatenation with empty or all-NA entries is deprecated. In a future version, this will no longer exclude empty or all-NA columns when determining the result dtypes. To retain the old behavior, exclude the relevant entries before the concat operation.
[2026-06-16T15:28:00.605+0000] {logging_mixin.py:188} INFO - [Visualise] Dashboard saved as /opt/***/reports/monitoring_dashboard.png
[2026-06-16T15:28:00.606+0000] {logging_mixin.py:188} INFO - [Visualise] Dashboard saved to /opt/***/reports/monitoring_dashboard.png
[2026-06-16T15:28:00.607+0000] {python.py:237} INFO - Done. Returned value was: None
[2026-06-16T15:28:00.608+0000] {taskinstance.py:441} INFO - ::group::Post task execution logs
[2026-06-16T15:28:00.617+0000] {taskinstance.py:1206} INFO - Marking task as SUCCESS. dag_id=CS611_ML_Pipeline, task_id=visualise_monitoring, run_id=scheduled__2024-12-01T00:00:00+00:00, execution_date=20241201T000000, start_date=20260616T152753, end_date=20260616T152800
[2026-06-16T15:28:00.682+0000] {local_task_job_runner.py:240} INFO - Task exited with return code 0
[2026-06-16T15:28:00.701+0000] {taskinstance.py:3498} INFO - 0 downstream tasks scheduled from follow-on schedule check
[2026-06-16T15:28:00.721+0000] {local_task_job_runner.py:222} INFO - ::endgroup::
