[2026-06-16T10:48:48.051+0000] {local_task_job_runner.py:120} INFO - ::group::Pre task execution logs
[2026-06-16T10:48:48.073+0000] {taskinstance.py:2076} INFO - Dependencies all met for dep_context=non-requeueable deps ti=<TaskInstance: CS611_ML_Pipeline.silver_cleaning scheduled__2023-10-01T00:00:00+00:00 [queued]>
[2026-06-16T10:48:48.079+0000] {taskinstance.py:2076} INFO - Dependencies all met for dep_context=requeueable deps ti=<TaskInstance: CS611_ML_Pipeline.silver_cleaning scheduled__2023-10-01T00:00:00+00:00 [queued]>
[2026-06-16T10:48:48.080+0000] {taskinstance.py:2306} INFO - Starting attempt 1 of 2
[2026-06-16T10:48:48.131+0000] {taskinstance.py:2330} INFO - Executing <Task(PythonOperator): silver_cleaning> on 2023-10-01 00:00:00+00:00
[2026-06-16T10:48:48.135+0000] {standard_task_runner.py:63} INFO - Started process 16953 to run task
[2026-06-16T10:48:48.137+0000] {standard_task_runner.py:90} INFO - Running: ['***', 'tasks', 'run', 'CS611_ML_Pipeline', 'silver_cleaning', 'scheduled__2023-10-01T00:00:00+00:00', '--job-id', '84', '--raw', '--subdir', 'DAGS_FOLDER/ml_pipeline_dag.py', '--cfg-path', '/tmp/tmp5fargrhx']
[2026-06-16T10:48:48.139+0000] {standard_task_runner.py:91} INFO - Job 84: Subtask silver_cleaning
[2026-06-16T10:48:48.175+0000] {task_command.py:426} INFO - Running <TaskInstance: CS611_ML_Pipeline.silver_cleaning scheduled__2023-10-01T00:00:00+00:00 [running]> on host 9cb3f452a997
[2026-06-16T10:48:48.351+0000] {taskinstance.py:2648} INFO - Exporting env vars: AIRFLOW_CTX_DAG_OWNER='ahana' AIRFLOW_CTX_DAG_ID='CS611_ML_Pipeline' AIRFLOW_CTX_TASK_ID='silver_cleaning' AIRFLOW_CTX_EXECUTION_DATE='2023-10-01T00:00:00+00:00' AIRFLOW_CTX_TRY_NUMBER='1' AIRFLOW_CTX_DAG_RUN_ID='scheduled__2023-10-01T00:00:00+00:00'
[2026-06-16T10:48:48.352+0000] {taskinstance.py:430} INFO - ::endgroup::
[2026-06-16T10:48:51.255+0000] {logging_mixin.py:188} INFO - [Silver] Processing snapshot: 2023-10-01
[2026-06-16T10:48:56.683+0000] {logging_mixin.py:188} INFO - [Silver] clickstream
[2026-06-16T10:48:58.019+0000] {logging_mixin.py:188} INFO - [Silver] attributes
[2026-06-16T10:49:05.520+0000] {logging_mixin.py:188} INFO - [Silver] financials
[2026-06-16T10:49:07.086+0000] {logging_mixin.py:188} INFO - [Silver] lms
[2026-06-16T10:49:07.818+0000] {python.py:237} INFO - Done. Returned value was: None
[2026-06-16T10:49:07.821+0000] {taskinstance.py:441} INFO - ::group::Post task execution logs
[2026-06-16T10:49:07.831+0000] {taskinstance.py:1206} INFO - Marking task as SUCCESS. dag_id=CS611_ML_Pipeline, task_id=silver_cleaning, run_id=scheduled__2023-10-01T00:00:00+00:00, execution_date=20231001T000000, start_date=20260616T104848, end_date=20260616T104907
[2026-06-16T10:49:07.946+0000] {local_task_job_runner.py:240} INFO - Task exited with return code 0
[2026-06-16T10:49:07.964+0000] {taskinstance.py:3498} INFO - 2 downstream tasks scheduled from follow-on schedule check
[2026-06-16T10:49:07.967+0000] {local_task_job_runner.py:222} INFO - ::endgroup::
