[2026-06-16T14:54:58.495+0000] {local_task_job_runner.py:120} INFO - ::group::Pre task execution logs
[2026-06-16T14:54:58.524+0000] {taskinstance.py:2076} INFO - Dependencies all met for dep_context=non-requeueable deps ti=<TaskInstance: CS611_ML_Pipeline.bronze_ingestion scheduled__2023-05-01T00:00:00+00:00 [queued]>
[2026-06-16T14:54:58.532+0000] {taskinstance.py:2076} INFO - Dependencies all met for dep_context=requeueable deps ti=<TaskInstance: CS611_ML_Pipeline.bronze_ingestion scheduled__2023-05-01T00:00:00+00:00 [queued]>
[2026-06-16T14:54:58.563+0000] {taskinstance.py:2306} INFO - Starting attempt 3 of 4
[2026-06-16T14:54:58.581+0000] {taskinstance.py:2330} INFO - Executing <Task(PythonOperator): bronze_ingestion> on 2023-05-01 00:00:00+00:00
[2026-06-16T14:54:58.588+0000] {standard_task_runner.py:63} INFO - Started process 6434 to run task
[2026-06-16T14:54:58.593+0000] {standard_task_runner.py:90} INFO - Running: ['***', 'tasks', 'run', 'CS611_ML_Pipeline', 'bronze_ingestion', 'scheduled__2023-05-01T00:00:00+00:00', '--job-id', '474', '--raw', '--subdir', 'DAGS_FOLDER/ml_pipeline_dag.py', '--cfg-path', '/tmp/tmp7agrxrfm']
[2026-06-16T14:54:58.596+0000] {standard_task_runner.py:91} INFO - Job 474: Subtask bronze_ingestion
[2026-06-16T14:54:58.644+0000] {task_command.py:426} INFO - Running <TaskInstance: CS611_ML_Pipeline.bronze_ingestion scheduled__2023-05-01T00:00:00+00:00 [running]> on host 4b9938287cf4
[2026-06-16T14:54:58.898+0000] {taskinstance.py:2648} INFO - Exporting env vars: AIRFLOW_CTX_DAG_OWNER='ahana' AIRFLOW_CTX_DAG_ID='CS611_ML_Pipeline' AIRFLOW_CTX_TASK_ID='bronze_ingestion' AIRFLOW_CTX_EXECUTION_DATE='2023-05-01T00:00:00+00:00' AIRFLOW_CTX_TRY_NUMBER='3' AIRFLOW_CTX_DAG_RUN_ID='scheduled__2023-05-01T00:00:00+00:00'
[2026-06-16T14:54:58.901+0000] {taskinstance.py:430} INFO - ::endgroup::
[2026-06-16T14:55:01.974+0000] {logging_mixin.py:188} INFO - [Bronze] Processing snapshot: 2023-05-01
[2026-06-16T14:55:07.713+0000] {logging_mixin.py:188} INFO - [Bronze] clickstream
[2026-06-16T14:55:08.868+0000] {logging_mixin.py:188} INFO - [Bronze] attributes
[2026-06-16T14:55:11.166+0000] {logging_mixin.py:188} INFO - [Bronze] financials
[2026-06-16T14:55:12.536+0000] {logging_mixin.py:188} INFO - [Bronze] lms
[2026-06-16T14:55:12.849+0000] {python.py:237} INFO - Done. Returned value was: None
[2026-06-16T14:55:12.851+0000] {taskinstance.py:441} INFO - ::group::Post task execution logs
[2026-06-16T14:55:12.861+0000] {taskinstance.py:1206} INFO - Marking task as SUCCESS. dag_id=CS611_ML_Pipeline, task_id=bronze_ingestion, run_id=scheduled__2023-05-01T00:00:00+00:00, execution_date=20230501T000000, start_date=20260616T145458, end_date=20260616T145512
[2026-06-16T14:55:12.963+0000] {local_task_job_runner.py:240} INFO - Task exited with return code 0
[2026-06-16T14:55:13.017+0000] {taskinstance.py:3498} INFO - 1 downstream tasks scheduled from follow-on schedule check
[2026-06-16T14:55:13.040+0000] {local_task_job_runner.py:222} INFO - ::endgroup::
