[2026-06-16T10:40:54.950+0000] {local_task_job_runner.py:120} INFO - ::group::Pre task execution logs
[2026-06-16T10:40:54.973+0000] {taskinstance.py:2076} INFO - Dependencies all met for dep_context=non-requeueable deps ti=<TaskInstance: CS611_ML_Pipeline.bronze_ingestion scheduled__2023-05-01T00:00:00+00:00 [queued]>
[2026-06-16T10:40:54.979+0000] {taskinstance.py:2076} INFO - Dependencies all met for dep_context=requeueable deps ti=<TaskInstance: CS611_ML_Pipeline.bronze_ingestion scheduled__2023-05-01T00:00:00+00:00 [queued]>
[2026-06-16T10:40:54.980+0000] {taskinstance.py:2306} INFO - Starting attempt 1 of 2
[2026-06-16T10:40:54.996+0000] {taskinstance.py:2330} INFO - Executing <Task(PythonOperator): bronze_ingestion> on 2023-05-01 00:00:00+00:00
[2026-06-16T10:40:55.001+0000] {standard_task_runner.py:63} INFO - Started process 6391 to run task
[2026-06-16T10:40:55.003+0000] {standard_task_runner.py:90} INFO - Running: ['***', 'tasks', 'run', 'CS611_ML_Pipeline', 'bronze_ingestion', 'scheduled__2023-05-01T00:00:00+00:00', '--job-id', '38', '--raw', '--subdir', 'DAGS_FOLDER/ml_pipeline_dag.py', '--cfg-path', '/tmp/tmpmbvg6dup']
[2026-06-16T10:40:55.006+0000] {standard_task_runner.py:91} INFO - Job 38: Subtask bronze_ingestion
[2026-06-16T10:40:55.048+0000] {task_command.py:426} INFO - Running <TaskInstance: CS611_ML_Pipeline.bronze_ingestion scheduled__2023-05-01T00:00:00+00:00 [running]> on host 9cb3f452a997
[2026-06-16T10:40:55.317+0000] {taskinstance.py:2648} INFO - Exporting env vars: AIRFLOW_CTX_DAG_OWNER='ahana' AIRFLOW_CTX_DAG_ID='CS611_ML_Pipeline' AIRFLOW_CTX_TASK_ID='bronze_ingestion' AIRFLOW_CTX_EXECUTION_DATE='2023-05-01T00:00:00+00:00' AIRFLOW_CTX_TRY_NUMBER='1' AIRFLOW_CTX_DAG_RUN_ID='scheduled__2023-05-01T00:00:00+00:00'
[2026-06-16T10:40:55.318+0000] {taskinstance.py:430} INFO - ::endgroup::
[2026-06-16T10:40:58.615+0000] {logging_mixin.py:188} INFO - [Bronze] Processing snapshot: 2023-05-01
[2026-06-16T10:41:04.957+0000] {logging_mixin.py:188} INFO - [Bronze] clickstream
[2026-06-16T10:41:06.266+0000] {logging_mixin.py:188} INFO - [Bronze] attributes
[2026-06-16T10:41:07.526+0000] {logging_mixin.py:188} INFO - [Bronze] financials
[2026-06-16T10:41:09.073+0000] {logging_mixin.py:188} INFO - [Bronze] lms
[2026-06-16T10:41:09.482+0000] {python.py:237} INFO - Done. Returned value was: None
[2026-06-16T10:41:09.484+0000] {taskinstance.py:441} INFO - ::group::Post task execution logs
[2026-06-16T10:41:09.495+0000] {taskinstance.py:1206} INFO - Marking task as SUCCESS. dag_id=CS611_ML_Pipeline, task_id=bronze_ingestion, run_id=scheduled__2023-05-01T00:00:00+00:00, execution_date=20230501T000000, start_date=20260616T104054, end_date=20260616T104109
[2026-06-16T10:41:09.554+0000] {local_task_job_runner.py:240} INFO - Task exited with return code 0
[2026-06-16T10:41:09.578+0000] {taskinstance.py:3498} INFO - 1 downstream tasks scheduled from follow-on schedule check
[2026-06-16T10:41:09.591+0000] {local_task_job_runner.py:222} INFO - ::endgroup::
