[2026-06-16T15:01:13.553+0000] {local_task_job_runner.py:120} INFO - ::group::Pre task execution logs
[2026-06-16T15:01:13.582+0000] {taskinstance.py:2076} INFO - Dependencies all met for dep_context=non-requeueable deps ti=<TaskInstance: CS611_ML_Pipeline.silver_cleaning scheduled__2023-09-01T00:00:00+00:00 [queued]>
[2026-06-16T15:01:13.589+0000] {taskinstance.py:2076} INFO - Dependencies all met for dep_context=requeueable deps ti=<TaskInstance: CS611_ML_Pipeline.silver_cleaning scheduled__2023-09-01T00:00:00+00:00 [queued]>
[2026-06-16T15:01:13.591+0000] {taskinstance.py:2306} INFO - Starting attempt 3 of 4
[2026-06-16T15:01:13.601+0000] {taskinstance.py:2330} INFO - Executing <Task(PythonOperator): silver_cleaning> on 2023-09-01 00:00:00+00:00
[2026-06-16T15:01:13.605+0000] {standard_task_runner.py:63} INFO - Started process 14851 to run task
[2026-06-16T15:01:13.608+0000] {standard_task_runner.py:90} INFO - Running: ['***', 'tasks', 'run', 'CS611_ML_Pipeline', 'silver_cleaning', 'scheduled__2023-09-01T00:00:00+00:00', '--job-id', '511', '--raw', '--subdir', 'DAGS_FOLDER/ml_pipeline_dag.py', '--cfg-path', '/tmp/tmp01p4a8_7']
[2026-06-16T15:01:13.611+0000] {standard_task_runner.py:91} INFO - Job 511: Subtask silver_cleaning
[2026-06-16T15:01:13.654+0000] {task_command.py:426} INFO - Running <TaskInstance: CS611_ML_Pipeline.silver_cleaning scheduled__2023-09-01T00:00:00+00:00 [running]> on host 4b9938287cf4
[2026-06-16T15:01:13.933+0000] {taskinstance.py:2648} INFO - Exporting env vars: AIRFLOW_CTX_DAG_OWNER='ahana' AIRFLOW_CTX_DAG_ID='CS611_ML_Pipeline' AIRFLOW_CTX_TASK_ID='silver_cleaning' AIRFLOW_CTX_EXECUTION_DATE='2023-09-01T00:00:00+00:00' AIRFLOW_CTX_TRY_NUMBER='3' AIRFLOW_CTX_DAG_RUN_ID='scheduled__2023-09-01T00:00:00+00:00'
[2026-06-16T15:01:13.935+0000] {taskinstance.py:430} INFO - ::endgroup::
[2026-06-16T15:01:17.340+0000] {logging_mixin.py:188} INFO - [Silver] Processing snapshot: 2023-09-01
[2026-06-16T15:01:24.939+0000] {logging_mixin.py:188} INFO - [Silver] clickstream
[2026-06-16T15:01:27.209+0000] {logging_mixin.py:188} INFO - [Silver] attributes
[2026-06-16T15:01:35.489+0000] {logging_mixin.py:188} INFO - [Silver] financials
[2026-06-16T15:01:38.287+0000] {logging_mixin.py:188} INFO - [Silver] lms
[2026-06-16T15:01:39.257+0000] {python.py:237} INFO - Done. Returned value was: None
[2026-06-16T15:01:39.261+0000] {taskinstance.py:441} INFO - ::group::Post task execution logs
[2026-06-16T15:01:39.281+0000] {taskinstance.py:1206} INFO - Marking task as SUCCESS. dag_id=CS611_ML_Pipeline, task_id=silver_cleaning, run_id=scheduled__2023-09-01T00:00:00+00:00, execution_date=20230901T000000, start_date=20260616T150113, end_date=20260616T150139
[2026-06-16T15:01:39.357+0000] {local_task_job_runner.py:240} INFO - Task exited with return code 0
[2026-06-16T15:01:39.375+0000] {taskinstance.py:3498} INFO - 2 downstream tasks scheduled from follow-on schedule check
[2026-06-16T15:01:39.384+0000] {local_task_job_runner.py:222} INFO - ::endgroup::
