[2026-06-16T10:49:53.757+0000] {local_task_job_runner.py:120} INFO - ::group::Pre task execution logs
[2026-06-16T10:49:53.781+0000] {taskinstance.py:2076} INFO - Dependencies all met for dep_context=non-requeueable deps ti=<TaskInstance: CS611_ML_Pipeline.model_monitoring scheduled__2023-10-01T00:00:00+00:00 [queued]>
[2026-06-16T10:49:53.788+0000] {taskinstance.py:2076} INFO - Dependencies all met for dep_context=requeueable deps ti=<TaskInstance: CS611_ML_Pipeline.model_monitoring scheduled__2023-10-01T00:00:00+00:00 [queued]>
[2026-06-16T10:49:53.790+0000] {taskinstance.py:2306} INFO - Starting attempt 1 of 2
[2026-06-16T10:49:53.798+0000] {taskinstance.py:2330} INFO - Executing <Task(PythonOperator): model_monitoring> on 2023-10-01 00:00:00+00:00
[2026-06-16T10:49:53.802+0000] {standard_task_runner.py:63} INFO - Started process 18635 to run task
[2026-06-16T10:49:53.804+0000] {standard_task_runner.py:90} INFO - Running: ['***', 'tasks', 'run', 'CS611_ML_Pipeline', 'model_monitoring', 'scheduled__2023-10-01T00:00:00+00:00', '--job-id', '90', '--raw', '--subdir', 'DAGS_FOLDER/ml_pipeline_dag.py', '--cfg-path', '/tmp/tmppih6wpwq']
[2026-06-16T10:49:53.806+0000] {standard_task_runner.py:91} INFO - Job 90: Subtask model_monitoring
[2026-06-16T10:49:53.843+0000] {task_command.py:426} INFO - Running <TaskInstance: CS611_ML_Pipeline.model_monitoring scheduled__2023-10-01T00:00:00+00:00 [running]> on host 9cb3f452a997
[2026-06-16T10:49:54.030+0000] {taskinstance.py:2648} INFO - Exporting env vars: AIRFLOW_CTX_DAG_OWNER='ahana' AIRFLOW_CTX_DAG_ID='CS611_ML_Pipeline' AIRFLOW_CTX_TASK_ID='model_monitoring' AIRFLOW_CTX_EXECUTION_DATE='2023-10-01T00:00:00+00:00' AIRFLOW_CTX_TRY_NUMBER='1' AIRFLOW_CTX_DAG_RUN_ID='scheduled__2023-10-01T00:00:00+00:00'
[2026-06-16T10:49:54.031+0000] {taskinstance.py:430} INFO - ::endgroup::
[2026-06-16T10:49:55.346+0000] {logging_mixin.py:188} INFO - [Monitor] Running monitoring for 2023-10-01
[2026-06-16T10:49:55.384+0000] {logging_mixin.py:188} INFO - [Monitor] PSI = 0.0373 -> Stable
[2026-06-16T10:49:55.548+0000] {logging_mixin.py:188} INFO - [Monitor] Saved monitoring record -> /opt/***/datamart/gold/monitoring/2023_10_01.parquet
[2026-06-16T10:49:55.549+0000] {logging_mixin.py:188} INFO - [Monitor] PSI=0.0373 | AUC=None
[2026-06-16T10:49:55.549+0000] {python.py:237} INFO - Done. Returned value was: None
[2026-06-16T10:49:55.549+0000] {taskinstance.py:441} INFO - ::group::Post task execution logs
[2026-06-16T10:49:55.557+0000] {taskinstance.py:1206} INFO - Marking task as SUCCESS. dag_id=CS611_ML_Pipeline, task_id=model_monitoring, run_id=scheduled__2023-10-01T00:00:00+00:00, execution_date=20231001T000000, start_date=20260616T104953, end_date=20260616T104955
[2026-06-16T10:49:55.616+0000] {local_task_job_runner.py:240} INFO - Task exited with return code 0
[2026-06-16T10:49:55.631+0000] {taskinstance.py:3498} INFO - 1 downstream tasks scheduled from follow-on schedule check
[2026-06-16T10:49:55.635+0000] {local_task_job_runner.py:222} INFO - ::endgroup::
