[2026-06-16T15:04:02.223+0000] {local_task_job_runner.py:120} INFO - ::group::Pre task execution logs
[2026-06-16T15:04:02.253+0000] {taskinstance.py:2076} INFO - Dependencies all met for dep_context=non-requeueable deps ti=<TaskInstance: CS611_ML_Pipeline.model_monitoring scheduled__2023-10-01T00:00:00+00:00 [queued]>
[2026-06-16T15:04:02.260+0000] {taskinstance.py:2076} INFO - Dependencies all met for dep_context=requeueable deps ti=<TaskInstance: CS611_ML_Pipeline.model_monitoring scheduled__2023-10-01T00:00:00+00:00 [queued]>
[2026-06-16T15:04:02.263+0000] {taskinstance.py:2306} INFO - Starting attempt 3 of 4
[2026-06-16T15:04:02.275+0000] {taskinstance.py:2330} INFO - Executing <Task(PythonOperator): model_monitoring> on 2023-10-01 00:00:00+00:00
[2026-06-16T15:04:02.281+0000] {standard_task_runner.py:63} INFO - Started process 18711 to run task
[2026-06-16T15:04:02.285+0000] {standard_task_runner.py:90} INFO - Running: ['***', 'tasks', 'run', 'CS611_ML_Pipeline', 'model_monitoring', 'scheduled__2023-10-01T00:00:00+00:00', '--job-id', '526', '--raw', '--subdir', 'DAGS_FOLDER/ml_pipeline_dag.py', '--cfg-path', '/tmp/tmpger5vrjr']
[2026-06-16T15:04:02.287+0000] {standard_task_runner.py:91} INFO - Job 526: Subtask model_monitoring
[2026-06-16T15:04:02.344+0000] {task_command.py:426} INFO - Running <TaskInstance: CS611_ML_Pipeline.model_monitoring scheduled__2023-10-01T00:00:00+00:00 [running]> on host 4b9938287cf4
[2026-06-16T15:04:02.627+0000] {taskinstance.py:2648} INFO - Exporting env vars: AIRFLOW_CTX_DAG_OWNER='ahana' AIRFLOW_CTX_DAG_ID='CS611_ML_Pipeline' AIRFLOW_CTX_TASK_ID='model_monitoring' AIRFLOW_CTX_EXECUTION_DATE='2023-10-01T00:00:00+00:00' AIRFLOW_CTX_TRY_NUMBER='3' AIRFLOW_CTX_DAG_RUN_ID='scheduled__2023-10-01T00:00:00+00:00'
[2026-06-16T15:04:02.629+0000] {taskinstance.py:430} INFO - ::endgroup::
[2026-06-16T15:04:04.475+0000] {logging_mixin.py:188} INFO - [Monitor] Running monitoring for 2023-10-01
[2026-06-16T15:04:04.548+0000] {logging_mixin.py:188} INFO - [Monitor] PSI = 0.0373 -> Stable
[2026-06-16T15:04:05.095+0000] {logging_mixin.py:188} INFO - [Monitor] Saved monitoring record -> /opt/***/datamart/gold/monitoring/2023_10_01.parquet
[2026-06-16T15:04:05.096+0000] {logging_mixin.py:188} INFO - [Monitor] PSI=0.0373 | AUC=None
[2026-06-16T15:04:05.096+0000] {python.py:237} INFO - Done. Returned value was: None
[2026-06-16T15:04:05.097+0000] {taskinstance.py:441} INFO - ::group::Post task execution logs
[2026-06-16T15:04:05.105+0000] {taskinstance.py:1206} INFO - Marking task as SUCCESS. dag_id=CS611_ML_Pipeline, task_id=model_monitoring, run_id=scheduled__2023-10-01T00:00:00+00:00, execution_date=20231001T000000, start_date=20260616T150402, end_date=20260616T150405
[2026-06-16T15:04:05.153+0000] {local_task_job_runner.py:240} INFO - Task exited with return code 0
[2026-06-16T15:04:05.175+0000] {taskinstance.py:3498} INFO - 1 downstream tasks scheduled from follow-on schedule check
[2026-06-16T15:04:05.179+0000] {local_task_job_runner.py:222} INFO - ::endgroup::
