[2026-06-16T12:46:11.351+0000] {local_task_job_runner.py:120} INFO - ::group::Pre task execution logs
[2026-06-16T12:46:11.383+0000] {taskinstance.py:2076} INFO - Dependencies all met for dep_context=non-requeueable deps ti=<TaskInstance: CS611_ML_Pipeline.model_monitoring scheduled__2023-10-01T00:00:00+00:00 [queued]>
[2026-06-16T12:46:11.392+0000] {taskinstance.py:2076} INFO - Dependencies all met for dep_context=requeueable deps ti=<TaskInstance: CS611_ML_Pipeline.model_monitoring scheduled__2023-10-01T00:00:00+00:00 [queued]>
[2026-06-16T12:46:11.394+0000] {taskinstance.py:2306} INFO - Starting attempt 2 of 3
[2026-06-16T12:46:11.407+0000] {taskinstance.py:2330} INFO - Executing <Task(PythonOperator): model_monitoring> on 2023-10-01 00:00:00+00:00
[2026-06-16T12:46:11.412+0000] {standard_task_runner.py:63} INFO - Started process 22233 to run task
[2026-06-16T12:46:11.415+0000] {standard_task_runner.py:90} INFO - Running: ['***', 'tasks', 'run', 'CS611_ML_Pipeline', 'model_monitoring', 'scheduled__2023-10-01T00:00:00+00:00', '--job-id', '309', '--raw', '--subdir', 'DAGS_FOLDER/ml_pipeline_dag.py', '--cfg-path', '/tmp/tmp_2ssl7rc']
[2026-06-16T12:46:11.417+0000] {standard_task_runner.py:91} INFO - Job 309: Subtask model_monitoring
[2026-06-16T12:46:11.470+0000] {task_command.py:426} INFO - Running <TaskInstance: CS611_ML_Pipeline.model_monitoring scheduled__2023-10-01T00:00:00+00:00 [running]> on host 0e5a6fd60e5a
[2026-06-16T12:46:11.708+0000] {taskinstance.py:2648} INFO - Exporting env vars: AIRFLOW_CTX_DAG_OWNER='ahana' AIRFLOW_CTX_DAG_ID='CS611_ML_Pipeline' AIRFLOW_CTX_TASK_ID='model_monitoring' AIRFLOW_CTX_EXECUTION_DATE='2023-10-01T00:00:00+00:00' AIRFLOW_CTX_TRY_NUMBER='2' AIRFLOW_CTX_DAG_RUN_ID='scheduled__2023-10-01T00:00:00+00:00'
[2026-06-16T12:46:11.709+0000] {taskinstance.py:430} INFO - ::endgroup::
[2026-06-16T12:46:13.461+0000] {logging_mixin.py:188} INFO - [Monitor] Running monitoring for 2023-10-01
[2026-06-16T12:46:13.510+0000] {logging_mixin.py:188} INFO - [Monitor] PSI = 0.0421 -> Stable
[2026-06-16T12:46:14.342+0000] {logging_mixin.py:188} INFO - [Monitor] Saved monitoring record -> /opt/***/datamart/gold/monitoring/2023_10_01.parquet
[2026-06-16T12:46:14.343+0000] {logging_mixin.py:188} INFO - [Monitor] PSI=0.0421 | AUC=None
[2026-06-16T12:46:14.343+0000] {python.py:237} INFO - Done. Returned value was: None
[2026-06-16T12:46:14.344+0000] {taskinstance.py:441} INFO - ::group::Post task execution logs
[2026-06-16T12:46:14.353+0000] {taskinstance.py:1206} INFO - Marking task as SUCCESS. dag_id=CS611_ML_Pipeline, task_id=model_monitoring, run_id=scheduled__2023-10-01T00:00:00+00:00, execution_date=20231001T000000, start_date=20260616T124611, end_date=20260616T124614
[2026-06-16T12:46:14.404+0000] {local_task_job_runner.py:240} INFO - Task exited with return code 0
[2026-06-16T12:46:14.425+0000] {taskinstance.py:3498} INFO - 1 downstream tasks scheduled from follow-on schedule check
[2026-06-16T12:46:14.429+0000] {local_task_job_runner.py:222} INFO - ::endgroup::
