[2026-06-16T15:19:26.709+0000] {local_task_job_runner.py:120} INFO - ::group::Pre task execution logs
[2026-06-16T15:19:26.738+0000] {taskinstance.py:2076} INFO - Dependencies all met for dep_context=non-requeueable deps ti=<TaskInstance: CS611_ML_Pipeline.model_prediction scheduled__2024-07-01T00:00:00+00:00 [queued]>
[2026-06-16T15:19:26.753+0000] {taskinstance.py:2076} INFO - Dependencies all met for dep_context=requeueable deps ti=<TaskInstance: CS611_ML_Pipeline.model_prediction scheduled__2024-07-01T00:00:00+00:00 [queued]>
[2026-06-16T15:19:26.756+0000] {taskinstance.py:2306} INFO - Starting attempt 3 of 4
[2026-06-16T15:19:26.765+0000] {taskinstance.py:2330} INFO - Executing <Task(PythonOperator): model_prediction> on 2024-07-01 00:00:00+00:00
[2026-06-16T15:19:26.769+0000] {standard_task_runner.py:63} INFO - Started process 40570 to run task
[2026-06-16T15:19:26.771+0000] {standard_task_runner.py:90} INFO - Running: ['***', 'tasks', 'run', 'CS611_ML_Pipeline', 'model_prediction', 'scheduled__2024-07-01T00:00:00+00:00', '--job-id', '606', '--raw', '--subdir', 'DAGS_FOLDER/ml_pipeline_dag.py', '--cfg-path', '/tmp/tmpplr096br']
[2026-06-16T15:19:26.773+0000] {standard_task_runner.py:91} INFO - Job 606: Subtask model_prediction
[2026-06-16T15:19:26.824+0000] {task_command.py:426} INFO - Running <TaskInstance: CS611_ML_Pipeline.model_prediction scheduled__2024-07-01T00:00:00+00:00 [running]> on host 4b9938287cf4
[2026-06-16T15:19:27.071+0000] {taskinstance.py:2648} INFO - Exporting env vars: AIRFLOW_CTX_DAG_OWNER='ahana' AIRFLOW_CTX_DAG_ID='CS611_ML_Pipeline' AIRFLOW_CTX_TASK_ID='model_prediction' AIRFLOW_CTX_EXECUTION_DATE='2024-07-01T00:00:00+00:00' AIRFLOW_CTX_TRY_NUMBER='3' AIRFLOW_CTX_DAG_RUN_ID='scheduled__2024-07-01T00:00:00+00:00'
[2026-06-16T15:19:27.074+0000] {taskinstance.py:430} INFO - ::endgroup::
[2026-06-16T15:19:28.267+0000] {logging_mixin.py:188} INFO - [Model] Loaded: gradient_boosting trained on 2024-07-01
[2026-06-16T15:19:28.268+0000] {logging_mixin.py:188} INFO - [Predict] Running inference for 2024-07-01
[2026-06-16T15:19:28.526+0000] {logging_mixin.py:188} INFO - [Predict] Saved 505 predictions -> /opt/***/datamart/gold/predictions/2024_07_01.parquet
[2026-06-16T15:19:28.527+0000] {logging_mixin.py:188} INFO - [Predict] Default rate predicted: 11.3%
[2026-06-16T15:19:28.528+0000] {logging_mixin.py:188} INFO - [Predict] 505 predictions saved
[2026-06-16T15:19:28.529+0000] {python.py:237} INFO - Done. Returned value was: None
[2026-06-16T15:19:28.531+0000] {taskinstance.py:441} INFO - ::group::Post task execution logs
[2026-06-16T15:19:28.540+0000] {taskinstance.py:1206} INFO - Marking task as SUCCESS. dag_id=CS611_ML_Pipeline, task_id=model_prediction, run_id=scheduled__2024-07-01T00:00:00+00:00, execution_date=20240701T000000, start_date=20260616T151926, end_date=20260616T151928
[2026-06-16T15:19:28.665+0000] {local_task_job_runner.py:240} INFO - Task exited with return code 0
[2026-06-16T15:19:28.686+0000] {taskinstance.py:3498} INFO - 1 downstream tasks scheduled from follow-on schedule check
[2026-06-16T15:19:28.722+0000] {local_task_job_runner.py:222} INFO - ::endgroup::
