[2026-06-16T11:06:30.014+0000] {local_task_job_runner.py:120} INFO - ::group::Pre task execution logs
[2026-06-16T11:06:30.036+0000] {taskinstance.py:2076} INFO - Dependencies all met for dep_context=non-requeueable deps ti=<TaskInstance: CS611_ML_Pipeline.visualise_monitoring scheduled__2024-07-01T00:00:00+00:00 [queued]>
[2026-06-16T11:06:30.042+0000] {taskinstance.py:2076} INFO - Dependencies all met for dep_context=requeueable deps ti=<TaskInstance: CS611_ML_Pipeline.visualise_monitoring scheduled__2024-07-01T00:00:00+00:00 [queued]>
[2026-06-16T11:06:30.044+0000] {taskinstance.py:2306} INFO - Starting attempt 1 of 2
[2026-06-16T11:06:30.054+0000] {taskinstance.py:2330} INFO - Executing <Task(PythonOperator): visualise_monitoring> on 2024-07-01 00:00:00+00:00
[2026-06-16T11:06:30.058+0000] {standard_task_runner.py:63} INFO - Started process 40079 to run task
[2026-06-16T11:06:30.062+0000] {standard_task_runner.py:90} INFO - Running: ['***', 'tasks', 'run', 'CS611_ML_Pipeline', 'visualise_monitoring', 'scheduled__2024-07-01T00:00:00+00:00', '--job-id', '172', '--raw', '--subdir', 'DAGS_FOLDER/ml_pipeline_dag.py', '--cfg-path', '/tmp/tmpujznul0x']
[2026-06-16T11:06:30.064+0000] {standard_task_runner.py:91} INFO - Job 172: Subtask visualise_monitoring
[2026-06-16T11:06:30.104+0000] {task_command.py:426} INFO - Running <TaskInstance: CS611_ML_Pipeline.visualise_monitoring scheduled__2024-07-01T00:00:00+00:00 [running]> on host 9cb3f452a997
[2026-06-16T11:06:30.306+0000] {taskinstance.py:2648} INFO - Exporting env vars: AIRFLOW_CTX_DAG_OWNER='ahana' AIRFLOW_CTX_DAG_ID='CS611_ML_Pipeline' AIRFLOW_CTX_TASK_ID='visualise_monitoring' AIRFLOW_CTX_EXECUTION_DATE='2024-07-01T00:00:00+00:00' AIRFLOW_CTX_TRY_NUMBER='1' AIRFLOW_CTX_DAG_RUN_ID='scheduled__2024-07-01T00:00:00+00:00'
[2026-06-16T11:06:30.307+0000] {taskinstance.py:430} INFO - ::endgroup::
[2026-06-16T11:06:31.693+0000] {logging_mixin.py:188} WARNING - /opt/***/utils/monitor.py:218 FutureWarning: The behavior of DataFrame concatenation with empty or all-NA entries is deprecated. In a future version, this will no longer exclude empty or all-NA columns when determining the result dtypes. To retain the old behavior, exclude the relevant entries before the concat operation.
[2026-06-16T11:06:32.536+0000] {logging_mixin.py:188} INFO - [Visualise] Dashboard saved as /opt/***/reports/monitoring_dashboard.png
[2026-06-16T11:06:32.537+0000] {logging_mixin.py:188} INFO - [Visualise] Dashboard saved to /opt/***/reports/monitoring_dashboard.png
[2026-06-16T11:06:32.538+0000] {python.py:237} INFO - Done. Returned value was: None
[2026-06-16T11:06:32.538+0000] {taskinstance.py:441} INFO - ::group::Post task execution logs
[2026-06-16T11:06:32.545+0000] {taskinstance.py:1206} INFO - Marking task as SUCCESS. dag_id=CS611_ML_Pipeline, task_id=visualise_monitoring, run_id=scheduled__2024-07-01T00:00:00+00:00, execution_date=20240701T000000, start_date=20260616T110630, end_date=20260616T110632
[2026-06-16T11:06:32.607+0000] {local_task_job_runner.py:240} INFO - Task exited with return code 0
[2026-06-16T11:06:32.624+0000] {taskinstance.py:3498} INFO - 0 downstream tasks scheduled from follow-on schedule check
[2026-06-16T11:06:32.628+0000] {local_task_job_runner.py:222} INFO - ::endgroup::
