[2026-06-16T15:27:47.678+0000] {local_task_job_runner.py:120} INFO - ::group::Pre task execution logs
[2026-06-16T15:27:47.699+0000] {taskinstance.py:2076} INFO - Dependencies all met for dep_context=non-requeueable deps ti=<TaskInstance: CS611_ML_Pipeline.model_prediction scheduled__2024-12-01T00:00:00+00:00 [queued]>
[2026-06-16T15:27:47.705+0000] {taskinstance.py:2076} INFO - Dependencies all met for dep_context=requeueable deps ti=<TaskInstance: CS611_ML_Pipeline.model_prediction scheduled__2024-12-01T00:00:00+00:00 [queued]>
[2026-06-16T15:27:47.706+0000] {taskinstance.py:2306} INFO - Starting attempt 3 of 4
[2026-06-16T15:27:47.718+0000] {taskinstance.py:2330} INFO - Executing <Task(PythonOperator): model_prediction> on 2024-12-01 00:00:00+00:00
[2026-06-16T15:27:47.722+0000] {standard_task_runner.py:63} INFO - Started process 52750 to run task
[2026-06-16T15:27:47.724+0000] {standard_task_runner.py:90} INFO - Running: ['***', 'tasks', 'run', 'CS611_ML_Pipeline', 'model_prediction', 'scheduled__2024-12-01T00:00:00+00:00', '--job-id', '651', '--raw', '--subdir', 'DAGS_FOLDER/ml_pipeline_dag.py', '--cfg-path', '/tmp/tmp87su4kmf']
[2026-06-16T15:27:47.726+0000] {standard_task_runner.py:91} INFO - Job 651: Subtask model_prediction
[2026-06-16T15:27:47.762+0000] {task_command.py:426} INFO - Running <TaskInstance: CS611_ML_Pipeline.model_prediction scheduled__2024-12-01T00:00:00+00:00 [running]> on host 4b9938287cf4
[2026-06-16T15:27:48.004+0000] {taskinstance.py:2648} INFO - Exporting env vars: AIRFLOW_CTX_DAG_OWNER='ahana' AIRFLOW_CTX_DAG_ID='CS611_ML_Pipeline' AIRFLOW_CTX_TASK_ID='model_prediction' AIRFLOW_CTX_EXECUTION_DATE='2024-12-01T00:00:00+00:00' AIRFLOW_CTX_TRY_NUMBER='3' AIRFLOW_CTX_DAG_RUN_ID='scheduled__2024-12-01T00:00:00+00:00'
[2026-06-16T15:27:48.006+0000] {taskinstance.py:430} INFO - ::endgroup::
[2026-06-16T15:27:49.182+0000] {logging_mixin.py:188} INFO - [Model] Loaded: gradient_boosting trained on 2024-07-01
[2026-06-16T15:27:49.183+0000] {logging_mixin.py:188} INFO - [Predict] Running inference for 2024-12-01
[2026-06-16T15:27:49.344+0000] {logging_mixin.py:188} INFO - [Predict] Saved 515 predictions -> /opt/***/datamart/gold/predictions/2024_12_01.parquet
[2026-06-16T15:27:49.345+0000] {logging_mixin.py:188} INFO - [Predict] Default rate predicted: 6.2%
[2026-06-16T15:27:49.346+0000] {logging_mixin.py:188} INFO - [Predict] 515 predictions saved
[2026-06-16T15:27:49.346+0000] {python.py:237} INFO - Done. Returned value was: None
[2026-06-16T15:27:49.347+0000] {taskinstance.py:441} INFO - ::group::Post task execution logs
[2026-06-16T15:27:49.357+0000] {taskinstance.py:1206} INFO - Marking task as SUCCESS. dag_id=CS611_ML_Pipeline, task_id=model_prediction, run_id=scheduled__2024-12-01T00:00:00+00:00, execution_date=20241201T000000, start_date=20260616T152747, end_date=20260616T152749
[2026-06-16T15:27:49.430+0000] {local_task_job_runner.py:240} INFO - Task exited with return code 0
[2026-06-16T15:27:49.457+0000] {taskinstance.py:3498} INFO - 1 downstream tasks scheduled from follow-on schedule check
[2026-06-16T15:27:49.461+0000] {local_task_job_runner.py:222} INFO - ::endgroup::
