[2026-06-16T11:14:41.962+0000] {local_task_job_runner.py:120} INFO - ::group::Pre task execution logs
[2026-06-16T11:14:41.990+0000] {taskinstance.py:2076} INFO - Dependencies all met for dep_context=non-requeueable deps ti=<TaskInstance: CS611_ML_Pipeline.model_prediction scheduled__2024-12-01T00:00:00+00:00 [queued]>
[2026-06-16T11:14:41.998+0000] {taskinstance.py:2076} INFO - Dependencies all met for dep_context=requeueable deps ti=<TaskInstance: CS611_ML_Pipeline.model_prediction scheduled__2024-12-01T00:00:00+00:00 [queued]>
[2026-06-16T11:14:42.000+0000] {taskinstance.py:2306} INFO - Starting attempt 1 of 2
[2026-06-16T11:14:42.012+0000] {taskinstance.py:2330} INFO - Executing <Task(PythonOperator): model_prediction> on 2024-12-01 00:00:00+00:00
[2026-06-16T11:14:42.016+0000] {standard_task_runner.py:63} INFO - Started process 52006 to run task
[2026-06-16T11:14:42.019+0000] {standard_task_runner.py:90} INFO - Running: ['***', 'tasks', 'run', 'CS611_ML_Pipeline', 'model_prediction', 'scheduled__2024-12-01T00:00:00+00:00', '--job-id', '215', '--raw', '--subdir', 'DAGS_FOLDER/ml_pipeline_dag.py', '--cfg-path', '/tmp/tmpv9o1rhiw']
[2026-06-16T11:14:42.021+0000] {standard_task_runner.py:91} INFO - Job 215: Subtask model_prediction
[2026-06-16T11:14:42.063+0000] {task_command.py:426} INFO - Running <TaskInstance: CS611_ML_Pipeline.model_prediction scheduled__2024-12-01T00:00:00+00:00 [running]> on host 9cb3f452a997
[2026-06-16T11:14:42.281+0000] {taskinstance.py:2648} INFO - Exporting env vars: AIRFLOW_CTX_DAG_OWNER='ahana' AIRFLOW_CTX_DAG_ID='CS611_ML_Pipeline' AIRFLOW_CTX_TASK_ID='model_prediction' AIRFLOW_CTX_EXECUTION_DATE='2024-12-01T00:00:00+00:00' AIRFLOW_CTX_TRY_NUMBER='1' AIRFLOW_CTX_DAG_RUN_ID='scheduled__2024-12-01T00:00:00+00:00'
[2026-06-16T11:14:42.282+0000] {taskinstance.py:430} INFO - ::endgroup::
[2026-06-16T11:14:43.872+0000] {logging_mixin.py:188} INFO - [Model] Loaded: gradient_boosting trained on 2024-07-01
[2026-06-16T11:14:43.873+0000] {logging_mixin.py:188} INFO - [Predict] Running inference for 2024-12-01
[2026-06-16T11:14:44.010+0000] {logging_mixin.py:188} INFO - [Predict] Saved 515 predictions -> /opt/***/datamart/gold/predictions/2024_12_01.parquet
[2026-06-16T11:14:44.011+0000] {logging_mixin.py:188} INFO - [Predict] Default rate predicted: 6.2%
[2026-06-16T11:14:44.012+0000] {logging_mixin.py:188} INFO - [Predict] 515 predictions saved
[2026-06-16T11:14:44.012+0000] {python.py:237} INFO - Done. Returned value was: None
[2026-06-16T11:14:44.013+0000] {taskinstance.py:441} INFO - ::group::Post task execution logs
[2026-06-16T11:14:44.024+0000] {taskinstance.py:1206} INFO - Marking task as SUCCESS. dag_id=CS611_ML_Pipeline, task_id=model_prediction, run_id=scheduled__2024-12-01T00:00:00+00:00, execution_date=20241201T000000, start_date=20260616T111441, end_date=20260616T111444
[2026-06-16T11:14:44.084+0000] {local_task_job_runner.py:240} INFO - Task exited with return code 0
[2026-06-16T11:14:44.115+0000] {taskinstance.py:3498} INFO - 1 downstream tasks scheduled from follow-on schedule check
[2026-06-16T11:14:44.119+0000] {local_task_job_runner.py:222} INFO - ::endgroup::
