[2026-06-16T13:24:29.864+0000] {local_task_job_runner.py:120} INFO - ::group::Pre task execution logs
[2026-06-16T13:24:29.922+0000] {taskinstance.py:2076} INFO - Dependencies all met for dep_context=non-requeueable deps ti=<TaskInstance: CS611_ML_Pipeline.model_monitoring scheduled__2024-10-01T00:00:00+00:00 [queued]>
[2026-06-16T13:24:29.937+0000] {taskinstance.py:2076} INFO - Dependencies all met for dep_context=requeueable deps ti=<TaskInstance: CS611_ML_Pipeline.model_monitoring scheduled__2024-10-01T00:00:00+00:00 [queued]>
[2026-06-16T13:24:29.939+0000] {taskinstance.py:2306} INFO - Starting attempt 2 of 3
[2026-06-16T13:24:29.963+0000] {taskinstance.py:2330} INFO - Executing <Task(PythonOperator): model_monitoring> on 2024-10-01 00:00:00+00:00
[2026-06-16T13:24:29.972+0000] {standard_task_runner.py:63} INFO - Started process 52585 to run task
[2026-06-16T13:24:29.977+0000] {standard_task_runner.py:90} INFO - Running: ['***', 'tasks', 'run', 'CS611_ML_Pipeline', 'model_monitoring', 'scheduled__2024-10-01T00:00:00+00:00', '--job-id', '417', '--raw', '--subdir', 'DAGS_FOLDER/ml_pipeline_dag.py', '--cfg-path', '/tmp/tmppih5a24x']
[2026-06-16T13:24:29.984+0000] {standard_task_runner.py:91} INFO - Job 417: Subtask model_monitoring
[2026-06-16T13:24:30.086+0000] {task_command.py:426} INFO - Running <TaskInstance: CS611_ML_Pipeline.model_monitoring scheduled__2024-10-01T00:00:00+00:00 [running]> on host 0e5a6fd60e5a
[2026-06-16T13:24:30.515+0000] {taskinstance.py:2648} INFO - Exporting env vars: AIRFLOW_CTX_DAG_OWNER='ahana' AIRFLOW_CTX_DAG_ID='CS611_ML_Pipeline' AIRFLOW_CTX_TASK_ID='model_monitoring' AIRFLOW_CTX_EXECUTION_DATE='2024-10-01T00:00:00+00:00' AIRFLOW_CTX_TRY_NUMBER='2' AIRFLOW_CTX_DAG_RUN_ID='scheduled__2024-10-01T00:00:00+00:00'
[2026-06-16T13:24:30.516+0000] {taskinstance.py:430} INFO - ::endgroup::
[2026-06-16T13:24:32.915+0000] {logging_mixin.py:188} INFO - [Monitor] Running monitoring for 2024-10-01
[2026-06-16T13:24:32.999+0000] {logging_mixin.py:188} INFO - [Monitor] PSI = 0.0527 -> Stable
[2026-06-16T13:24:34.552+0000] {logging_mixin.py:188} INFO - [Monitor] Saved monitoring record -> /opt/***/datamart/gold/monitoring/2024_10_01.parquet
[2026-06-16T13:24:34.553+0000] {logging_mixin.py:188} INFO - [Monitor] PSI=0.0527 | AUC=None
[2026-06-16T13:24:34.554+0000] {python.py:237} INFO - Done. Returned value was: None
[2026-06-16T13:24:34.554+0000] {taskinstance.py:441} INFO - ::group::Post task execution logs
[2026-06-16T13:24:34.566+0000] {taskinstance.py:1206} INFO - Marking task as SUCCESS. dag_id=CS611_ML_Pipeline, task_id=model_monitoring, run_id=scheduled__2024-10-01T00:00:00+00:00, execution_date=20241001T000000, start_date=20260616T132429, end_date=20260616T132434
[2026-06-16T13:24:34.619+0000] {local_task_job_runner.py:240} INFO - Task exited with return code 0
[2026-06-16T13:24:34.645+0000] {taskinstance.py:3498} INFO - 1 downstream tasks scheduled from follow-on schedule check
[2026-06-16T13:24:34.651+0000] {local_task_job_runner.py:222} INFO - ::endgroup::
