[2026-06-16T11:02:53.742+0000] {local_task_job_runner.py:120} INFO - ::group::Pre task execution logs
[2026-06-16T11:02:53.765+0000] {taskinstance.py:2076} INFO - Dependencies all met for dep_context=non-requeueable deps ti=<TaskInstance: CS611_ML_Pipeline.silver_cleaning scheduled__2024-06-01T00:00:00+00:00 [queued]>
[2026-06-16T11:02:53.771+0000] {taskinstance.py:2076} INFO - Dependencies all met for dep_context=requeueable deps ti=<TaskInstance: CS611_ML_Pipeline.silver_cleaning scheduled__2024-06-01T00:00:00+00:00 [queued]>
[2026-06-16T11:02:53.774+0000] {taskinstance.py:2306} INFO - Starting attempt 1 of 2
[2026-06-16T11:02:53.784+0000] {taskinstance.py:2330} INFO - Executing <Task(PythonOperator): silver_cleaning> on 2024-06-01 00:00:00+00:00
[2026-06-16T11:02:53.789+0000] {standard_task_runner.py:63} INFO - Started process 35483 to run task
[2026-06-16T11:02:53.792+0000] {standard_task_runner.py:90} INFO - Running: ['***', 'tasks', 'run', 'CS611_ML_Pipeline', 'silver_cleaning', 'scheduled__2024-06-01T00:00:00+00:00', '--job-id', '156', '--raw', '--subdir', 'DAGS_FOLDER/ml_pipeline_dag.py', '--cfg-path', '/tmp/tmpovdco7c7']
[2026-06-16T11:02:53.794+0000] {standard_task_runner.py:91} INFO - Job 156: Subtask silver_cleaning
[2026-06-16T11:02:53.832+0000] {task_command.py:426} INFO - Running <TaskInstance: CS611_ML_Pipeline.silver_cleaning scheduled__2024-06-01T00:00:00+00:00 [running]> on host 9cb3f452a997
[2026-06-16T11:02:54.016+0000] {taskinstance.py:2648} INFO - Exporting env vars: AIRFLOW_CTX_DAG_OWNER='ahana' AIRFLOW_CTX_DAG_ID='CS611_ML_Pipeline' AIRFLOW_CTX_TASK_ID='silver_cleaning' AIRFLOW_CTX_EXECUTION_DATE='2024-06-01T00:00:00+00:00' AIRFLOW_CTX_TRY_NUMBER='1' AIRFLOW_CTX_DAG_RUN_ID='scheduled__2024-06-01T00:00:00+00:00'
[2026-06-16T11:02:54.019+0000] {taskinstance.py:430} INFO - ::endgroup::
[2026-06-16T11:02:57.231+0000] {logging_mixin.py:188} INFO - [Silver] Processing snapshot: 2024-06-01
[2026-06-16T11:03:02.983+0000] {logging_mixin.py:188} INFO - [Silver] clickstream
[2026-06-16T11:03:04.208+0000] {logging_mixin.py:188} INFO - [Silver] attributes
[2026-06-16T11:03:12.208+0000] {logging_mixin.py:188} INFO - [Silver] financials
[2026-06-16T11:03:14.412+0000] {logging_mixin.py:188} INFO - [Silver] lms
[2026-06-16T11:03:15.241+0000] {python.py:237} INFO - Done. Returned value was: None
[2026-06-16T11:03:15.244+0000] {taskinstance.py:441} INFO - ::group::Post task execution logs
[2026-06-16T11:03:15.254+0000] {taskinstance.py:1206} INFO - Marking task as SUCCESS. dag_id=CS611_ML_Pipeline, task_id=silver_cleaning, run_id=scheduled__2024-06-01T00:00:00+00:00, execution_date=20240601T000000, start_date=20260616T110253, end_date=20260616T110315
[2026-06-16T11:03:15.359+0000] {local_task_job_runner.py:240} INFO - Task exited with return code 0
[2026-06-16T11:03:15.383+0000] {taskinstance.py:3498} INFO - 0 downstream tasks scheduled from follow-on schedule check
[2026-06-16T11:03:15.386+0000] {local_task_job_runner.py:222} INFO - ::endgroup::
