[2026-06-16T11:02:30.681+0000] {local_task_job_runner.py:120} INFO - ::group::Pre task execution logs
[2026-06-16T11:02:30.706+0000] {taskinstance.py:2076} INFO - Dependencies all met for dep_context=non-requeueable deps ti=<TaskInstance: CS611_ML_Pipeline.model_monitoring scheduled__2024-05-01T00:00:00+00:00 [queued]>
[2026-06-16T11:02:30.713+0000] {taskinstance.py:2076} INFO - Dependencies all met for dep_context=requeueable deps ti=<TaskInstance: CS611_ML_Pipeline.model_monitoring scheduled__2024-05-01T00:00:00+00:00 [queued]>
[2026-06-16T11:02:30.716+0000] {taskinstance.py:2306} INFO - Starting attempt 1 of 2
[2026-06-16T11:02:30.725+0000] {taskinstance.py:2330} INFO - Executing <Task(PythonOperator): model_monitoring> on 2024-05-01 00:00:00+00:00
[2026-06-16T11:02:30.730+0000] {standard_task_runner.py:63} INFO - Started process 34996 to run task
[2026-06-16T11:02:30.733+0000] {standard_task_runner.py:90} INFO - Running: ['***', 'tasks', 'run', 'CS611_ML_Pipeline', 'model_monitoring', 'scheduled__2024-05-01T00:00:00+00:00', '--job-id', '153', '--raw', '--subdir', 'DAGS_FOLDER/ml_pipeline_dag.py', '--cfg-path', '/tmp/tmpo5xc_q_a']
[2026-06-16T11:02:30.735+0000] {standard_task_runner.py:91} INFO - Job 153: Subtask model_monitoring
[2026-06-16T11:02:30.777+0000] {task_command.py:426} INFO - Running <TaskInstance: CS611_ML_Pipeline.model_monitoring scheduled__2024-05-01T00:00:00+00:00 [running]> on host 9cb3f452a997
[2026-06-16T11:02:31.007+0000] {taskinstance.py:2648} INFO - Exporting env vars: AIRFLOW_CTX_DAG_OWNER='ahana' AIRFLOW_CTX_DAG_ID='CS611_ML_Pipeline' AIRFLOW_CTX_TASK_ID='model_monitoring' AIRFLOW_CTX_EXECUTION_DATE='2024-05-01T00:00:00+00:00' AIRFLOW_CTX_TRY_NUMBER='1' AIRFLOW_CTX_DAG_RUN_ID='scheduled__2024-05-01T00:00:00+00:00'
[2026-06-16T11:02:31.008+0000] {taskinstance.py:430} INFO - ::endgroup::
[2026-06-16T11:02:32.405+0000] {logging_mixin.py:188} INFO - [Monitor] Running monitoring for 2024-05-01
[2026-06-16T11:02:32.453+0000] {logging_mixin.py:188} INFO - [Monitor] PSI = 0.0745 -> Stable
[2026-06-16T11:02:32.916+0000] {logging_mixin.py:188} INFO - [Monitor] Saved monitoring record -> /opt/***/datamart/gold/monitoring/2024_05_01.parquet
[2026-06-16T11:02:32.917+0000] {logging_mixin.py:188} INFO - [Monitor] PSI=0.0745 | AUC=None
[2026-06-16T11:02:32.917+0000] {python.py:237} INFO - Done. Returned value was: None
[2026-06-16T11:02:32.917+0000] {taskinstance.py:441} INFO - ::group::Post task execution logs
[2026-06-16T11:02:32.925+0000] {taskinstance.py:1206} INFO - Marking task as SUCCESS. dag_id=CS611_ML_Pipeline, task_id=model_monitoring, run_id=scheduled__2024-05-01T00:00:00+00:00, execution_date=20240501T000000, start_date=20260616T110230, end_date=20260616T110232
[2026-06-16T11:02:32.956+0000] {local_task_job_runner.py:240} INFO - Task exited with return code 0
[2026-06-16T11:02:32.973+0000] {taskinstance.py:3498} INFO - 1 downstream tasks scheduled from follow-on schedule check
[2026-06-16T11:02:33.024+0000] {local_task_job_runner.py:222} INFO - ::endgroup::
