[2026-06-16T15:15:46.453+0000] {local_task_job_runner.py:120} INFO - ::group::Pre task execution logs
[2026-06-16T15:15:46.475+0000] {taskinstance.py:2076} INFO - Dependencies all met for dep_context=non-requeueable deps ti=<TaskInstance: CS611_ML_Pipeline.model_monitoring scheduled__2024-05-01T00:00:00+00:00 [queued]>
[2026-06-16T15:15:46.481+0000] {taskinstance.py:2076} INFO - Dependencies all met for dep_context=requeueable deps ti=<TaskInstance: CS611_ML_Pipeline.model_monitoring scheduled__2024-05-01T00:00:00+00:00 [queued]>
[2026-06-16T15:15:46.483+0000] {taskinstance.py:2306} INFO - Starting attempt 3 of 4
[2026-06-16T15:15:46.494+0000] {taskinstance.py:2330} INFO - Executing <Task(PythonOperator): model_monitoring> on 2024-05-01 00:00:00+00:00
[2026-06-16T15:15:46.499+0000] {standard_task_runner.py:63} INFO - Started process 35318 to run task
[2026-06-16T15:15:46.501+0000] {standard_task_runner.py:90} INFO - Running: ['***', 'tasks', 'run', 'CS611_ML_Pipeline', 'model_monitoring', 'scheduled__2024-05-01T00:00:00+00:00', '--job-id', '589', '--raw', '--subdir', 'DAGS_FOLDER/ml_pipeline_dag.py', '--cfg-path', '/tmp/tmp46xkbxz3']
[2026-06-16T15:15:46.503+0000] {standard_task_runner.py:91} INFO - Job 589: Subtask model_monitoring
[2026-06-16T15:15:46.543+0000] {task_command.py:426} INFO - Running <TaskInstance: CS611_ML_Pipeline.model_monitoring scheduled__2024-05-01T00:00:00+00:00 [running]> on host 4b9938287cf4
[2026-06-16T15:15:46.808+0000] {taskinstance.py:2648} INFO - Exporting env vars: AIRFLOW_CTX_DAG_OWNER='ahana' AIRFLOW_CTX_DAG_ID='CS611_ML_Pipeline' AIRFLOW_CTX_TASK_ID='model_monitoring' AIRFLOW_CTX_EXECUTION_DATE='2024-05-01T00:00:00+00:00' AIRFLOW_CTX_TRY_NUMBER='3' AIRFLOW_CTX_DAG_RUN_ID='scheduled__2024-05-01T00:00:00+00:00'
[2026-06-16T15:15:46.809+0000] {taskinstance.py:430} INFO - ::endgroup::
[2026-06-16T15:15:48.135+0000] {logging_mixin.py:188} INFO - [Monitor] Running monitoring for 2024-05-01
[2026-06-16T15:15:48.198+0000] {logging_mixin.py:188} INFO - [Monitor] PSI = 0.0745 -> Stable
[2026-06-16T15:15:49.233+0000] {logging_mixin.py:188} INFO - [Monitor] Saved monitoring record -> /opt/***/datamart/gold/monitoring/2024_05_01.parquet
[2026-06-16T15:15:49.234+0000] {logging_mixin.py:188} INFO - [Monitor] PSI=0.0745 | AUC=None
[2026-06-16T15:15:49.235+0000] {python.py:237} INFO - Done. Returned value was: None
[2026-06-16T15:15:49.235+0000] {taskinstance.py:441} INFO - ::group::Post task execution logs
[2026-06-16T15:15:49.243+0000] {taskinstance.py:1206} INFO - Marking task as SUCCESS. dag_id=CS611_ML_Pipeline, task_id=model_monitoring, run_id=scheduled__2024-05-01T00:00:00+00:00, execution_date=20240501T000000, start_date=20260616T151546, end_date=20260616T151549
[2026-06-16T15:15:49.396+0000] {local_task_job_runner.py:240} INFO - Task exited with return code 0
[2026-06-16T15:15:49.414+0000] {taskinstance.py:3498} INFO - 1 downstream tasks scheduled from follow-on schedule check
[2026-06-16T15:15:49.424+0000] {local_task_job_runner.py:222} INFO - ::endgroup::
