[2026-06-16T11:11:53.875+0000] {local_task_job_runner.py:120} INFO - ::group::Pre task execution logs
[2026-06-16T11:11:53.896+0000] {taskinstance.py:2076} INFO - Dependencies all met for dep_context=non-requeueable deps ti=<TaskInstance: CS611_ML_Pipeline.silver_cleaning scheduled__2024-11-01T00:00:00+00:00 [queued]>
[2026-06-16T11:11:53.902+0000] {taskinstance.py:2076} INFO - Dependencies all met for dep_context=requeueable deps ti=<TaskInstance: CS611_ML_Pipeline.silver_cleaning scheduled__2024-11-01T00:00:00+00:00 [queued]>
[2026-06-16T11:11:53.904+0000] {taskinstance.py:2306} INFO - Starting attempt 1 of 2
[2026-06-16T11:11:53.915+0000] {taskinstance.py:2330} INFO - Executing <Task(PythonOperator): silver_cleaning> on 2024-11-01 00:00:00+00:00
[2026-06-16T11:11:53.919+0000] {standard_task_runner.py:63} INFO - Started process 47959 to run task
[2026-06-16T11:11:53.921+0000] {standard_task_runner.py:90} INFO - Running: ['***', 'tasks', 'run', 'CS611_ML_Pipeline', 'silver_cleaning', 'scheduled__2024-11-01T00:00:00+00:00', '--job-id', '201', '--raw', '--subdir', 'DAGS_FOLDER/ml_pipeline_dag.py', '--cfg-path', '/tmp/tmp29w_vdjg']
[2026-06-16T11:11:53.924+0000] {standard_task_runner.py:91} INFO - Job 201: Subtask silver_cleaning
[2026-06-16T11:11:54.017+0000] {task_command.py:426} INFO - Running <TaskInstance: CS611_ML_Pipeline.silver_cleaning scheduled__2024-11-01T00:00:00+00:00 [running]> on host 9cb3f452a997
[2026-06-16T11:11:54.209+0000] {taskinstance.py:2648} INFO - Exporting env vars: AIRFLOW_CTX_DAG_OWNER='ahana' AIRFLOW_CTX_DAG_ID='CS611_ML_Pipeline' AIRFLOW_CTX_TASK_ID='silver_cleaning' AIRFLOW_CTX_EXECUTION_DATE='2024-11-01T00:00:00+00:00' AIRFLOW_CTX_TRY_NUMBER='1' AIRFLOW_CTX_DAG_RUN_ID='scheduled__2024-11-01T00:00:00+00:00'
[2026-06-16T11:11:54.210+0000] {taskinstance.py:430} INFO - ::endgroup::
[2026-06-16T11:11:57.120+0000] {logging_mixin.py:188} INFO - [Silver] Processing snapshot: 2024-11-01
[2026-06-16T11:12:02.225+0000] {logging_mixin.py:188} INFO - [Silver] clickstream
[2026-06-16T11:12:03.392+0000] {logging_mixin.py:188} INFO - [Silver] attributes
[2026-06-16T11:12:10.248+0000] {logging_mixin.py:188} INFO - [Silver] financials
[2026-06-16T11:12:12.009+0000] {logging_mixin.py:188} INFO - [Silver] lms
[2026-06-16T11:12:12.598+0000] {python.py:237} INFO - Done. Returned value was: None
[2026-06-16T11:12:12.600+0000] {taskinstance.py:441} INFO - ::group::Post task execution logs
[2026-06-16T11:12:12.610+0000] {taskinstance.py:1206} INFO - Marking task as SUCCESS. dag_id=CS611_ML_Pipeline, task_id=silver_cleaning, run_id=scheduled__2024-11-01T00:00:00+00:00, execution_date=20241101T000000, start_date=20260616T111153, end_date=20260616T111212
[2026-06-16T11:12:12.644+0000] {local_task_job_runner.py:240} INFO - Task exited with return code 0
[2026-06-16T11:12:12.667+0000] {taskinstance.py:3498} INFO - 2 downstream tasks scheduled from follow-on schedule check
[2026-06-16T11:12:12.671+0000] {local_task_job_runner.py:222} INFO - ::endgroup::
