[2026-06-16T13:25:14.258+0000] {local_task_job_runner.py:120} INFO - ::group::Pre task execution logs
[2026-06-16T13:25:14.317+0000] {taskinstance.py:2076} INFO - Dependencies all met for dep_context=non-requeueable deps ti=<TaskInstance: CS611_ML_Pipeline.silver_cleaning scheduled__2024-11-01T00:00:00+00:00 [queued]>
[2026-06-16T13:25:14.337+0000] {taskinstance.py:2076} INFO - Dependencies all met for dep_context=requeueable deps ti=<TaskInstance: CS611_ML_Pipeline.silver_cleaning scheduled__2024-11-01T00:00:00+00:00 [queued]>
[2026-06-16T13:25:14.339+0000] {taskinstance.py:2306} INFO - Starting attempt 2 of 3
[2026-06-16T13:25:14.363+0000] {taskinstance.py:2330} INFO - Executing <Task(PythonOperator): silver_cleaning> on 2024-11-01 00:00:00+00:00
[2026-06-16T13:25:14.370+0000] {standard_task_runner.py:63} INFO - Started process 53122 to run task
[2026-06-16T13:25:14.375+0000] {standard_task_runner.py:90} INFO - Running: ['***', 'tasks', 'run', 'CS611_ML_Pipeline', 'silver_cleaning', 'scheduled__2024-11-01T00:00:00+00:00', '--job-id', '420', '--raw', '--subdir', 'DAGS_FOLDER/ml_pipeline_dag.py', '--cfg-path', '/tmp/tmpcly1x86y']
[2026-06-16T13:25:14.379+0000] {standard_task_runner.py:91} INFO - Job 420: Subtask silver_cleaning
[2026-06-16T13:25:14.455+0000] {task_command.py:426} INFO - Running <TaskInstance: CS611_ML_Pipeline.silver_cleaning scheduled__2024-11-01T00:00:00+00:00 [running]> on host 0e5a6fd60e5a
[2026-06-16T13:25:14.825+0000] {taskinstance.py:2648} INFO - Exporting env vars: AIRFLOW_CTX_DAG_OWNER='ahana' AIRFLOW_CTX_DAG_ID='CS611_ML_Pipeline' AIRFLOW_CTX_TASK_ID='silver_cleaning' AIRFLOW_CTX_EXECUTION_DATE='2024-11-01T00:00:00+00:00' AIRFLOW_CTX_TRY_NUMBER='2' AIRFLOW_CTX_DAG_RUN_ID='scheduled__2024-11-01T00:00:00+00:00'
[2026-06-16T13:25:14.827+0000] {taskinstance.py:430} INFO - ::endgroup::
[2026-06-16T13:25:20.320+0000] {logging_mixin.py:188} INFO - [Silver] Processing snapshot: 2024-11-01
[2026-06-16T13:25:30.277+0000] {logging_mixin.py:188} INFO - [Silver] clickstream
[2026-06-16T13:25:35.340+0000] {logging_mixin.py:188} INFO - [Silver] attributes
[2026-06-16T13:25:54.644+0000] {logging_mixin.py:188} INFO - [Silver] financials
[2026-06-16T13:25:59.204+0000] {logging_mixin.py:188} INFO - [Silver] lms
[2026-06-16T13:25:59.415+0000] {python.py:237} INFO - Done. Returned value was: None
[2026-06-16T13:25:59.417+0000] {taskinstance.py:441} INFO - ::group::Post task execution logs
[2026-06-16T13:25:59.434+0000] {taskinstance.py:1206} INFO - Marking task as SUCCESS. dag_id=CS611_ML_Pipeline, task_id=silver_cleaning, run_id=scheduled__2024-11-01T00:00:00+00:00, execution_date=20241101T000000, start_date=20260616T132514, end_date=20260616T132559
[2026-06-16T13:25:59.479+0000] {local_task_job_runner.py:240} INFO - Task exited with return code 0
[2026-06-16T13:25:59.537+0000] {taskinstance.py:3498} INFO - 2 downstream tasks scheduled from follow-on schedule check
[2026-06-16T13:25:59.542+0000] {local_task_job_runner.py:222} INFO - ::endgroup::
