[2026-06-16T15:14:17.436+0000] {local_task_job_runner.py:120} INFO - ::group::Pre task execution logs
[2026-06-16T15:14:17.465+0000] {taskinstance.py:2076} INFO - Dependencies all met for dep_context=non-requeueable deps ti=<TaskInstance: CS611_ML_Pipeline.model_monitoring scheduled__2024-04-01T00:00:00+00:00 [queued]>
[2026-06-16T15:14:17.473+0000] {taskinstance.py:2076} INFO - Dependencies all met for dep_context=requeueable deps ti=<TaskInstance: CS611_ML_Pipeline.model_monitoring scheduled__2024-04-01T00:00:00+00:00 [queued]>
[2026-06-16T15:14:17.474+0000] {taskinstance.py:2306} INFO - Starting attempt 3 of 4
[2026-06-16T15:14:17.486+0000] {taskinstance.py:2330} INFO - Executing <Task(PythonOperator): model_monitoring> on 2024-04-01 00:00:00+00:00
[2026-06-16T15:14:17.491+0000] {standard_task_runner.py:63} INFO - Started process 32850 to run task
[2026-06-16T15:14:17.494+0000] {standard_task_runner.py:90} INFO - Running: ['***', 'tasks', 'run', 'CS611_ML_Pipeline', 'model_monitoring', 'scheduled__2024-04-01T00:00:00+00:00', '--job-id', '580', '--raw', '--subdir', 'DAGS_FOLDER/ml_pipeline_dag.py', '--cfg-path', '/tmp/tmphb6l792k']
[2026-06-16T15:14:17.497+0000] {standard_task_runner.py:91} INFO - Job 580: Subtask model_monitoring
[2026-06-16T15:14:17.547+0000] {task_command.py:426} INFO - Running <TaskInstance: CS611_ML_Pipeline.model_monitoring scheduled__2024-04-01T00:00:00+00:00 [running]> on host 4b9938287cf4
[2026-06-16T15:14:17.778+0000] {taskinstance.py:2648} INFO - Exporting env vars: AIRFLOW_CTX_DAG_OWNER='ahana' AIRFLOW_CTX_DAG_ID='CS611_ML_Pipeline' AIRFLOW_CTX_TASK_ID='model_monitoring' AIRFLOW_CTX_EXECUTION_DATE='2024-04-01T00:00:00+00:00' AIRFLOW_CTX_TRY_NUMBER='3' AIRFLOW_CTX_DAG_RUN_ID='scheduled__2024-04-01T00:00:00+00:00'
[2026-06-16T15:14:17.779+0000] {taskinstance.py:430} INFO - ::endgroup::
[2026-06-16T15:14:19.465+0000] {logging_mixin.py:188} INFO - [Monitor] Running monitoring for 2024-04-01
[2026-06-16T15:14:19.532+0000] {logging_mixin.py:188} INFO - [Monitor] PSI = 0.0588 -> Stable
[2026-06-16T15:14:20.428+0000] {logging_mixin.py:188} INFO - [Monitor] Saved monitoring record -> /opt/***/datamart/gold/monitoring/2024_04_01.parquet
[2026-06-16T15:14:20.430+0000] {logging_mixin.py:188} INFO - [Monitor] PSI=0.0588 | AUC=None
[2026-06-16T15:14:20.431+0000] {python.py:237} INFO - Done. Returned value was: None
[2026-06-16T15:14:20.432+0000] {taskinstance.py:441} INFO - ::group::Post task execution logs
[2026-06-16T15:14:20.444+0000] {taskinstance.py:1206} INFO - Marking task as SUCCESS. dag_id=CS611_ML_Pipeline, task_id=model_monitoring, run_id=scheduled__2024-04-01T00:00:00+00:00, execution_date=20240401T000000, start_date=20260616T151417, end_date=20260616T151420
[2026-06-16T15:14:20.491+0000] {local_task_job_runner.py:240} INFO - Task exited with return code 0
[2026-06-16T15:14:20.507+0000] {taskinstance.py:3498} INFO - 0 downstream tasks scheduled from follow-on schedule check
[2026-06-16T15:14:20.514+0000] {local_task_job_runner.py:222} INFO - ::endgroup::
