[2026-06-16T14:58:44.444+0000] {local_task_job_runner.py:120} INFO - ::group::Pre task execution logs
[2026-06-16T14:58:44.476+0000] {taskinstance.py:2076} INFO - Dependencies all met for dep_context=non-requeueable deps ti=<TaskInstance: CS611_ML_Pipeline.model_training scheduled__2023-07-01T00:00:00+00:00 [queued]>
[2026-06-16T14:58:44.482+0000] {taskinstance.py:2076} INFO - Dependencies all met for dep_context=requeueable deps ti=<TaskInstance: CS611_ML_Pipeline.model_training scheduled__2023-07-01T00:00:00+00:00 [queued]>
[2026-06-16T14:58:44.483+0000] {taskinstance.py:2306} INFO - Starting attempt 3 of 4
[2026-06-16T14:58:44.494+0000] {taskinstance.py:2330} INFO - Executing <Task(PythonOperator): model_training> on 2023-07-01 00:00:00+00:00
[2026-06-16T14:58:44.498+0000] {standard_task_runner.py:63} INFO - Started process 12035 to run task
[2026-06-16T14:58:44.500+0000] {standard_task_runner.py:90} INFO - Running: ['***', 'tasks', 'run', 'CS611_ML_Pipeline', 'model_training', 'scheduled__2023-07-01T00:00:00+00:00', '--job-id', '497', '--raw', '--subdir', 'DAGS_FOLDER/ml_pipeline_dag.py', '--cfg-path', '/tmp/tmp9uf171r9']
[2026-06-16T14:58:44.502+0000] {standard_task_runner.py:91} INFO - Job 497: Subtask model_training
[2026-06-16T14:58:44.546+0000] {task_command.py:426} INFO - Running <TaskInstance: CS611_ML_Pipeline.model_training scheduled__2023-07-01T00:00:00+00:00 [running]> on host 4b9938287cf4
[2026-06-16T14:58:44.771+0000] {taskinstance.py:2648} INFO - Exporting env vars: AIRFLOW_CTX_DAG_OWNER='ahana' AIRFLOW_CTX_DAG_ID='CS611_ML_Pipeline' AIRFLOW_CTX_TASK_ID='model_training' AIRFLOW_CTX_EXECUTION_DATE='2023-07-01T00:00:00+00:00' AIRFLOW_CTX_TRY_NUMBER='3' AIRFLOW_CTX_DAG_RUN_ID='scheduled__2023-07-01T00:00:00+00:00'
[2026-06-16T14:58:44.773+0000] {taskinstance.py:430} INFO - ::endgroup::
[2026-06-16T14:58:45.877+0000] {logging_mixin.py:188} INFO - [Train] Training model for snapshot: 2023-07-01
[2026-06-16T14:58:45.884+0000] {logging_mixin.py:188} INFO - [Train] Loading gold data from 2023-01-01 to 2023-07-01
[2026-06-16T14:58:46.276+0000] {logging_mixin.py:188} INFO - [Train] Loaded 530 rows, 26.4% default rate
[2026-06-16T14:58:46.278+0000] {logging_mixin.py:188} INFO - [Train] Raw feature matrix: (530, 72)
[2026-06-16T14:58:46.279+0000] {logging_mixin.py:188} INFO - [FeatSelect] Starting with 72 features, 424 samples
[2026-06-16T14:58:46.281+0000] {logging_mixin.py:188} INFO - [FeatSelect] Step 1 - no low-variance features found
[2026-06-16T14:58:46.294+0000] {logging_mixin.py:188} INFO - [FeatSelect] Step 2 - removed 1 highly correlated feature(s) (threshold=0.85)
[2026-06-16T14:58:46.391+0000] {logging_mixin.py:188} INFO - [FeatSelect] Step 3 - kept top 40 features by RF importance
[2026-06-16T14:58:46.394+0000] {logging_mixin.py:188} INFO - [FeatSelect] Final selection: 40 features
[2026-06-16T14:58:46.394+0000] {logging_mixin.py:188} INFO - [FeatSelect] Top 5: ['outstanding_debt', 'interest_rate', 'credit_history_age_months', 'delay_from_due_date', 'num_credit_inquiries']
[2026-06-16T14:58:46.395+0000] {logging_mixin.py:188} INFO - [Train] Selected 40 features after selection
[2026-06-16T14:58:46.395+0000] {logging_mixin.py:188} INFO - [Train] Evaluating models...
[2026-06-16T14:59:08.084+0000] {logging_mixin.py:188} WARNING - /home/***/.local/lib/python3.11/site-packages/sklearn/linear_model/_logistic.py:469 ConvergenceWarning: lbfgs failed to converge (status=1):
STOP: TOTAL NO. OF ITERATIONS REACHED LIMIT.

Increase the number of iterations (max_iter) or scale the data as shown in:
    https://scikit-learn.org/stable/modules/preprocessing.html
Please also refer to the documentation for alternative solver options:
    https://scikit-learn.org/stable/modules/linear_model.html#logistic-regression
[2026-06-16T14:59:08.174+0000] {logging_mixin.py:188} INFO -   logistic_regression: AUC=0.7746 | Acc=0.7547
[2026-06-16T14:59:08.385+0000] {logging_mixin.py:188} INFO -   random_forest: AUC=0.6969 | Acc=0.7264
[2026-06-16T14:59:08.760+0000] {logging_mixin.py:188} INFO -   gradient_boosting: AUC=0.6969 | Acc=0.7642
[2026-06-16T14:59:08.761+0000] {logging_mixin.py:188} INFO - 
  Best model: logistic_regression (AUC=0.7746)
[2026-06-16T14:59:08.778+0000] {logging_mixin.py:188} INFO -   Model saved to: /opt/***/model_bank/2023_07_01
[2026-06-16T14:59:08.779+0000] {logging_mixin.py:188} INFO - [Train] Model saved to /opt/***/model_bank/2023_07_01
[2026-06-16T14:59:08.780+0000] {python.py:237} INFO - Done. Returned value was: None
[2026-06-16T14:59:08.781+0000] {taskinstance.py:441} INFO - ::group::Post task execution logs
[2026-06-16T14:59:08.789+0000] {taskinstance.py:1206} INFO - Marking task as SUCCESS. dag_id=CS611_ML_Pipeline, task_id=model_training, run_id=scheduled__2023-07-01T00:00:00+00:00, execution_date=20230701T000000, start_date=20260616T145844, end_date=20260616T145908
[2026-06-16T14:59:08.838+0000] {local_task_job_runner.py:240} INFO - Task exited with return code 0
[2026-06-16T14:59:08.856+0000] {taskinstance.py:3498} INFO - 1 downstream tasks scheduled from follow-on schedule check
[2026-06-16T14:59:08.860+0000] {local_task_job_runner.py:222} INFO - ::endgroup::
