[2026-06-16T12:38:51.846+0000] {local_task_job_runner.py:120} INFO - ::group::Pre task execution logs
[2026-06-16T12:38:51.883+0000] {taskinstance.py:2076} INFO - Dependencies all met for dep_context=non-requeueable deps ti=<TaskInstance: CS611_ML_Pipeline.model_training scheduled__2023-07-01T00:00:00+00:00 [queued]>
[2026-06-16T12:38:51.893+0000] {taskinstance.py:2076} INFO - Dependencies all met for dep_context=requeueable deps ti=<TaskInstance: CS611_ML_Pipeline.model_training scheduled__2023-07-01T00:00:00+00:00 [queued]>
[2026-06-16T12:38:51.896+0000] {taskinstance.py:2306} INFO - Starting attempt 2 of 3
[2026-06-16T12:38:51.911+0000] {taskinstance.py:2330} INFO - Executing <Task(PythonOperator): model_training> on 2023-07-01 00:00:00+00:00
[2026-06-16T12:38:51.917+0000] {standard_task_runner.py:63} INFO - Started process 14836 to run task
[2026-06-16T12:38:51.922+0000] {standard_task_runner.py:90} INFO - Running: ['***', 'tasks', 'run', 'CS611_ML_Pipeline', 'model_training', 'scheduled__2023-07-01T00:00:00+00:00', '--job-id', '280', '--raw', '--subdir', 'DAGS_FOLDER/ml_pipeline_dag.py', '--cfg-path', '/tmp/tmpi6qvrakd']
[2026-06-16T12:38:51.925+0000] {standard_task_runner.py:91} INFO - Job 280: Subtask model_training
[2026-06-16T12:38:51.989+0000] {task_command.py:426} INFO - Running <TaskInstance: CS611_ML_Pipeline.model_training scheduled__2023-07-01T00:00:00+00:00 [running]> on host 0e5a6fd60e5a
[2026-06-16T12:38:52.274+0000] {taskinstance.py:2648} INFO - Exporting env vars: AIRFLOW_CTX_DAG_OWNER='ahana' AIRFLOW_CTX_DAG_ID='CS611_ML_Pipeline' AIRFLOW_CTX_TASK_ID='model_training' AIRFLOW_CTX_EXECUTION_DATE='2023-07-01T00:00:00+00:00' AIRFLOW_CTX_TRY_NUMBER='2' AIRFLOW_CTX_DAG_RUN_ID='scheduled__2023-07-01T00:00:00+00:00'
[2026-06-16T12:38:52.275+0000] {taskinstance.py:430} INFO - ::endgroup::
[2026-06-16T12:38:53.696+0000] {logging_mixin.py:188} INFO - [Train] Training model for snapshot: 2023-07-01
[2026-06-16T12:38:53.704+0000] {logging_mixin.py:188} INFO - [Train] Loading gold data from 2023-01-01 to 2023-07-01
[2026-06-16T12:38:54.402+0000] {logging_mixin.py:188} INFO - [Train] Loaded 530 rows, 26.4% default rate
[2026-06-16T12:38:54.404+0000] {logging_mixin.py:188} INFO - [Train] Raw feature matrix: (530, 72)
[2026-06-16T12:38:54.404+0000] {logging_mixin.py:188} INFO - [FeatSelect] Starting with 72 features, 424 samples
[2026-06-16T12:38:54.407+0000] {logging_mixin.py:188} INFO - [FeatSelect] Step 1 - no low-variance features found
[2026-06-16T12:38:54.419+0000] {logging_mixin.py:188} INFO - [FeatSelect] Step 2 - removed 1 highly correlated feature(s) (threshold=0.85)
[2026-06-16T12:38:54.582+0000] {logging_mixin.py:188} INFO - [FeatSelect] Step 3 - kept top 40 features by RF importance
[2026-06-16T12:38:54.584+0000] {logging_mixin.py:188} INFO - [FeatSelect] Final selection: 40 features
[2026-06-16T12:38:54.585+0000] {logging_mixin.py:188} INFO - [FeatSelect] Top 5: ['outstanding_debt', 'interest_rate', 'credit_history_age_months', 'delay_from_due_date', 'num_credit_inquiries']
[2026-06-16T12:38:54.586+0000] {logging_mixin.py:188} INFO - [Train] Selected 40 features after selection
[2026-06-16T12:38:54.587+0000] {logging_mixin.py:188} INFO - [Train] Evaluating models...
[2026-06-16T12:39:37.466+0000] {logging_mixin.py:188} WARNING - /home/***/.local/lib/python3.11/site-packages/sklearn/linear_model/_logistic.py:469 ConvergenceWarning: lbfgs failed to converge (status=1):
STOP: TOTAL NO. OF ITERATIONS REACHED LIMIT.

Increase the number of iterations (max_iter) or scale the data as shown in:
    https://scikit-learn.org/stable/modules/preprocessing.html
Please also refer to the documentation for alternative solver options:
    https://scikit-learn.org/stable/modules/linear_model.html#logistic-regression
[2026-06-16T12:39:37.507+0000] {logging_mixin.py:188} INFO -   logistic_regression: AUC=0.7746 | Acc=0.7547
[2026-06-16T12:39:37.867+0000] {logging_mixin.py:188} INFO -   random_forest: AUC=0.6969 | Acc=0.7264
[2026-06-16T12:39:38.423+0000] {logging_mixin.py:188} INFO -   gradient_boosting: AUC=0.6969 | Acc=0.7642
[2026-06-16T12:39:38.424+0000] {logging_mixin.py:188} INFO - 
  Best model: logistic_regression (AUC=0.7746)
[2026-06-16T12:39:38.437+0000] {logging_mixin.py:188} INFO -   Model saved to: /opt/***/model_bank/2023_07_01
[2026-06-16T12:39:38.437+0000] {logging_mixin.py:188} INFO - [Train] Model saved to /opt/***/model_bank/2023_07_01
[2026-06-16T12:39:38.438+0000] {python.py:237} INFO - Done. Returned value was: None
[2026-06-16T12:39:38.438+0000] {taskinstance.py:441} INFO - ::group::Post task execution logs
[2026-06-16T12:39:38.447+0000] {taskinstance.py:1206} INFO - Marking task as SUCCESS. dag_id=CS611_ML_Pipeline, task_id=model_training, run_id=scheduled__2023-07-01T00:00:00+00:00, execution_date=20230701T000000, start_date=20260616T123851, end_date=20260616T123938
[2026-06-16T12:39:38.487+0000] {local_task_job_runner.py:240} INFO - Task exited with return code 0
[2026-06-16T12:39:38.508+0000] {taskinstance.py:3498} INFO - 1 downstream tasks scheduled from follow-on schedule check
[2026-06-16T12:39:38.564+0000] {local_task_job_runner.py:222} INFO - ::endgroup::
