[2026-06-16T11:00:44.562+0000] {local_task_job_runner.py:120} INFO - ::group::Pre task execution logs
[2026-06-16T11:00:44.601+0000] {taskinstance.py:2076} INFO - Dependencies all met for dep_context=non-requeueable deps ti=<TaskInstance: CS611_ML_Pipeline.model_prediction scheduled__2024-04-01T00:00:00+00:00 [queued]>
[2026-06-16T11:00:44.612+0000] {taskinstance.py:2076} INFO - Dependencies all met for dep_context=requeueable deps ti=<TaskInstance: CS611_ML_Pipeline.model_prediction scheduled__2024-04-01T00:00:00+00:00 [queued]>
[2026-06-16T11:00:44.614+0000] {taskinstance.py:2306} INFO - Starting attempt 1 of 2
[2026-06-16T11:00:44.630+0000] {taskinstance.py:2330} INFO - Executing <Task(PythonOperator): model_prediction> on 2024-04-01 00:00:00+00:00
[2026-06-16T11:00:44.635+0000] {standard_task_runner.py:63} INFO - Started process 32582 to run task
[2026-06-16T11:00:44.639+0000] {standard_task_runner.py:90} INFO - Running: ['***', 'tasks', 'run', 'CS611_ML_Pipeline', 'model_prediction', 'scheduled__2024-04-01T00:00:00+00:00', '--job-id', '143', '--raw', '--subdir', 'DAGS_FOLDER/ml_pipeline_dag.py', '--cfg-path', '/tmp/tmpbt1mh4ip']
[2026-06-16T11:00:44.642+0000] {standard_task_runner.py:91} INFO - Job 143: Subtask model_prediction
[2026-06-16T11:00:44.705+0000] {task_command.py:426} INFO - Running <TaskInstance: CS611_ML_Pipeline.model_prediction scheduled__2024-04-01T00:00:00+00:00 [running]> on host 9cb3f452a997
[2026-06-16T11:00:44.996+0000] {taskinstance.py:2648} INFO - Exporting env vars: AIRFLOW_CTX_DAG_OWNER='ahana' AIRFLOW_CTX_DAG_ID='CS611_ML_Pipeline' AIRFLOW_CTX_TASK_ID='model_prediction' AIRFLOW_CTX_EXECUTION_DATE='2024-04-01T00:00:00+00:00' AIRFLOW_CTX_TRY_NUMBER='1' AIRFLOW_CTX_DAG_RUN_ID='scheduled__2024-04-01T00:00:00+00:00'
[2026-06-16T11:00:44.997+0000] {taskinstance.py:430} INFO - ::endgroup::
[2026-06-16T11:00:46.417+0000] {logging_mixin.py:188} INFO - [Model] Loaded: gradient_boosting trained on 2024-01-01
[2026-06-16T11:00:46.418+0000] {logging_mixin.py:188} INFO - [Predict] Running inference for 2024-04-01
[2026-06-16T11:00:46.565+0000] {logging_mixin.py:188} INFO - [Predict] Saved 513 predictions -> /opt/***/datamart/gold/predictions/2024_04_01.parquet
[2026-06-16T11:00:46.566+0000] {logging_mixin.py:188} INFO - [Predict] Default rate predicted: 20.9%
[2026-06-16T11:00:46.567+0000] {logging_mixin.py:188} INFO - [Predict] 513 predictions saved
[2026-06-16T11:00:46.567+0000] {python.py:237} INFO - Done. Returned value was: None
[2026-06-16T11:00:46.568+0000] {taskinstance.py:441} INFO - ::group::Post task execution logs
[2026-06-16T11:00:46.578+0000] {taskinstance.py:1206} INFO - Marking task as SUCCESS. dag_id=CS611_ML_Pipeline, task_id=model_prediction, run_id=scheduled__2024-04-01T00:00:00+00:00, execution_date=20240401T000000, start_date=20260616T110044, end_date=20260616T110046
[2026-06-16T11:00:46.625+0000] {local_task_job_runner.py:240} INFO - Task exited with return code 0
[2026-06-16T11:00:46.655+0000] {taskinstance.py:3498} INFO - 1 downstream tasks scheduled from follow-on schedule check
[2026-06-16T11:00:46.696+0000] {local_task_job_runner.py:222} INFO - ::endgroup::
