[2026-06-16T11:13:29.601+0000] {local_task_job_runner.py:120} INFO - ::group::Pre task execution logs
[2026-06-16T11:13:29.631+0000] {taskinstance.py:2076} INFO - Dependencies all met for dep_context=non-requeueable deps ti=<TaskInstance: CS611_ML_Pipeline.silver_cleaning scheduled__2024-12-01T00:00:00+00:00 [queued]>
[2026-06-16T11:13:29.637+0000] {taskinstance.py:2076} INFO - Dependencies all met for dep_context=requeueable deps ti=<TaskInstance: CS611_ML_Pipeline.silver_cleaning scheduled__2024-12-01T00:00:00+00:00 [queued]>
[2026-06-16T11:13:29.648+0000] {taskinstance.py:2306} INFO - Starting attempt 1 of 2
[2026-06-16T11:13:29.658+0000] {taskinstance.py:2330} INFO - Executing <Task(PythonOperator): silver_cleaning> on 2024-12-01 00:00:00+00:00
[2026-06-16T11:13:29.662+0000] {standard_task_runner.py:63} INFO - Started process 50264 to run task
[2026-06-16T11:13:29.666+0000] {standard_task_runner.py:90} INFO - Running: ['***', 'tasks', 'run', 'CS611_ML_Pipeline', 'silver_cleaning', 'scheduled__2024-12-01T00:00:00+00:00', '--job-id', '210', '--raw', '--subdir', 'DAGS_FOLDER/ml_pipeline_dag.py', '--cfg-path', '/tmp/tmpq_sceupn']
[2026-06-16T11:13:29.668+0000] {standard_task_runner.py:91} INFO - Job 210: Subtask silver_cleaning
[2026-06-16T11:13:29.703+0000] {task_command.py:426} INFO - Running <TaskInstance: CS611_ML_Pipeline.silver_cleaning scheduled__2024-12-01T00:00:00+00:00 [running]> on host 9cb3f452a997
[2026-06-16T11:13:29.956+0000] {taskinstance.py:2648} INFO - Exporting env vars: AIRFLOW_CTX_DAG_OWNER='ahana' AIRFLOW_CTX_DAG_ID='CS611_ML_Pipeline' AIRFLOW_CTX_TASK_ID='silver_cleaning' AIRFLOW_CTX_EXECUTION_DATE='2024-12-01T00:00:00+00:00' AIRFLOW_CTX_TRY_NUMBER='1' AIRFLOW_CTX_DAG_RUN_ID='scheduled__2024-12-01T00:00:00+00:00'
[2026-06-16T11:13:29.957+0000] {taskinstance.py:430} INFO - ::endgroup::
[2026-06-16T11:13:32.630+0000] {logging_mixin.py:188} INFO - [Silver] Processing snapshot: 2024-12-01
[2026-06-16T11:13:37.754+0000] {logging_mixin.py:188} INFO - [Silver] clickstream
[2026-06-16T11:13:39.103+0000] {logging_mixin.py:188} INFO - [Silver] attributes
[2026-06-16T11:13:47.030+0000] {logging_mixin.py:188} INFO - [Silver] financials
[2026-06-16T11:13:48.559+0000] {logging_mixin.py:188} INFO - [Silver] lms
[2026-06-16T11:13:49.506+0000] {python.py:237} INFO - Done. Returned value was: None
[2026-06-16T11:13:49.509+0000] {taskinstance.py:441} INFO - ::group::Post task execution logs
[2026-06-16T11:13:49.520+0000] {taskinstance.py:1206} INFO - Marking task as SUCCESS. dag_id=CS611_ML_Pipeline, task_id=silver_cleaning, run_id=scheduled__2024-12-01T00:00:00+00:00, execution_date=20241201T000000, start_date=20260616T111329, end_date=20260616T111349
[2026-06-16T11:13:49.568+0000] {local_task_job_runner.py:240} INFO - Task exited with return code 0
[2026-06-16T11:13:49.590+0000] {taskinstance.py:3498} INFO - 2 downstream tasks scheduled from follow-on schedule check
[2026-06-16T11:13:49.594+0000] {local_task_job_runner.py:222} INFO - ::endgroup::
