[2026-06-16T14:59:12.973+0000] {local_task_job_runner.py:120} INFO - ::group::Pre task execution logs
[2026-06-16T14:59:12.999+0000] {taskinstance.py:2076} INFO - Dependencies all met for dep_context=non-requeueable deps ti=<TaskInstance: CS611_ML_Pipeline.model_monitoring scheduled__2023-07-01T00:00:00+00:00 [queued]>
[2026-06-16T14:59:13.010+0000] {taskinstance.py:2076} INFO - Dependencies all met for dep_context=requeueable deps ti=<TaskInstance: CS611_ML_Pipeline.model_monitoring scheduled__2023-07-01T00:00:00+00:00 [queued]>
[2026-06-16T14:59:13.011+0000] {taskinstance.py:2306} INFO - Starting attempt 3 of 4
[2026-06-16T14:59:13.024+0000] {taskinstance.py:2330} INFO - Executing <Task(PythonOperator): model_monitoring> on 2023-07-01 00:00:00+00:00
[2026-06-16T14:59:13.028+0000] {standard_task_runner.py:63} INFO - Started process 12236 to run task
[2026-06-16T14:59:13.031+0000] {standard_task_runner.py:90} INFO - Running: ['***', 'tasks', 'run', 'CS611_ML_Pipeline', 'model_monitoring', 'scheduled__2023-07-01T00:00:00+00:00', '--job-id', '499', '--raw', '--subdir', 'DAGS_FOLDER/ml_pipeline_dag.py', '--cfg-path', '/tmp/tmp23zu_l5w']
[2026-06-16T14:59:13.036+0000] {standard_task_runner.py:91} INFO - Job 499: Subtask model_monitoring
[2026-06-16T14:59:13.134+0000] {task_command.py:426} INFO - Running <TaskInstance: CS611_ML_Pipeline.model_monitoring scheduled__2023-07-01T00:00:00+00:00 [running]> on host 4b9938287cf4
[2026-06-16T14:59:13.507+0000] {taskinstance.py:2648} INFO - Exporting env vars: AIRFLOW_CTX_DAG_OWNER='ahana' AIRFLOW_CTX_DAG_ID='CS611_ML_Pipeline' AIRFLOW_CTX_TASK_ID='model_monitoring' AIRFLOW_CTX_EXECUTION_DATE='2023-07-01T00:00:00+00:00' AIRFLOW_CTX_TRY_NUMBER='3' AIRFLOW_CTX_DAG_RUN_ID='scheduled__2023-07-01T00:00:00+00:00'
[2026-06-16T14:59:13.508+0000] {taskinstance.py:430} INFO - ::endgroup::
[2026-06-16T14:59:15.035+0000] {logging_mixin.py:188} INFO - [Monitor] Running monitoring for 2023-07-01
[2026-06-16T14:59:15.368+0000] {logging_mixin.py:188} INFO - [Monitor] Saved monitoring record -> /opt/***/datamart/gold/monitoring/2023_07_01.parquet
[2026-06-16T14:59:15.369+0000] {logging_mixin.py:188} INFO - [Monitor] PSI=None | AUC=None
[2026-06-16T14:59:15.369+0000] {python.py:237} INFO - Done. Returned value was: None
[2026-06-16T14:59:15.370+0000] {taskinstance.py:441} INFO - ::group::Post task execution logs
[2026-06-16T14:59:15.376+0000] {taskinstance.py:1206} INFO - Marking task as SUCCESS. dag_id=CS611_ML_Pipeline, task_id=model_monitoring, run_id=scheduled__2023-07-01T00:00:00+00:00, execution_date=20230701T000000, start_date=20260616T145913, end_date=20260616T145915
[2026-06-16T14:59:15.435+0000] {local_task_job_runner.py:240} INFO - Task exited with return code 0
[2026-06-16T14:59:15.453+0000] {taskinstance.py:3498} INFO - 1 downstream tasks scheduled from follow-on schedule check
[2026-06-16T14:59:15.481+0000] {local_task_job_runner.py:222} INFO - ::endgroup::
