[2026-06-16T11:09:51.200+0000] {local_task_job_runner.py:120} INFO - ::group::Pre task execution logs
[2026-06-16T11:09:51.244+0000] {taskinstance.py:2076} INFO - Dependencies all met for dep_context=non-requeueable deps ti=<TaskInstance: CS611_ML_Pipeline.model_monitoring scheduled__2024-09-01T00:00:00+00:00 [queued]>
[2026-06-16T11:09:51.256+0000] {taskinstance.py:2076} INFO - Dependencies all met for dep_context=requeueable deps ti=<TaskInstance: CS611_ML_Pipeline.model_monitoring scheduled__2024-09-01T00:00:00+00:00 [queued]>
[2026-06-16T11:09:51.261+0000] {taskinstance.py:2306} INFO - Starting attempt 1 of 2
[2026-06-16T11:09:51.279+0000] {taskinstance.py:2330} INFO - Executing <Task(PythonOperator): model_monitoring> on 2024-09-01 00:00:00+00:00
[2026-06-16T11:09:51.285+0000] {standard_task_runner.py:63} INFO - Started process 44963 to run task
[2026-06-16T11:09:51.289+0000] {standard_task_runner.py:90} INFO - Running: ['***', 'tasks', 'run', 'CS611_ML_Pipeline', 'model_monitoring', 'scheduled__2024-09-01T00:00:00+00:00', '--job-id', '189', '--raw', '--subdir', 'DAGS_FOLDER/ml_pipeline_dag.py', '--cfg-path', '/tmp/tmpgezd91z9']
[2026-06-16T11:09:51.293+0000] {standard_task_runner.py:91} INFO - Job 189: Subtask model_monitoring
[2026-06-16T11:09:51.362+0000] {task_command.py:426} INFO - Running <TaskInstance: CS611_ML_Pipeline.model_monitoring scheduled__2024-09-01T00:00:00+00:00 [running]> on host 9cb3f452a997
[2026-06-16T11:09:51.772+0000] {taskinstance.py:2648} INFO - Exporting env vars: AIRFLOW_CTX_DAG_OWNER='ahana' AIRFLOW_CTX_DAG_ID='CS611_ML_Pipeline' AIRFLOW_CTX_TASK_ID='model_monitoring' AIRFLOW_CTX_EXECUTION_DATE='2024-09-01T00:00:00+00:00' AIRFLOW_CTX_TRY_NUMBER='1' AIRFLOW_CTX_DAG_RUN_ID='scheduled__2024-09-01T00:00:00+00:00'
[2026-06-16T11:09:51.775+0000] {taskinstance.py:430} INFO - ::endgroup::
[2026-06-16T11:09:54.305+0000] {logging_mixin.py:188} INFO - [Monitor] Running monitoring for 2024-09-01
[2026-06-16T11:09:54.389+0000] {logging_mixin.py:188} INFO - [Monitor] PSI = 0.0394 -> Stable
[2026-06-16T11:09:55.486+0000] {logging_mixin.py:188} INFO - [Monitor] Saved monitoring record -> /opt/***/datamart/gold/monitoring/2024_09_01.parquet
[2026-06-16T11:09:55.487+0000] {logging_mixin.py:188} INFO - [Monitor] PSI=0.0394 | AUC=None
[2026-06-16T11:09:55.487+0000] {python.py:237} INFO - Done. Returned value was: None
[2026-06-16T11:09:55.487+0000] {taskinstance.py:441} INFO - ::group::Post task execution logs
[2026-06-16T11:09:55.496+0000] {taskinstance.py:1206} INFO - Marking task as SUCCESS. dag_id=CS611_ML_Pipeline, task_id=model_monitoring, run_id=scheduled__2024-09-01T00:00:00+00:00, execution_date=20240901T000000, start_date=20260616T110951, end_date=20260616T110955
[2026-06-16T11:09:55.524+0000] {local_task_job_runner.py:240} INFO - Task exited with return code 0
[2026-06-16T11:09:55.542+0000] {taskinstance.py:3498} INFO - 1 downstream tasks scheduled from follow-on schedule check
[2026-06-16T11:09:55.545+0000] {local_task_job_runner.py:222} INFO - ::endgroup::
