[2026-06-16T13:21:10.221+0000] {local_task_job_runner.py:120} INFO - ::group::Pre task execution logs
[2026-06-16T13:21:10.268+0000] {taskinstance.py:2076} INFO - Dependencies all met for dep_context=non-requeueable deps ti=<TaskInstance: CS611_ML_Pipeline.model_monitoring scheduled__2024-09-01T00:00:00+00:00 [queued]>
[2026-06-16T13:21:10.281+0000] {taskinstance.py:2076} INFO - Dependencies all met for dep_context=requeueable deps ti=<TaskInstance: CS611_ML_Pipeline.model_monitoring scheduled__2024-09-01T00:00:00+00:00 [queued]>
[2026-06-16T13:21:10.284+0000] {taskinstance.py:2306} INFO - Starting attempt 2 of 3
[2026-06-16T13:21:10.306+0000] {taskinstance.py:2330} INFO - Executing <Task(PythonOperator): model_monitoring> on 2024-09-01 00:00:00+00:00
[2026-06-16T13:21:10.313+0000] {standard_task_runner.py:63} INFO - Started process 50081 to run task
[2026-06-16T13:21:10.317+0000] {standard_task_runner.py:90} INFO - Running: ['***', 'tasks', 'run', 'CS611_ML_Pipeline', 'model_monitoring', 'scheduled__2024-09-01T00:00:00+00:00', '--job-id', '408', '--raw', '--subdir', 'DAGS_FOLDER/ml_pipeline_dag.py', '--cfg-path', '/tmp/tmpqtrda_fj']
[2026-06-16T13:21:10.322+0000] {standard_task_runner.py:91} INFO - Job 408: Subtask model_monitoring
[2026-06-16T13:21:10.439+0000] {task_command.py:426} INFO - Running <TaskInstance: CS611_ML_Pipeline.model_monitoring scheduled__2024-09-01T00:00:00+00:00 [running]> on host 0e5a6fd60e5a
[2026-06-16T13:21:10.808+0000] {taskinstance.py:2648} INFO - Exporting env vars: AIRFLOW_CTX_DAG_OWNER='ahana' AIRFLOW_CTX_DAG_ID='CS611_ML_Pipeline' AIRFLOW_CTX_TASK_ID='model_monitoring' AIRFLOW_CTX_EXECUTION_DATE='2024-09-01T00:00:00+00:00' AIRFLOW_CTX_TRY_NUMBER='2' AIRFLOW_CTX_DAG_RUN_ID='scheduled__2024-09-01T00:00:00+00:00'
[2026-06-16T13:21:10.810+0000] {taskinstance.py:430} INFO - ::endgroup::
[2026-06-16T13:21:13.197+0000] {logging_mixin.py:188} INFO - [Monitor] Running monitoring for 2024-09-01
[2026-06-16T13:21:13.278+0000] {logging_mixin.py:188} INFO - [Monitor] PSI = 0.0674 -> Stable
[2026-06-16T13:21:14.571+0000] {logging_mixin.py:188} INFO - [Monitor] Saved monitoring record -> /opt/***/datamart/gold/monitoring/2024_09_01.parquet
[2026-06-16T13:21:14.573+0000] {logging_mixin.py:188} INFO - [Monitor] PSI=0.0674 | AUC=None
[2026-06-16T13:21:14.573+0000] {python.py:237} INFO - Done. Returned value was: None
[2026-06-16T13:21:14.574+0000] {taskinstance.py:441} INFO - ::group::Post task execution logs
[2026-06-16T13:21:14.584+0000] {taskinstance.py:1206} INFO - Marking task as SUCCESS. dag_id=CS611_ML_Pipeline, task_id=model_monitoring, run_id=scheduled__2024-09-01T00:00:00+00:00, execution_date=20240901T000000, start_date=20260616T132110, end_date=20260616T132114
[2026-06-16T13:21:14.635+0000] {local_task_job_runner.py:240} INFO - Task exited with return code 0
[2026-06-16T13:21:14.660+0000] {taskinstance.py:3498} INFO - 1 downstream tasks scheduled from follow-on schedule check
[2026-06-16T13:21:14.664+0000] {local_task_job_runner.py:222} INFO - ::endgroup::
