[2026-06-16T15:11:27.333+0000] {local_task_job_runner.py:120} INFO - ::group::Pre task execution logs
[2026-06-16T15:11:27.356+0000] {taskinstance.py:2076} INFO - Dependencies all met for dep_context=non-requeueable deps ti=<TaskInstance: CS611_ML_Pipeline.silver_cleaning scheduled__2024-03-01T00:00:00+00:00 [queued]>
[2026-06-16T15:11:27.365+0000] {taskinstance.py:2076} INFO - Dependencies all met for dep_context=requeueable deps ti=<TaskInstance: CS611_ML_Pipeline.silver_cleaning scheduled__2024-03-01T00:00:00+00:00 [queued]>
[2026-06-16T15:11:27.368+0000] {taskinstance.py:2306} INFO - Starting attempt 3 of 4
[2026-06-16T15:11:27.379+0000] {taskinstance.py:2330} INFO - Executing <Task(PythonOperator): silver_cleaning> on 2024-03-01 00:00:00+00:00
[2026-06-16T15:11:27.384+0000] {standard_task_runner.py:63} INFO - Started process 28508 to run task
[2026-06-16T15:11:27.387+0000] {standard_task_runner.py:90} INFO - Running: ['***', 'tasks', 'run', 'CS611_ML_Pipeline', 'silver_cleaning', 'scheduled__2024-03-01T00:00:00+00:00', '--job-id', '565', '--raw', '--subdir', 'DAGS_FOLDER/ml_pipeline_dag.py', '--cfg-path', '/tmp/tmp54zavyc3']
[2026-06-16T15:11:27.389+0000] {standard_task_runner.py:91} INFO - Job 565: Subtask silver_cleaning
[2026-06-16T15:11:27.445+0000] {task_command.py:426} INFO - Running <TaskInstance: CS611_ML_Pipeline.silver_cleaning scheduled__2024-03-01T00:00:00+00:00 [running]> on host 4b9938287cf4
[2026-06-16T15:11:27.728+0000] {taskinstance.py:2648} INFO - Exporting env vars: AIRFLOW_CTX_DAG_OWNER='ahana' AIRFLOW_CTX_DAG_ID='CS611_ML_Pipeline' AIRFLOW_CTX_TASK_ID='silver_cleaning' AIRFLOW_CTX_EXECUTION_DATE='2024-03-01T00:00:00+00:00' AIRFLOW_CTX_TRY_NUMBER='3' AIRFLOW_CTX_DAG_RUN_ID='scheduled__2024-03-01T00:00:00+00:00'
[2026-06-16T15:11:27.729+0000] {taskinstance.py:430} INFO - ::endgroup::
[2026-06-16T15:11:31.173+0000] {logging_mixin.py:188} INFO - [Silver] Processing snapshot: 2024-03-01
[2026-06-16T15:11:38.033+0000] {logging_mixin.py:188} INFO - [Silver] clickstream
[2026-06-16T15:11:39.811+0000] {logging_mixin.py:188} INFO - [Silver] attributes
[2026-06-16T15:11:48.924+0000] {logging_mixin.py:188} INFO - [Silver] financials
[2026-06-16T15:11:51.337+0000] {logging_mixin.py:188} INFO - [Silver] lms
[2026-06-16T15:11:51.878+0000] {python.py:237} INFO - Done. Returned value was: None
[2026-06-16T15:11:51.879+0000] {taskinstance.py:441} INFO - ::group::Post task execution logs
[2026-06-16T15:11:51.893+0000] {taskinstance.py:1206} INFO - Marking task as SUCCESS. dag_id=CS611_ML_Pipeline, task_id=silver_cleaning, run_id=scheduled__2024-03-01T00:00:00+00:00, execution_date=20240301T000000, start_date=20260616T151127, end_date=20260616T151151
[2026-06-16T15:11:51.957+0000] {local_task_job_runner.py:240} INFO - Task exited with return code 0
[2026-06-16T15:11:52.003+0000] {taskinstance.py:3498} INFO - 2 downstream tasks scheduled from follow-on schedule check
[2026-06-16T15:11:52.007+0000] {local_task_job_runner.py:222} INFO - ::endgroup::
