[2026-06-16T12:57:46.640+0000] {local_task_job_runner.py:120} INFO - ::group::Pre task execution logs
[2026-06-16T12:57:46.672+0000] {taskinstance.py:2076} INFO - Dependencies all met for dep_context=non-requeueable deps ti=<TaskInstance: CS611_ML_Pipeline.silver_cleaning scheduled__2024-03-01T00:00:00+00:00 [queued]>
[2026-06-16T12:57:46.682+0000] {taskinstance.py:2076} INFO - Dependencies all met for dep_context=requeueable deps ti=<TaskInstance: CS611_ML_Pipeline.silver_cleaning scheduled__2024-03-01T00:00:00+00:00 [queued]>
[2026-06-16T12:57:46.685+0000] {taskinstance.py:2306} INFO - Starting attempt 2 of 3
[2026-06-16T12:57:46.700+0000] {taskinstance.py:2330} INFO - Executing <Task(PythonOperator): silver_cleaning> on 2024-03-01 00:00:00+00:00
[2026-06-16T12:57:46.707+0000] {standard_task_runner.py:63} INFO - Started process 32690 to run task
[2026-06-16T12:57:46.710+0000] {standard_task_runner.py:90} INFO - Running: ['***', 'tasks', 'run', 'CS611_ML_Pipeline', 'silver_cleaning', 'scheduled__2024-03-01T00:00:00+00:00', '--job-id', '348', '--raw', '--subdir', 'DAGS_FOLDER/ml_pipeline_dag.py', '--cfg-path', '/tmp/tmpxepjg54h']
[2026-06-16T12:57:46.714+0000] {standard_task_runner.py:91} INFO - Job 348: Subtask silver_cleaning
[2026-06-16T12:57:46.833+0000] {task_command.py:426} INFO - Running <TaskInstance: CS611_ML_Pipeline.silver_cleaning scheduled__2024-03-01T00:00:00+00:00 [running]> on host 0e5a6fd60e5a
[2026-06-16T12:57:47.114+0000] {taskinstance.py:2648} INFO - Exporting env vars: AIRFLOW_CTX_DAG_OWNER='ahana' AIRFLOW_CTX_DAG_ID='CS611_ML_Pipeline' AIRFLOW_CTX_TASK_ID='silver_cleaning' AIRFLOW_CTX_EXECUTION_DATE='2024-03-01T00:00:00+00:00' AIRFLOW_CTX_TRY_NUMBER='2' AIRFLOW_CTX_DAG_RUN_ID='scheduled__2024-03-01T00:00:00+00:00'
[2026-06-16T12:57:47.116+0000] {taskinstance.py:430} INFO - ::endgroup::
[2026-06-16T12:57:52.961+0000] {logging_mixin.py:188} INFO - [Silver] Processing snapshot: 2024-03-01
[2026-06-16T12:58:04.431+0000] {logging_mixin.py:188} INFO - [Silver] clickstream
[2026-06-16T12:58:07.886+0000] {logging_mixin.py:188} INFO - [Silver] attributes
[2026-06-16T12:58:19.188+0000] {logging_mixin.py:188} INFO - [Silver] financials
[2026-06-16T12:58:24.475+0000] {logging_mixin.py:188} INFO - [Silver] lms
[2026-06-16T12:58:25.160+0000] {python.py:237} INFO - Done. Returned value was: None
[2026-06-16T12:58:25.162+0000] {taskinstance.py:441} INFO - ::group::Post task execution logs
[2026-06-16T12:58:25.179+0000] {taskinstance.py:1206} INFO - Marking task as SUCCESS. dag_id=CS611_ML_Pipeline, task_id=silver_cleaning, run_id=scheduled__2024-03-01T00:00:00+00:00, execution_date=20240301T000000, start_date=20260616T125746, end_date=20260616T125825
[2026-06-16T12:58:25.319+0000] {local_task_job_runner.py:240} INFO - Task exited with return code 0
[2026-06-16T12:58:25.380+0000] {taskinstance.py:3498} INFO - 2 downstream tasks scheduled from follow-on schedule check
[2026-06-16T12:58:25.399+0000] {local_task_job_runner.py:222} INFO - ::endgroup::
