[2026-06-16T15:18:48.671+0000] {local_task_job_runner.py:120} INFO - ::group::Pre task execution logs
[2026-06-16T15:18:48.714+0000] {taskinstance.py:2076} INFO - Dependencies all met for dep_context=non-requeueable deps ti=<TaskInstance: CS611_ML_Pipeline.eda_analysis scheduled__2024-07-01T00:00:00+00:00 [queued]>
[2026-06-16T15:18:48.725+0000] {taskinstance.py:2076} INFO - Dependencies all met for dep_context=requeueable deps ti=<TaskInstance: CS611_ML_Pipeline.eda_analysis scheduled__2024-07-01T00:00:00+00:00 [queued]>
[2026-06-16T15:18:48.732+0000] {taskinstance.py:2306} INFO - Starting attempt 3 of 4
[2026-06-16T15:18:48.798+0000] {taskinstance.py:2330} INFO - Executing <Task(PythonOperator): eda_analysis> on 2024-07-01 00:00:00+00:00
[2026-06-16T15:18:48.820+0000] {standard_task_runner.py:63} INFO - Started process 40259 to run task
[2026-06-16T15:18:48.824+0000] {standard_task_runner.py:90} INFO - Running: ['***', 'tasks', 'run', 'CS611_ML_Pipeline', 'eda_analysis', 'scheduled__2024-07-01T00:00:00+00:00', '--job-id', '604', '--raw', '--subdir', 'DAGS_FOLDER/ml_pipeline_dag.py', '--cfg-path', '/tmp/tmpcdnmpvvy']
[2026-06-16T15:18:48.875+0000] {standard_task_runner.py:91} INFO - Job 604: Subtask eda_analysis
[2026-06-16T15:18:49.013+0000] {task_command.py:426} INFO - Running <TaskInstance: CS611_ML_Pipeline.eda_analysis scheduled__2024-07-01T00:00:00+00:00 [running]> on host 4b9938287cf4
[2026-06-16T15:18:49.376+0000] {taskinstance.py:2648} INFO - Exporting env vars: AIRFLOW_CTX_DAG_OWNER='ahana' AIRFLOW_CTX_DAG_ID='CS611_ML_Pipeline' AIRFLOW_CTX_TASK_ID='eda_analysis' AIRFLOW_CTX_EXECUTION_DATE='2024-07-01T00:00:00+00:00' AIRFLOW_CTX_TRY_NUMBER='3' AIRFLOW_CTX_DAG_RUN_ID='scheduled__2024-07-01T00:00:00+00:00'
[2026-06-16T15:18:49.378+0000] {taskinstance.py:430} INFO - ::endgroup::
[2026-06-16T15:18:50.884+0000] {logging_mixin.py:188} INFO - [EDA] Running exploratory data analysis for 2024-07-01
[2026-06-16T15:18:50.886+0000] {logging_mixin.py:188} INFO - [EDA] Running EDA for training_date=2024-07-01
[2026-06-16T15:18:52.458+0000] {logging_mixin.py:188} INFO - [EDA] Rows=6443 | Defaults=1830 (28.40%)
[2026-06-16T15:18:54.334+0000] {logging_mixin.py:188} INFO - [EDA] Report saved → /opt/***/reports/eda_report.png
[2026-06-16T15:18:54.338+0000] {logging_mixin.py:188} INFO - [EDA] Records=6443 | Default rate=28.40% | Features=73 | Top feature=label
[2026-06-16T15:18:54.338+0000] {python.py:237} INFO - Done. Returned value was: None
[2026-06-16T15:18:54.339+0000] {taskinstance.py:441} INFO - ::group::Post task execution logs
[2026-06-16T15:18:54.352+0000] {taskinstance.py:1206} INFO - Marking task as SUCCESS. dag_id=CS611_ML_Pipeline, task_id=eda_analysis, run_id=scheduled__2024-07-01T00:00:00+00:00, execution_date=20240701T000000, start_date=20260616T151848, end_date=20260616T151854
[2026-06-16T15:18:54.552+0000] {local_task_job_runner.py:240} INFO - Task exited with return code 0
[2026-06-16T15:18:54.578+0000] {taskinstance.py:3498} INFO - 1 downstream tasks scheduled from follow-on schedule check
[2026-06-16T15:18:54.581+0000] {local_task_job_runner.py:222} INFO - ::endgroup::
