[2026-06-16T13:12:41.796+0000] {local_task_job_runner.py:120} INFO - ::group::Pre task execution logs
[2026-06-16T13:12:41.840+0000] {taskinstance.py:2076} INFO - Dependencies all met for dep_context=non-requeueable deps ti=<TaskInstance: CS611_ML_Pipeline.eda_analysis scheduled__2024-07-01T00:00:00+00:00 [queued]>
[2026-06-16T13:12:41.849+0000] {taskinstance.py:2076} INFO - Dependencies all met for dep_context=requeueable deps ti=<TaskInstance: CS611_ML_Pipeline.eda_analysis scheduled__2024-07-01T00:00:00+00:00 [queued]>
[2026-06-16T13:12:41.852+0000] {taskinstance.py:2306} INFO - Starting attempt 2 of 3
[2026-06-16T13:12:41.869+0000] {taskinstance.py:2330} INFO - Executing <Task(PythonOperator): eda_analysis> on 2024-07-01 00:00:00+00:00
[2026-06-16T13:12:41.875+0000] {standard_task_runner.py:63} INFO - Started process 44695 to run task
[2026-06-16T13:12:41.879+0000] {standard_task_runner.py:90} INFO - Running: ['***', 'tasks', 'run', 'CS611_ML_Pipeline', 'eda_analysis', 'scheduled__2024-07-01T00:00:00+00:00', '--job-id', '387', '--raw', '--subdir', 'DAGS_FOLDER/ml_pipeline_dag.py', '--cfg-path', '/tmp/tmpdscnf3cj']
[2026-06-16T13:12:41.883+0000] {standard_task_runner.py:91} INFO - Job 387: Subtask eda_analysis
[2026-06-16T13:12:41.959+0000] {task_command.py:426} INFO - Running <TaskInstance: CS611_ML_Pipeline.eda_analysis scheduled__2024-07-01T00:00:00+00:00 [running]> on host 0e5a6fd60e5a
[2026-06-16T13:12:42.282+0000] {taskinstance.py:2648} INFO - Exporting env vars: AIRFLOW_CTX_DAG_OWNER='ahana' AIRFLOW_CTX_DAG_ID='CS611_ML_Pipeline' AIRFLOW_CTX_TASK_ID='eda_analysis' AIRFLOW_CTX_EXECUTION_DATE='2024-07-01T00:00:00+00:00' AIRFLOW_CTX_TRY_NUMBER='2' AIRFLOW_CTX_DAG_RUN_ID='scheduled__2024-07-01T00:00:00+00:00'
[2026-06-16T13:12:42.283+0000] {taskinstance.py:430} INFO - ::endgroup::
[2026-06-16T13:12:44.184+0000] {logging_mixin.py:188} INFO - [EDA] Running exploratory data analysis for 2024-07-01
[2026-06-16T13:12:44.185+0000] {logging_mixin.py:188} INFO - [EDA] Running EDA for training_date=2024-07-01
[2026-06-16T13:12:46.921+0000] {logging_mixin.py:188} INFO - [EDA] Rows=6443 | Defaults=1830 (28.40%)
[2026-06-16T13:12:49.533+0000] {logging_mixin.py:188} INFO - [EDA] Report saved → /opt/***/reports/eda_report.png
[2026-06-16T13:12:49.536+0000] {logging_mixin.py:188} INFO - [EDA] Records=6443 | Default rate=28.40% | Features=73 | Top feature=label
[2026-06-16T13:12:49.537+0000] {python.py:237} INFO - Done. Returned value was: None
[2026-06-16T13:12:49.539+0000] {taskinstance.py:441} INFO - ::group::Post task execution logs
[2026-06-16T13:12:49.554+0000] {taskinstance.py:1206} INFO - Marking task as SUCCESS. dag_id=CS611_ML_Pipeline, task_id=eda_analysis, run_id=scheduled__2024-07-01T00:00:00+00:00, execution_date=20240701T000000, start_date=20260616T131241, end_date=20260616T131249
[2026-06-16T13:12:49.625+0000] {local_task_job_runner.py:240} INFO - Task exited with return code 0
[2026-06-16T13:12:49.670+0000] {taskinstance.py:3498} INFO - 1 downstream tasks scheduled from follow-on schedule check
[2026-06-16T13:12:49.676+0000] {local_task_job_runner.py:222} INFO - ::endgroup::
