[2026-06-16T10:52:45.290+0000] {local_task_job_runner.py:120} INFO - ::group::Pre task execution logs
[2026-06-16T10:52:45.314+0000] {taskinstance.py:2076} INFO - Dependencies all met for dep_context=non-requeueable deps ti=<TaskInstance: CS611_ML_Pipeline.model_prediction scheduled__2023-12-01T00:00:00+00:00 [queued]>
[2026-06-16T10:52:45.321+0000] {taskinstance.py:2076} INFO - Dependencies all met for dep_context=requeueable deps ti=<TaskInstance: CS611_ML_Pipeline.model_prediction scheduled__2023-12-01T00:00:00+00:00 [queued]>
[2026-06-16T10:52:45.324+0000] {taskinstance.py:2306} INFO - Starting attempt 1 of 2
[2026-06-16T10:52:45.333+0000] {taskinstance.py:2330} INFO - Executing <Task(PythonOperator): model_prediction> on 2023-12-01 00:00:00+00:00
[2026-06-16T10:52:45.338+0000] {standard_task_runner.py:63} INFO - Started process 22984 to run task
[2026-06-16T10:52:45.341+0000] {standard_task_runner.py:90} INFO - Running: ['***', 'tasks', 'run', 'CS611_ML_Pipeline', 'model_prediction', 'scheduled__2023-12-01T00:00:00+00:00', '--job-id', '107', '--raw', '--subdir', 'DAGS_FOLDER/ml_pipeline_dag.py', '--cfg-path', '/tmp/tmp3ahjler7']
[2026-06-16T10:52:45.343+0000] {standard_task_runner.py:91} INFO - Job 107: Subtask model_prediction
[2026-06-16T10:52:45.382+0000] {task_command.py:426} INFO - Running <TaskInstance: CS611_ML_Pipeline.model_prediction scheduled__2023-12-01T00:00:00+00:00 [running]> on host 9cb3f452a997
[2026-06-16T10:52:45.582+0000] {taskinstance.py:2648} INFO - Exporting env vars: AIRFLOW_CTX_DAG_OWNER='ahana' AIRFLOW_CTX_DAG_ID='CS611_ML_Pipeline' AIRFLOW_CTX_TASK_ID='model_prediction' AIRFLOW_CTX_EXECUTION_DATE='2023-12-01T00:00:00+00:00' AIRFLOW_CTX_TRY_NUMBER='1' AIRFLOW_CTX_DAG_RUN_ID='scheduled__2023-12-01T00:00:00+00:00'
[2026-06-16T10:52:45.584+0000] {taskinstance.py:430} INFO - ::endgroup::
[2026-06-16T10:52:46.766+0000] {logging_mixin.py:188} INFO - [Model] Loaded: logistic_regression trained on 2023-07-01
[2026-06-16T10:52:46.766+0000] {logging_mixin.py:188} INFO - [Predict] Running inference for 2023-12-01
[2026-06-16T10:52:46.958+0000] {logging_mixin.py:188} INFO - [Predict] Saved 489 predictions -> /opt/***/datamart/gold/predictions/2023_12_01.parquet
[2026-06-16T10:52:46.961+0000] {logging_mixin.py:188} INFO - [Predict] Default rate predicted: 16.8%
[2026-06-16T10:52:46.962+0000] {logging_mixin.py:188} INFO - [Predict] 489 predictions saved
[2026-06-16T10:52:46.963+0000] {python.py:237} INFO - Done. Returned value was: None
[2026-06-16T10:52:46.964+0000] {taskinstance.py:441} INFO - ::group::Post task execution logs
[2026-06-16T10:52:46.975+0000] {taskinstance.py:1206} INFO - Marking task as SUCCESS. dag_id=CS611_ML_Pipeline, task_id=model_prediction, run_id=scheduled__2023-12-01T00:00:00+00:00, execution_date=20231201T000000, start_date=20260616T105245, end_date=20260616T105246
[2026-06-16T10:52:47.046+0000] {local_task_job_runner.py:240} INFO - Task exited with return code 0
[2026-06-16T10:52:47.067+0000] {taskinstance.py:3498} INFO - 1 downstream tasks scheduled from follow-on schedule check
[2026-06-16T10:52:47.111+0000] {local_task_job_runner.py:222} INFO - ::endgroup::
