[2026-06-16T12:39:49.738+0000] {local_task_job_runner.py:120} INFO - ::group::Pre task execution logs
[2026-06-16T12:39:49.762+0000] {taskinstance.py:2076} INFO - Dependencies all met for dep_context=non-requeueable deps ti=<TaskInstance: CS611_ML_Pipeline.bronze_ingestion scheduled__2023-08-01T00:00:00+00:00 [queued]>
[2026-06-16T12:39:49.768+0000] {taskinstance.py:2076} INFO - Dependencies all met for dep_context=requeueable deps ti=<TaskInstance: CS611_ML_Pipeline.bronze_ingestion scheduled__2023-08-01T00:00:00+00:00 [queued]>
[2026-06-16T12:39:49.769+0000] {taskinstance.py:2306} INFO - Starting attempt 2 of 3
[2026-06-16T12:39:49.778+0000] {taskinstance.py:2330} INFO - Executing <Task(PythonOperator): bronze_ingestion> on 2023-08-01 00:00:00+00:00
[2026-06-16T12:39:49.782+0000] {standard_task_runner.py:63} INFO - Started process 15124 to run task
[2026-06-16T12:39:49.785+0000] {standard_task_runner.py:90} INFO - Running: ['***', 'tasks', 'run', 'CS611_ML_Pipeline', 'bronze_ingestion', 'scheduled__2023-08-01T00:00:00+00:00', '--job-id', '284', '--raw', '--subdir', 'DAGS_FOLDER/ml_pipeline_dag.py', '--cfg-path', '/tmp/tmplc9dm72k']
[2026-06-16T12:39:49.787+0000] {standard_task_runner.py:91} INFO - Job 284: Subtask bronze_ingestion
[2026-06-16T12:39:49.826+0000] {task_command.py:426} INFO - Running <TaskInstance: CS611_ML_Pipeline.bronze_ingestion scheduled__2023-08-01T00:00:00+00:00 [running]> on host 0e5a6fd60e5a
[2026-06-16T12:39:50.001+0000] {taskinstance.py:2648} INFO - Exporting env vars: AIRFLOW_CTX_DAG_OWNER='ahana' AIRFLOW_CTX_DAG_ID='CS611_ML_Pipeline' AIRFLOW_CTX_TASK_ID='bronze_ingestion' AIRFLOW_CTX_EXECUTION_DATE='2023-08-01T00:00:00+00:00' AIRFLOW_CTX_TRY_NUMBER='2' AIRFLOW_CTX_DAG_RUN_ID='scheduled__2023-08-01T00:00:00+00:00'
[2026-06-16T12:39:50.002+0000] {taskinstance.py:430} INFO - ::endgroup::
[2026-06-16T12:39:53.045+0000] {logging_mixin.py:188} INFO - [Bronze] Processing snapshot: 2023-08-01
[2026-06-16T12:40:02.913+0000] {logging_mixin.py:188} INFO - [Bronze] clickstream
[2026-06-16T12:40:04.255+0000] {logging_mixin.py:188} INFO - [Bronze] attributes
[2026-06-16T12:40:05.482+0000] {logging_mixin.py:188} INFO - [Bronze] financials
[2026-06-16T12:40:07.937+0000] {logging_mixin.py:188} INFO - [Bronze] lms
[2026-06-16T12:40:08.431+0000] {python.py:237} INFO - Done. Returned value was: None
[2026-06-16T12:40:08.433+0000] {taskinstance.py:441} INFO - ::group::Post task execution logs
[2026-06-16T12:40:08.447+0000] {taskinstance.py:1206} INFO - Marking task as SUCCESS. dag_id=CS611_ML_Pipeline, task_id=bronze_ingestion, run_id=scheduled__2023-08-01T00:00:00+00:00, execution_date=20230801T000000, start_date=20260616T123949, end_date=20260616T124008
[2026-06-16T12:40:08.485+0000] {local_task_job_runner.py:240} INFO - Task exited with return code 0
[2026-06-16T12:40:08.521+0000] {taskinstance.py:3498} INFO - 1 downstream tasks scheduled from follow-on schedule check
[2026-06-16T12:40:08.525+0000] {local_task_job_runner.py:222} INFO - ::endgroup::
