[2026-06-16T14:59:20.711+0000] {local_task_job_runner.py:120} INFO - ::group::Pre task execution logs
[2026-06-16T14:59:20.735+0000] {taskinstance.py:2076} INFO - Dependencies all met for dep_context=non-requeueable deps ti=<TaskInstance: CS611_ML_Pipeline.bronze_ingestion scheduled__2023-08-01T00:00:00+00:00 [queued]>
[2026-06-16T14:59:20.746+0000] {taskinstance.py:2076} INFO - Dependencies all met for dep_context=requeueable deps ti=<TaskInstance: CS611_ML_Pipeline.bronze_ingestion scheduled__2023-08-01T00:00:00+00:00 [queued]>
[2026-06-16T14:59:20.748+0000] {taskinstance.py:2306} INFO - Starting attempt 3 of 4
[2026-06-16T14:59:20.759+0000] {taskinstance.py:2330} INFO - Executing <Task(PythonOperator): bronze_ingestion> on 2023-08-01 00:00:00+00:00
[2026-06-16T14:59:20.765+0000] {standard_task_runner.py:63} INFO - Started process 12335 to run task
[2026-06-16T14:59:20.768+0000] {standard_task_runner.py:90} INFO - Running: ['***', 'tasks', 'run', 'CS611_ML_Pipeline', 'bronze_ingestion', 'scheduled__2023-08-01T00:00:00+00:00', '--job-id', '501', '--raw', '--subdir', 'DAGS_FOLDER/ml_pipeline_dag.py', '--cfg-path', '/tmp/tmp94685d6n']
[2026-06-16T14:59:20.771+0000] {standard_task_runner.py:91} INFO - Job 501: Subtask bronze_ingestion
[2026-06-16T14:59:20.813+0000] {task_command.py:426} INFO - Running <TaskInstance: CS611_ML_Pipeline.bronze_ingestion scheduled__2023-08-01T00:00:00+00:00 [running]> on host 4b9938287cf4
[2026-06-16T14:59:21.076+0000] {taskinstance.py:2648} INFO - Exporting env vars: AIRFLOW_CTX_DAG_OWNER='ahana' AIRFLOW_CTX_DAG_ID='CS611_ML_Pipeline' AIRFLOW_CTX_TASK_ID='bronze_ingestion' AIRFLOW_CTX_EXECUTION_DATE='2023-08-01T00:00:00+00:00' AIRFLOW_CTX_TRY_NUMBER='3' AIRFLOW_CTX_DAG_RUN_ID='scheduled__2023-08-01T00:00:00+00:00'
[2026-06-16T14:59:21.078+0000] {taskinstance.py:430} INFO - ::endgroup::
[2026-06-16T14:59:23.998+0000] {logging_mixin.py:188} INFO - [Bronze] Processing snapshot: 2023-08-01
[2026-06-16T14:59:29.469+0000] {logging_mixin.py:188} INFO - [Bronze] clickstream
[2026-06-16T14:59:31.809+0000] {logging_mixin.py:188} INFO - [Bronze] attributes
[2026-06-16T14:59:34.513+0000] {logging_mixin.py:188} INFO - [Bronze] financials
[2026-06-16T14:59:36.536+0000] {logging_mixin.py:188} INFO - [Bronze] lms
[2026-06-16T14:59:36.880+0000] {python.py:237} INFO - Done. Returned value was: None
[2026-06-16T14:59:36.888+0000] {taskinstance.py:441} INFO - ::group::Post task execution logs
[2026-06-16T14:59:36.908+0000] {taskinstance.py:1206} INFO - Marking task as SUCCESS. dag_id=CS611_ML_Pipeline, task_id=bronze_ingestion, run_id=scheduled__2023-08-01T00:00:00+00:00, execution_date=20230801T000000, start_date=20260616T145920, end_date=20260616T145936
[2026-06-16T14:59:37.013+0000] {local_task_job_runner.py:240} INFO - Task exited with return code 0
[2026-06-16T14:59:37.053+0000] {taskinstance.py:3498} INFO - 1 downstream tasks scheduled from follow-on schedule check
[2026-06-16T14:59:37.059+0000] {local_task_job_runner.py:222} INFO - ::endgroup::
