[2026-06-16T10:48:22.397+0000] {local_task_job_runner.py:120} INFO - ::group::Pre task execution logs
[2026-06-16T10:48:22.422+0000] {taskinstance.py:2076} INFO - Dependencies all met for dep_context=non-requeueable deps ti=<TaskInstance: CS611_ML_Pipeline.model_prediction scheduled__2023-09-01T00:00:00+00:00 [queued]>
[2026-06-16T10:48:22.430+0000] {taskinstance.py:2076} INFO - Dependencies all met for dep_context=requeueable deps ti=<TaskInstance: CS611_ML_Pipeline.model_prediction scheduled__2023-09-01T00:00:00+00:00 [queued]>
[2026-06-16T10:48:22.432+0000] {taskinstance.py:2306} INFO - Starting attempt 1 of 2
[2026-06-16T10:48:22.441+0000] {taskinstance.py:2330} INFO - Executing <Task(PythonOperator): model_prediction> on 2023-09-01 00:00:00+00:00
[2026-06-16T10:48:22.445+0000] {standard_task_runner.py:63} INFO - Started process 16357 to run task
[2026-06-16T10:48:22.448+0000] {standard_task_runner.py:90} INFO - Running: ['***', 'tasks', 'run', 'CS611_ML_Pipeline', 'model_prediction', 'scheduled__2023-09-01T00:00:00+00:00', '--job-id', '80', '--raw', '--subdir', 'DAGS_FOLDER/ml_pipeline_dag.py', '--cfg-path', '/tmp/tmpr7jndqks']
[2026-06-16T10:48:22.450+0000] {standard_task_runner.py:91} INFO - Job 80: Subtask model_prediction
[2026-06-16T10:48:22.490+0000] {task_command.py:426} INFO - Running <TaskInstance: CS611_ML_Pipeline.model_prediction scheduled__2023-09-01T00:00:00+00:00 [running]> on host 9cb3f452a997
[2026-06-16T10:48:22.674+0000] {taskinstance.py:2648} INFO - Exporting env vars: AIRFLOW_CTX_DAG_OWNER='ahana' AIRFLOW_CTX_DAG_ID='CS611_ML_Pipeline' AIRFLOW_CTX_TASK_ID='model_prediction' AIRFLOW_CTX_EXECUTION_DATE='2023-09-01T00:00:00+00:00' AIRFLOW_CTX_TRY_NUMBER='1' AIRFLOW_CTX_DAG_RUN_ID='scheduled__2023-09-01T00:00:00+00:00'
[2026-06-16T10:48:22.675+0000] {taskinstance.py:430} INFO - ::endgroup::
[2026-06-16T10:48:23.794+0000] {logging_mixin.py:188} INFO - [Model] Loaded: logistic_regression trained on 2023-07-01
[2026-06-16T10:48:23.794+0000] {logging_mixin.py:188} INFO - [Predict] Running inference for 2023-09-01
[2026-06-16T10:48:24.008+0000] {logging_mixin.py:188} INFO - [Predict] Saved 454 predictions -> /opt/***/datamart/gold/predictions/2023_09_01.parquet
[2026-06-16T10:48:24.009+0000] {logging_mixin.py:188} INFO - [Predict] Default rate predicted: 16.5%
[2026-06-16T10:48:24.010+0000] {logging_mixin.py:188} INFO - [Predict] 454 predictions saved
[2026-06-16T10:48:24.010+0000] {python.py:237} INFO - Done. Returned value was: None
[2026-06-16T10:48:24.011+0000] {taskinstance.py:441} INFO - ::group::Post task execution logs
[2026-06-16T10:48:24.021+0000] {taskinstance.py:1206} INFO - Marking task as SUCCESS. dag_id=CS611_ML_Pipeline, task_id=model_prediction, run_id=scheduled__2023-09-01T00:00:00+00:00, execution_date=20230901T000000, start_date=20260616T104822, end_date=20260616T104824
[2026-06-16T10:48:24.072+0000] {local_task_job_runner.py:240} INFO - Task exited with return code 0
[2026-06-16T10:48:24.098+0000] {taskinstance.py:3498} INFO - 1 downstream tasks scheduled from follow-on schedule check
[2026-06-16T10:48:24.103+0000] {local_task_job_runner.py:222} INFO - ::endgroup::
