[2026-06-16T15:19:37.598+0000] {local_task_job_runner.py:120} INFO - ::group::Pre task execution logs
[2026-06-16T15:19:37.623+0000] {taskinstance.py:2076} INFO - Dependencies all met for dep_context=non-requeueable deps ti=<TaskInstance: CS611_ML_Pipeline.bronze_ingestion scheduled__2024-08-01T00:00:00+00:00 [queued]>
[2026-06-16T15:19:37.628+0000] {taskinstance.py:2076} INFO - Dependencies all met for dep_context=requeueable deps ti=<TaskInstance: CS611_ML_Pipeline.bronze_ingestion scheduled__2024-08-01T00:00:00+00:00 [queued]>
[2026-06-16T15:19:37.629+0000] {taskinstance.py:2306} INFO - Starting attempt 3 of 4
[2026-06-16T15:19:37.637+0000] {taskinstance.py:2330} INFO - Executing <Task(PythonOperator): bronze_ingestion> on 2024-08-01 00:00:00+00:00
[2026-06-16T15:19:37.642+0000] {standard_task_runner.py:63} INFO - Started process 40734 to run task
[2026-06-16T15:19:37.644+0000] {standard_task_runner.py:90} INFO - Running: ['***', 'tasks', 'run', 'CS611_ML_Pipeline', 'bronze_ingestion', 'scheduled__2024-08-01T00:00:00+00:00', '--job-id', '609', '--raw', '--subdir', 'DAGS_FOLDER/ml_pipeline_dag.py', '--cfg-path', '/tmp/tmpsynuncur']
[2026-06-16T15:19:37.646+0000] {standard_task_runner.py:91} INFO - Job 609: Subtask bronze_ingestion
[2026-06-16T15:19:37.684+0000] {task_command.py:426} INFO - Running <TaskInstance: CS611_ML_Pipeline.bronze_ingestion scheduled__2024-08-01T00:00:00+00:00 [running]> on host 4b9938287cf4
[2026-06-16T15:19:37.886+0000] {taskinstance.py:2648} INFO - Exporting env vars: AIRFLOW_CTX_DAG_OWNER='ahana' AIRFLOW_CTX_DAG_ID='CS611_ML_Pipeline' AIRFLOW_CTX_TASK_ID='bronze_ingestion' AIRFLOW_CTX_EXECUTION_DATE='2024-08-01T00:00:00+00:00' AIRFLOW_CTX_TRY_NUMBER='3' AIRFLOW_CTX_DAG_RUN_ID='scheduled__2024-08-01T00:00:00+00:00'
[2026-06-16T15:19:37.888+0000] {taskinstance.py:430} INFO - ::endgroup::
[2026-06-16T15:19:40.885+0000] {logging_mixin.py:188} INFO - [Bronze] Processing snapshot: 2024-08-01
[2026-06-16T15:19:47.163+0000] {logging_mixin.py:188} INFO - [Bronze] clickstream
[2026-06-16T15:19:48.608+0000] {logging_mixin.py:188} INFO - [Bronze] attributes
[2026-06-16T15:19:49.898+0000] {logging_mixin.py:188} INFO - [Bronze] financials
[2026-06-16T15:19:51.106+0000] {logging_mixin.py:188} INFO - [Bronze] lms
[2026-06-16T15:19:51.283+0000] {python.py:237} INFO - Done. Returned value was: None
[2026-06-16T15:19:51.285+0000] {taskinstance.py:441} INFO - ::group::Post task execution logs
[2026-06-16T15:19:51.300+0000] {taskinstance.py:1206} INFO - Marking task as SUCCESS. dag_id=CS611_ML_Pipeline, task_id=bronze_ingestion, run_id=scheduled__2024-08-01T00:00:00+00:00, execution_date=20240801T000000, start_date=20260616T151937, end_date=20260616T151951
[2026-06-16T15:19:51.397+0000] {local_task_job_runner.py:240} INFO - Task exited with return code 0
[2026-06-16T15:19:51.415+0000] {taskinstance.py:3498} INFO - 1 downstream tasks scheduled from follow-on schedule check
[2026-06-16T15:19:51.472+0000] {local_task_job_runner.py:222} INFO - ::endgroup::
