[2026-06-16T13:14:43.551+0000] {local_task_job_runner.py:120} INFO - ::group::Pre task execution logs
[2026-06-16T13:14:43.577+0000] {taskinstance.py:2076} INFO - Dependencies all met for dep_context=non-requeueable deps ti=<TaskInstance: CS611_ML_Pipeline.bronze_ingestion scheduled__2024-08-01T00:00:00+00:00 [queued]>
[2026-06-16T13:14:43.584+0000] {taskinstance.py:2076} INFO - Dependencies all met for dep_context=requeueable deps ti=<TaskInstance: CS611_ML_Pipeline.bronze_ingestion scheduled__2024-08-01T00:00:00+00:00 [queued]>
[2026-06-16T13:14:43.586+0000] {taskinstance.py:2306} INFO - Starting attempt 2 of 3
[2026-06-16T13:14:43.598+0000] {taskinstance.py:2330} INFO - Executing <Task(PythonOperator): bronze_ingestion> on 2024-08-01 00:00:00+00:00
[2026-06-16T13:14:43.602+0000] {standard_task_runner.py:63} INFO - Started process 45119 to run task
[2026-06-16T13:14:43.605+0000] {standard_task_runner.py:90} INFO - Running: ['***', 'tasks', 'run', 'CS611_ML_Pipeline', 'bronze_ingestion', 'scheduled__2024-08-01T00:00:00+00:00', '--job-id', '392', '--raw', '--subdir', 'DAGS_FOLDER/ml_pipeline_dag.py', '--cfg-path', '/tmp/tmpu6rj5bz_']
[2026-06-16T13:14:43.607+0000] {standard_task_runner.py:91} INFO - Job 392: Subtask bronze_ingestion
[2026-06-16T13:14:43.691+0000] {task_command.py:426} INFO - Running <TaskInstance: CS611_ML_Pipeline.bronze_ingestion scheduled__2024-08-01T00:00:00+00:00 [running]> on host 0e5a6fd60e5a
[2026-06-16T13:14:43.918+0000] {taskinstance.py:2648} INFO - Exporting env vars: AIRFLOW_CTX_DAG_OWNER='ahana' AIRFLOW_CTX_DAG_ID='CS611_ML_Pipeline' AIRFLOW_CTX_TASK_ID='bronze_ingestion' AIRFLOW_CTX_EXECUTION_DATE='2024-08-01T00:00:00+00:00' AIRFLOW_CTX_TRY_NUMBER='2' AIRFLOW_CTX_DAG_RUN_ID='scheduled__2024-08-01T00:00:00+00:00'
[2026-06-16T13:14:43.920+0000] {taskinstance.py:430} INFO - ::endgroup::
[2026-06-16T13:14:48.335+0000] {logging_mixin.py:188} INFO - [Bronze] Processing snapshot: 2024-08-01
[2026-06-16T13:15:00.313+0000] {logging_mixin.py:188} INFO - [Bronze] clickstream
[2026-06-16T13:15:03.056+0000] {logging_mixin.py:188} INFO - [Bronze] attributes
[2026-06-16T13:15:04.947+0000] {logging_mixin.py:188} INFO - [Bronze] financials
[2026-06-16T13:15:08.511+0000] {logging_mixin.py:188} INFO - [Bronze] lms
[2026-06-16T13:15:09.112+0000] {python.py:237} INFO - Done. Returned value was: None
[2026-06-16T13:15:09.114+0000] {taskinstance.py:441} INFO - ::group::Post task execution logs
[2026-06-16T13:15:09.132+0000] {taskinstance.py:1206} INFO - Marking task as SUCCESS. dag_id=CS611_ML_Pipeline, task_id=bronze_ingestion, run_id=scheduled__2024-08-01T00:00:00+00:00, execution_date=20240801T000000, start_date=20260616T131443, end_date=20260616T131509
[2026-06-16T13:15:09.165+0000] {local_task_job_runner.py:240} INFO - Task exited with return code 0
[2026-06-16T13:15:09.208+0000] {taskinstance.py:3498} INFO - 1 downstream tasks scheduled from follow-on schedule check
[2026-06-16T13:15:09.212+0000] {local_task_job_runner.py:222} INFO - ::endgroup::
