[2026-06-16T15:11:10.166+0000] {local_task_job_runner.py:120} INFO - ::group::Pre task execution logs
[2026-06-16T15:11:10.193+0000] {taskinstance.py:2076} INFO - Dependencies all met for dep_context=non-requeueable deps ti=<TaskInstance: CS611_ML_Pipeline.bronze_ingestion scheduled__2024-03-01T00:00:00+00:00 [queued]>
[2026-06-16T15:11:10.201+0000] {taskinstance.py:2076} INFO - Dependencies all met for dep_context=requeueable deps ti=<TaskInstance: CS611_ML_Pipeline.bronze_ingestion scheduled__2024-03-01T00:00:00+00:00 [queued]>
[2026-06-16T15:11:10.203+0000] {taskinstance.py:2306} INFO - Starting attempt 3 of 4
[2026-06-16T15:11:10.215+0000] {taskinstance.py:2330} INFO - Executing <Task(PythonOperator): bronze_ingestion> on 2024-03-01 00:00:00+00:00
[2026-06-16T15:11:10.220+0000] {standard_task_runner.py:63} INFO - Started process 28054 to run task
[2026-06-16T15:11:10.224+0000] {standard_task_runner.py:90} INFO - Running: ['***', 'tasks', 'run', 'CS611_ML_Pipeline', 'bronze_ingestion', 'scheduled__2024-03-01T00:00:00+00:00', '--job-id', '564', '--raw', '--subdir', 'DAGS_FOLDER/ml_pipeline_dag.py', '--cfg-path', '/tmp/tmpt4niqnvh']
[2026-06-16T15:11:10.227+0000] {standard_task_runner.py:91} INFO - Job 564: Subtask bronze_ingestion
[2026-06-16T15:11:10.277+0000] {task_command.py:426} INFO - Running <TaskInstance: CS611_ML_Pipeline.bronze_ingestion scheduled__2024-03-01T00:00:00+00:00 [running]> on host 4b9938287cf4
[2026-06-16T15:11:10.529+0000] {taskinstance.py:2648} INFO - Exporting env vars: AIRFLOW_CTX_DAG_OWNER='ahana' AIRFLOW_CTX_DAG_ID='CS611_ML_Pipeline' AIRFLOW_CTX_TASK_ID='bronze_ingestion' AIRFLOW_CTX_EXECUTION_DATE='2024-03-01T00:00:00+00:00' AIRFLOW_CTX_TRY_NUMBER='3' AIRFLOW_CTX_DAG_RUN_ID='scheduled__2024-03-01T00:00:00+00:00'
[2026-06-16T15:11:10.530+0000] {taskinstance.py:430} INFO - ::endgroup::
[2026-06-16T15:11:14.129+0000] {logging_mixin.py:188} INFO - [Bronze] Processing snapshot: 2024-03-01
[2026-06-16T15:11:21.149+0000] {logging_mixin.py:188} INFO - [Bronze] clickstream
[2026-06-16T15:11:22.772+0000] {logging_mixin.py:188} INFO - [Bronze] attributes
[2026-06-16T15:11:24.280+0000] {logging_mixin.py:188} INFO - [Bronze] financials
[2026-06-16T15:11:26.117+0000] {logging_mixin.py:188} INFO - [Bronze] lms
[2026-06-16T15:11:26.525+0000] {python.py:237} INFO - Done. Returned value was: None
[2026-06-16T15:11:26.527+0000] {taskinstance.py:441} INFO - ::group::Post task execution logs
[2026-06-16T15:11:26.537+0000] {taskinstance.py:1206} INFO - Marking task as SUCCESS. dag_id=CS611_ML_Pipeline, task_id=bronze_ingestion, run_id=scheduled__2024-03-01T00:00:00+00:00, execution_date=20240301T000000, start_date=20260616T151110, end_date=20260616T151126
[2026-06-16T15:11:26.605+0000] {local_task_job_runner.py:240} INFO - Task exited with return code 0
[2026-06-16T15:11:26.641+0000] {taskinstance.py:3498} INFO - 1 downstream tasks scheduled from follow-on schedule check
[2026-06-16T15:11:26.646+0000] {local_task_job_runner.py:222} INFO - ::endgroup::
