[2026-06-16T14:58:38.673+0000] {local_task_job_runner.py:120} INFO - ::group::Pre task execution logs
[2026-06-16T14:58:38.708+0000] {taskinstance.py:2076} INFO - Dependencies all met for dep_context=non-requeueable deps ti=<TaskInstance: CS611_ML_Pipeline.eda_analysis scheduled__2023-07-01T00:00:00+00:00 [queued]>
[2026-06-16T14:58:38.715+0000] {taskinstance.py:2076} INFO - Dependencies all met for dep_context=requeueable deps ti=<TaskInstance: CS611_ML_Pipeline.eda_analysis scheduled__2023-07-01T00:00:00+00:00 [queued]>
[2026-06-16T14:58:38.718+0000] {taskinstance.py:2306} INFO - Starting attempt 3 of 4
[2026-06-16T14:58:38.726+0000] {taskinstance.py:2330} INFO - Executing <Task(PythonOperator): eda_analysis> on 2023-07-01 00:00:00+00:00
[2026-06-16T14:58:38.730+0000] {standard_task_runner.py:63} INFO - Started process 11906 to run task
[2026-06-16T14:58:38.734+0000] {standard_task_runner.py:90} INFO - Running: ['***', 'tasks', 'run', 'CS611_ML_Pipeline', 'eda_analysis', 'scheduled__2023-07-01T00:00:00+00:00', '--job-id', '496', '--raw', '--subdir', 'DAGS_FOLDER/ml_pipeline_dag.py', '--cfg-path', '/tmp/tmp8efacu1a']
[2026-06-16T14:58:38.737+0000] {standard_task_runner.py:91} INFO - Job 496: Subtask eda_analysis
[2026-06-16T14:58:38.829+0000] {task_command.py:426} INFO - Running <TaskInstance: CS611_ML_Pipeline.eda_analysis scheduled__2023-07-01T00:00:00+00:00 [running]> on host 4b9938287cf4
[2026-06-16T14:58:39.199+0000] {taskinstance.py:2648} INFO - Exporting env vars: AIRFLOW_CTX_DAG_OWNER='ahana' AIRFLOW_CTX_DAG_ID='CS611_ML_Pipeline' AIRFLOW_CTX_TASK_ID='eda_analysis' AIRFLOW_CTX_EXECUTION_DATE='2023-07-01T00:00:00+00:00' AIRFLOW_CTX_TRY_NUMBER='3' AIRFLOW_CTX_DAG_RUN_ID='scheduled__2023-07-01T00:00:00+00:00'
[2026-06-16T14:58:39.200+0000] {taskinstance.py:430} INFO - ::endgroup::
[2026-06-16T14:58:40.874+0000] {logging_mixin.py:188} INFO - [EDA] Running exploratory data analysis for 2023-07-01
[2026-06-16T14:58:40.874+0000] {logging_mixin.py:188} INFO - [EDA] Running EDA for training_date=2023-07-01
[2026-06-16T14:58:41.472+0000] {logging_mixin.py:188} INFO - [EDA] Rows=530 | Defaults=140 (26.42%)
[2026-06-16T14:58:43.492+0000] {logging_mixin.py:188} INFO - [EDA] Report saved → /opt/***/reports/eda_report.png
[2026-06-16T14:58:43.493+0000] {logging_mixin.py:188} INFO - [EDA] Records=530 | Default rate=26.42% | Features=73 | Top feature=label
[2026-06-16T14:58:43.494+0000] {python.py:237} INFO - Done. Returned value was: None
[2026-06-16T14:58:43.495+0000] {taskinstance.py:441} INFO - ::group::Post task execution logs
[2026-06-16T14:58:43.501+0000] {taskinstance.py:1206} INFO - Marking task as SUCCESS. dag_id=CS611_ML_Pipeline, task_id=eda_analysis, run_id=scheduled__2023-07-01T00:00:00+00:00, execution_date=20230701T000000, start_date=20260616T145838, end_date=20260616T145843
[2026-06-16T14:58:43.763+0000] {local_task_job_runner.py:240} INFO - Task exited with return code 0
[2026-06-16T14:58:43.788+0000] {taskinstance.py:3498} INFO - 1 downstream tasks scheduled from follow-on schedule check
[2026-06-16T14:58:43.929+0000] {local_task_job_runner.py:222} INFO - ::endgroup::
