[2026-06-16T10:44:59.579+0000] {local_task_job_runner.py:120} INFO - ::group::Pre task execution logs
[2026-06-16T10:44:59.602+0000] {taskinstance.py:2076} INFO - Dependencies all met for dep_context=non-requeueable deps ti=<TaskInstance: CS611_ML_Pipeline.eda_analysis scheduled__2023-07-01T00:00:00+00:00 [queued]>
[2026-06-16T10:44:59.608+0000] {taskinstance.py:2076} INFO - Dependencies all met for dep_context=requeueable deps ti=<TaskInstance: CS611_ML_Pipeline.eda_analysis scheduled__2023-07-01T00:00:00+00:00 [queued]>
[2026-06-16T10:44:59.611+0000] {taskinstance.py:2306} INFO - Starting attempt 1 of 2
[2026-06-16T10:44:59.619+0000] {taskinstance.py:2330} INFO - Executing <Task(PythonOperator): eda_analysis> on 2023-07-01 00:00:00+00:00
[2026-06-16T10:44:59.623+0000] {standard_task_runner.py:63} INFO - Started process 11877 to run task
[2026-06-16T10:44:59.626+0000] {standard_task_runner.py:90} INFO - Running: ['***', 'tasks', 'run', 'CS611_ML_Pipeline', 'eda_analysis', 'scheduled__2023-07-01T00:00:00+00:00', '--job-id', '60', '--raw', '--subdir', 'DAGS_FOLDER/ml_pipeline_dag.py', '--cfg-path', '/tmp/tmpzz4kezpo']
[2026-06-16T10:44:59.628+0000] {standard_task_runner.py:91} INFO - Job 60: Subtask eda_analysis
[2026-06-16T10:44:59.666+0000] {task_command.py:426} INFO - Running <TaskInstance: CS611_ML_Pipeline.eda_analysis scheduled__2023-07-01T00:00:00+00:00 [running]> on host 9cb3f452a997
[2026-06-16T10:44:59.889+0000] {taskinstance.py:2648} INFO - Exporting env vars: AIRFLOW_CTX_DAG_OWNER='ahana' AIRFLOW_CTX_DAG_ID='CS611_ML_Pipeline' AIRFLOW_CTX_TASK_ID='eda_analysis' AIRFLOW_CTX_EXECUTION_DATE='2023-07-01T00:00:00+00:00' AIRFLOW_CTX_TRY_NUMBER='1' AIRFLOW_CTX_DAG_RUN_ID='scheduled__2023-07-01T00:00:00+00:00'
[2026-06-16T10:44:59.890+0000] {taskinstance.py:430} INFO - ::endgroup::
[2026-06-16T10:45:01.252+0000] {logging_mixin.py:188} INFO - [EDA] Running exploratory data analysis for 2023-07-01
[2026-06-16T10:45:01.253+0000] {logging_mixin.py:188} INFO - [EDA] Running EDA for training_date=2023-07-01
[2026-06-16T10:45:01.677+0000] {logging_mixin.py:188} INFO - [EDA] Rows=530 | Defaults=140 (26.42%)
[2026-06-16T10:45:03.064+0000] {logging_mixin.py:188} INFO - [EDA] Report saved → /opt/***/reports/eda_report.png
[2026-06-16T10:45:03.065+0000] {logging_mixin.py:188} INFO - [EDA] Records=530 | Default rate=26.42% | Features=73 | Top feature=label
[2026-06-16T10:45:03.066+0000] {python.py:237} INFO - Done. Returned value was: None
[2026-06-16T10:45:03.067+0000] {taskinstance.py:441} INFO - ::group::Post task execution logs
[2026-06-16T10:45:03.075+0000] {taskinstance.py:1206} INFO - Marking task as SUCCESS. dag_id=CS611_ML_Pipeline, task_id=eda_analysis, run_id=scheduled__2023-07-01T00:00:00+00:00, execution_date=20230701T000000, start_date=20260616T104459, end_date=20260616T104503
[2026-06-16T10:45:03.139+0000] {local_task_job_runner.py:240} INFO - Task exited with return code 0
[2026-06-16T10:45:03.161+0000] {taskinstance.py:3498} INFO - 1 downstream tasks scheduled from follow-on schedule check
[2026-06-16T10:45:03.164+0000] {local_task_job_runner.py:222} INFO - ::endgroup::
