[2026-06-16T12:38:45.422+0000] {local_task_job_runner.py:120} INFO - ::group::Pre task execution logs
[2026-06-16T12:38:45.461+0000] {taskinstance.py:2076} INFO - Dependencies all met for dep_context=non-requeueable deps ti=<TaskInstance: CS611_ML_Pipeline.eda_analysis scheduled__2023-07-01T00:00:00+00:00 [queued]>
[2026-06-16T12:38:45.472+0000] {taskinstance.py:2076} INFO - Dependencies all met for dep_context=requeueable deps ti=<TaskInstance: CS611_ML_Pipeline.eda_analysis scheduled__2023-07-01T00:00:00+00:00 [queued]>
[2026-06-16T12:38:45.474+0000] {taskinstance.py:2306} INFO - Starting attempt 2 of 3
[2026-06-16T12:38:45.491+0000] {taskinstance.py:2330} INFO - Executing <Task(PythonOperator): eda_analysis> on 2023-07-01 00:00:00+00:00
[2026-06-16T12:38:45.497+0000] {standard_task_runner.py:63} INFO - Started process 14710 to run task
[2026-06-16T12:38:45.501+0000] {standard_task_runner.py:90} INFO - Running: ['***', 'tasks', 'run', 'CS611_ML_Pipeline', 'eda_analysis', 'scheduled__2023-07-01T00:00:00+00:00', '--job-id', '279', '--raw', '--subdir', 'DAGS_FOLDER/ml_pipeline_dag.py', '--cfg-path', '/tmp/tmp2ihds0it']
[2026-06-16T12:38:45.504+0000] {standard_task_runner.py:91} INFO - Job 279: Subtask eda_analysis
[2026-06-16T12:38:45.571+0000] {task_command.py:426} INFO - Running <TaskInstance: CS611_ML_Pipeline.eda_analysis scheduled__2023-07-01T00:00:00+00:00 [running]> on host 0e5a6fd60e5a
[2026-06-16T12:38:45.917+0000] {taskinstance.py:2648} INFO - Exporting env vars: AIRFLOW_CTX_DAG_OWNER='ahana' AIRFLOW_CTX_DAG_ID='CS611_ML_Pipeline' AIRFLOW_CTX_TASK_ID='eda_analysis' AIRFLOW_CTX_EXECUTION_DATE='2023-07-01T00:00:00+00:00' AIRFLOW_CTX_TRY_NUMBER='2' AIRFLOW_CTX_DAG_RUN_ID='scheduled__2023-07-01T00:00:00+00:00'
[2026-06-16T12:38:45.919+0000] {taskinstance.py:430} INFO - ::endgroup::
[2026-06-16T12:38:48.532+0000] {logging_mixin.py:188} INFO - [EDA] Running exploratory data analysis for 2023-07-01
[2026-06-16T12:38:48.533+0000] {logging_mixin.py:188} INFO - [EDA] Running EDA for training_date=2023-07-01
[2026-06-16T12:38:49.321+0000] {logging_mixin.py:188} INFO - [EDA] Rows=530 | Defaults=140 (26.42%)
[2026-06-16T12:38:51.477+0000] {logging_mixin.py:188} INFO - [EDA] Report saved → /opt/***/reports/eda_report.png
[2026-06-16T12:38:51.478+0000] {logging_mixin.py:188} INFO - [EDA] Records=530 | Default rate=26.42% | Features=73 | Top feature=label
[2026-06-16T12:38:51.479+0000] {python.py:237} INFO - Done. Returned value was: None
[2026-06-16T12:38:51.480+0000] {taskinstance.py:441} INFO - ::group::Post task execution logs
[2026-06-16T12:38:51.491+0000] {taskinstance.py:1206} INFO - Marking task as SUCCESS. dag_id=CS611_ML_Pipeline, task_id=eda_analysis, run_id=scheduled__2023-07-01T00:00:00+00:00, execution_date=20230701T000000, start_date=20260616T123845, end_date=20260616T123851
[2026-06-16T12:38:51.553+0000] {local_task_job_runner.py:240} INFO - Task exited with return code 0
[2026-06-16T12:38:51.564+0000] {local_task_job_runner.py:222} INFO - ::endgroup::
