[2026-06-16T12:54:44.662+0000] {local_task_job_runner.py:120} INFO - ::group::Pre task execution logs
[2026-06-16T12:54:44.704+0000] {taskinstance.py:2076} INFO - Dependencies all met for dep_context=non-requeueable deps ti=<TaskInstance: CS611_ML_Pipeline.silver_cleaning scheduled__2024-02-01T00:00:00+00:00 [queued]>
[2026-06-16T12:54:44.718+0000] {taskinstance.py:2076} INFO - Dependencies all met for dep_context=requeueable deps ti=<TaskInstance: CS611_ML_Pipeline.silver_cleaning scheduled__2024-02-01T00:00:00+00:00 [queued]>
[2026-06-16T12:54:44.722+0000] {taskinstance.py:2306} INFO - Starting attempt 2 of 3
[2026-06-16T12:54:44.737+0000] {taskinstance.py:2330} INFO - Executing <Task(PythonOperator): silver_cleaning> on 2024-02-01 00:00:00+00:00
[2026-06-16T12:54:44.743+0000] {standard_task_runner.py:63} INFO - Started process 30200 to run task
[2026-06-16T12:54:44.747+0000] {standard_task_runner.py:90} INFO - Running: ['***', 'tasks', 'run', 'CS611_ML_Pipeline', 'silver_cleaning', 'scheduled__2024-02-01T00:00:00+00:00', '--job-id', '339', '--raw', '--subdir', 'DAGS_FOLDER/ml_pipeline_dag.py', '--cfg-path', '/tmp/tmp5hkff3j7']
[2026-06-16T12:54:44.750+0000] {standard_task_runner.py:91} INFO - Job 339: Subtask silver_cleaning
[2026-06-16T12:54:44.818+0000] {task_command.py:426} INFO - Running <TaskInstance: CS611_ML_Pipeline.silver_cleaning scheduled__2024-02-01T00:00:00+00:00 [running]> on host 0e5a6fd60e5a
[2026-06-16T12:54:45.114+0000] {taskinstance.py:2648} INFO - Exporting env vars: AIRFLOW_CTX_DAG_OWNER='ahana' AIRFLOW_CTX_DAG_ID='CS611_ML_Pipeline' AIRFLOW_CTX_TASK_ID='silver_cleaning' AIRFLOW_CTX_EXECUTION_DATE='2024-02-01T00:00:00+00:00' AIRFLOW_CTX_TRY_NUMBER='2' AIRFLOW_CTX_DAG_RUN_ID='scheduled__2024-02-01T00:00:00+00:00'
[2026-06-16T12:54:45.116+0000] {taskinstance.py:430} INFO - ::endgroup::
[2026-06-16T12:54:49.719+0000] {logging_mixin.py:188} INFO - [Silver] Processing snapshot: 2024-02-01
[2026-06-16T12:55:00.807+0000] {logging_mixin.py:188} INFO - [Silver] clickstream
[2026-06-16T12:55:03.727+0000] {logging_mixin.py:188} INFO - [Silver] attributes
[2026-06-16T12:55:16.567+0000] {logging_mixin.py:188} INFO - [Silver] financials
[2026-06-16T12:55:20.060+0000] {logging_mixin.py:188} INFO - [Silver] lms
[2026-06-16T12:55:20.720+0000] {python.py:237} INFO - Done. Returned value was: None
[2026-06-16T12:55:20.722+0000] {taskinstance.py:441} INFO - ::group::Post task execution logs
[2026-06-16T12:55:20.745+0000] {taskinstance.py:1206} INFO - Marking task as SUCCESS. dag_id=CS611_ML_Pipeline, task_id=silver_cleaning, run_id=scheduled__2024-02-01T00:00:00+00:00, execution_date=20240201T000000, start_date=20260616T125444, end_date=20260616T125520
[2026-06-16T12:55:20.797+0000] {local_task_job_runner.py:240} INFO - Task exited with return code 0
[2026-06-16T12:55:20.840+0000] {taskinstance.py:3498} INFO - 2 downstream tasks scheduled from follow-on schedule check
[2026-06-16T12:55:20.846+0000] {local_task_job_runner.py:222} INFO - ::endgroup::
