[2026-06-16T15:09:46.958+0000] {local_task_job_runner.py:120} INFO - ::group::Pre task execution logs
[2026-06-16T15:09:46.988+0000] {taskinstance.py:2076} INFO - Dependencies all met for dep_context=non-requeueable deps ti=<TaskInstance: CS611_ML_Pipeline.silver_cleaning scheduled__2024-02-01T00:00:00+00:00 [queued]>
[2026-06-16T15:09:46.996+0000] {taskinstance.py:2076} INFO - Dependencies all met for dep_context=requeueable deps ti=<TaskInstance: CS611_ML_Pipeline.silver_cleaning scheduled__2024-02-01T00:00:00+00:00 [queued]>
[2026-06-16T15:09:46.999+0000] {taskinstance.py:2306} INFO - Starting attempt 3 of 4
[2026-06-16T15:09:47.012+0000] {taskinstance.py:2330} INFO - Executing <Task(PythonOperator): silver_cleaning> on 2024-02-01 00:00:00+00:00
[2026-06-16T15:09:47.017+0000] {standard_task_runner.py:63} INFO - Started process 26125 to run task
[2026-06-16T15:09:47.020+0000] {standard_task_runner.py:90} INFO - Running: ['***', 'tasks', 'run', 'CS611_ML_Pipeline', 'silver_cleaning', 'scheduled__2024-02-01T00:00:00+00:00', '--job-id', '556', '--raw', '--subdir', 'DAGS_FOLDER/ml_pipeline_dag.py', '--cfg-path', '/tmp/tmpk23csdo9']
[2026-06-16T15:09:47.028+0000] {standard_task_runner.py:91} INFO - Job 556: Subtask silver_cleaning
[2026-06-16T15:09:47.089+0000] {task_command.py:426} INFO - Running <TaskInstance: CS611_ML_Pipeline.silver_cleaning scheduled__2024-02-01T00:00:00+00:00 [running]> on host 4b9938287cf4
[2026-06-16T15:09:47.386+0000] {taskinstance.py:2648} INFO - Exporting env vars: AIRFLOW_CTX_DAG_OWNER='ahana' AIRFLOW_CTX_DAG_ID='CS611_ML_Pipeline' AIRFLOW_CTX_TASK_ID='silver_cleaning' AIRFLOW_CTX_EXECUTION_DATE='2024-02-01T00:00:00+00:00' AIRFLOW_CTX_TRY_NUMBER='3' AIRFLOW_CTX_DAG_RUN_ID='scheduled__2024-02-01T00:00:00+00:00'
[2026-06-16T15:09:47.387+0000] {taskinstance.py:430} INFO - ::endgroup::
[2026-06-16T15:09:51.291+0000] {logging_mixin.py:188} INFO - [Silver] Processing snapshot: 2024-02-01
[2026-06-16T15:09:57.231+0000] {logging_mixin.py:188} INFO - [Silver] clickstream
[2026-06-16T15:10:00.176+0000] {logging_mixin.py:188} INFO - [Silver] attributes
[2026-06-16T15:10:09.908+0000] {logging_mixin.py:188} INFO - [Silver] financials
[2026-06-16T15:10:11.357+0000] {logging_mixin.py:188} INFO - [Silver] lms
[2026-06-16T15:10:12.349+0000] {python.py:237} INFO - Done. Returned value was: None
[2026-06-16T15:10:12.358+0000] {taskinstance.py:441} INFO - ::group::Post task execution logs
[2026-06-16T15:10:12.378+0000] {taskinstance.py:1206} INFO - Marking task as SUCCESS. dag_id=CS611_ML_Pipeline, task_id=silver_cleaning, run_id=scheduled__2024-02-01T00:00:00+00:00, execution_date=20240201T000000, start_date=20260616T150946, end_date=20260616T151012
[2026-06-16T15:10:12.412+0000] {local_task_job_runner.py:240} INFO - Task exited with return code 0
[2026-06-16T15:10:12.441+0000] {taskinstance.py:3498} INFO - 2 downstream tasks scheduled from follow-on schedule check
[2026-06-16T15:10:12.465+0000] {local_task_job_runner.py:222} INFO - ::endgroup::
