[2026-06-16T15:15:44.178+0000] {local_task_job_runner.py:120} INFO - ::group::Pre task execution logs
[2026-06-16T15:15:44.201+0000] {taskinstance.py:2076} INFO - Dependencies all met for dep_context=non-requeueable deps ti=<TaskInstance: CS611_ML_Pipeline.model_prediction scheduled__2024-05-01T00:00:00+00:00 [queued]>
[2026-06-16T15:15:44.208+0000] {taskinstance.py:2076} INFO - Dependencies all met for dep_context=requeueable deps ti=<TaskInstance: CS611_ML_Pipeline.model_prediction scheduled__2024-05-01T00:00:00+00:00 [queued]>
[2026-06-16T15:15:44.211+0000] {taskinstance.py:2306} INFO - Starting attempt 3 of 4
[2026-06-16T15:15:44.220+0000] {taskinstance.py:2330} INFO - Executing <Task(PythonOperator): model_prediction> on 2024-05-01 00:00:00+00:00
[2026-06-16T15:15:44.224+0000] {standard_task_runner.py:63} INFO - Started process 35263 to run task
[2026-06-16T15:15:44.227+0000] {standard_task_runner.py:90} INFO - Running: ['***', 'tasks', 'run', 'CS611_ML_Pipeline', 'model_prediction', 'scheduled__2024-05-01T00:00:00+00:00', '--job-id', '588', '--raw', '--subdir', 'DAGS_FOLDER/ml_pipeline_dag.py', '--cfg-path', '/tmp/tmpgq4ltabl']
[2026-06-16T15:15:44.229+0000] {standard_task_runner.py:91} INFO - Job 588: Subtask model_prediction
[2026-06-16T15:15:44.266+0000] {task_command.py:426} INFO - Running <TaskInstance: CS611_ML_Pipeline.model_prediction scheduled__2024-05-01T00:00:00+00:00 [running]> on host 4b9938287cf4
[2026-06-16T15:15:44.548+0000] {taskinstance.py:2648} INFO - Exporting env vars: AIRFLOW_CTX_DAG_OWNER='ahana' AIRFLOW_CTX_DAG_ID='CS611_ML_Pipeline' AIRFLOW_CTX_TASK_ID='model_prediction' AIRFLOW_CTX_EXECUTION_DATE='2024-05-01T00:00:00+00:00' AIRFLOW_CTX_TRY_NUMBER='3' AIRFLOW_CTX_DAG_RUN_ID='scheduled__2024-05-01T00:00:00+00:00'
[2026-06-16T15:15:44.550+0000] {taskinstance.py:430} INFO - ::endgroup::
[2026-06-16T15:15:45.705+0000] {logging_mixin.py:188} INFO - [Model] Loaded: gradient_boosting trained on 2024-01-01
[2026-06-16T15:15:45.706+0000] {logging_mixin.py:188} INFO - [Predict] Running inference for 2024-05-01
[2026-06-16T15:15:45.855+0000] {logging_mixin.py:188} INFO - [Predict] Saved 491 predictions -> /opt/***/datamart/gold/predictions/2024_05_01.parquet
[2026-06-16T15:15:45.856+0000] {logging_mixin.py:188} INFO - [Predict] Default rate predicted: 20.2%
[2026-06-16T15:15:45.856+0000] {logging_mixin.py:188} INFO - [Predict] 491 predictions saved
[2026-06-16T15:15:45.857+0000] {python.py:237} INFO - Done. Returned value was: None
[2026-06-16T15:15:45.857+0000] {taskinstance.py:441} INFO - ::group::Post task execution logs
[2026-06-16T15:15:45.865+0000] {taskinstance.py:1206} INFO - Marking task as SUCCESS. dag_id=CS611_ML_Pipeline, task_id=model_prediction, run_id=scheduled__2024-05-01T00:00:00+00:00, execution_date=20240501T000000, start_date=20260616T151544, end_date=20260616T151545
[2026-06-16T15:15:45.947+0000] {local_task_job_runner.py:240} INFO - Task exited with return code 0
[2026-06-16T15:15:45.967+0000] {taskinstance.py:3498} INFO - 1 downstream tasks scheduled from follow-on schedule check
[2026-06-16T15:15:45.971+0000] {local_task_job_runner.py:222} INFO - ::endgroup::
