[2026-06-16T11:02:28.522+0000] {local_task_job_runner.py:120} INFO - ::group::Pre task execution logs
[2026-06-16T11:02:28.546+0000] {taskinstance.py:2076} INFO - Dependencies all met for dep_context=non-requeueable deps ti=<TaskInstance: CS611_ML_Pipeline.model_prediction scheduled__2024-05-01T00:00:00+00:00 [queued]>
[2026-06-16T11:02:28.553+0000] {taskinstance.py:2076} INFO - Dependencies all met for dep_context=requeueable deps ti=<TaskInstance: CS611_ML_Pipeline.model_prediction scheduled__2024-05-01T00:00:00+00:00 [queued]>
[2026-06-16T11:02:28.563+0000] {taskinstance.py:2306} INFO - Starting attempt 1 of 2
[2026-06-16T11:02:28.573+0000] {taskinstance.py:2330} INFO - Executing <Task(PythonOperator): model_prediction> on 2024-05-01 00:00:00+00:00
[2026-06-16T11:02:28.577+0000] {standard_task_runner.py:63} INFO - Started process 34942 to run task
[2026-06-16T11:02:28.580+0000] {standard_task_runner.py:90} INFO - Running: ['***', 'tasks', 'run', 'CS611_ML_Pipeline', 'model_prediction', 'scheduled__2024-05-01T00:00:00+00:00', '--job-id', '152', '--raw', '--subdir', 'DAGS_FOLDER/ml_pipeline_dag.py', '--cfg-path', '/tmp/tmp6x3u30ih']
[2026-06-16T11:02:28.583+0000] {standard_task_runner.py:91} INFO - Job 152: Subtask model_prediction
[2026-06-16T11:02:28.625+0000] {task_command.py:426} INFO - Running <TaskInstance: CS611_ML_Pipeline.model_prediction scheduled__2024-05-01T00:00:00+00:00 [running]> on host 9cb3f452a997
[2026-06-16T11:02:28.828+0000] {taskinstance.py:2648} INFO - Exporting env vars: AIRFLOW_CTX_DAG_OWNER='ahana' AIRFLOW_CTX_DAG_ID='CS611_ML_Pipeline' AIRFLOW_CTX_TASK_ID='model_prediction' AIRFLOW_CTX_EXECUTION_DATE='2024-05-01T00:00:00+00:00' AIRFLOW_CTX_TRY_NUMBER='1' AIRFLOW_CTX_DAG_RUN_ID='scheduled__2024-05-01T00:00:00+00:00'
[2026-06-16T11:02:28.829+0000] {taskinstance.py:430} INFO - ::endgroup::
[2026-06-16T11:02:29.936+0000] {logging_mixin.py:188} INFO - [Model] Loaded: gradient_boosting trained on 2024-01-01
[2026-06-16T11:02:29.936+0000] {logging_mixin.py:188} INFO - [Predict] Running inference for 2024-05-01
[2026-06-16T11:02:30.063+0000] {logging_mixin.py:188} INFO - [Predict] Saved 491 predictions -> /opt/***/datamart/gold/predictions/2024_05_01.parquet
[2026-06-16T11:02:30.064+0000] {logging_mixin.py:188} INFO - [Predict] Default rate predicted: 20.2%
[2026-06-16T11:02:30.064+0000] {logging_mixin.py:188} INFO - [Predict] 491 predictions saved
[2026-06-16T11:02:30.065+0000] {python.py:237} INFO - Done. Returned value was: None
[2026-06-16T11:02:30.065+0000] {taskinstance.py:441} INFO - ::group::Post task execution logs
[2026-06-16T11:02:30.073+0000] {taskinstance.py:1206} INFO - Marking task as SUCCESS. dag_id=CS611_ML_Pipeline, task_id=model_prediction, run_id=scheduled__2024-05-01T00:00:00+00:00, execution_date=20240501T000000, start_date=20260616T110228, end_date=20260616T110230
[2026-06-16T11:02:30.124+0000] {local_task_job_runner.py:240} INFO - Task exited with return code 0
[2026-06-16T11:02:30.144+0000] {taskinstance.py:3498} INFO - 1 downstream tasks scheduled from follow-on schedule check
[2026-06-16T11:02:30.148+0000] {local_task_job_runner.py:222} INFO - ::endgroup::
