[2026-06-16T10:47:03.155+0000] {local_task_job_runner.py:120} INFO - ::group::Pre task execution logs
[2026-06-16T10:47:03.184+0000] {taskinstance.py:2076} INFO - Dependencies all met for dep_context=non-requeueable deps ti=<TaskInstance: CS611_ML_Pipeline.bronze_ingestion scheduled__2023-09-01T00:00:00+00:00 [queued]>
[2026-06-16T10:47:03.191+0000] {taskinstance.py:2076} INFO - Dependencies all met for dep_context=requeueable deps ti=<TaskInstance: CS611_ML_Pipeline.bronze_ingestion scheduled__2023-09-01T00:00:00+00:00 [queued]>
[2026-06-16T10:47:03.194+0000] {taskinstance.py:2306} INFO - Starting attempt 1 of 2
[2026-06-16T10:47:03.207+0000] {taskinstance.py:2330} INFO - Executing <Task(PythonOperator): bronze_ingestion> on 2023-09-01 00:00:00+00:00
[2026-06-16T10:47:03.212+0000] {standard_task_runner.py:63} INFO - Started process 14395 to run task
[2026-06-16T10:47:03.215+0000] {standard_task_runner.py:90} INFO - Running: ['***', 'tasks', 'run', 'CS611_ML_Pipeline', 'bronze_ingestion', 'scheduled__2023-09-01T00:00:00+00:00', '--job-id', '74', '--raw', '--subdir', 'DAGS_FOLDER/ml_pipeline_dag.py', '--cfg-path', '/tmp/tmpkdusx247']
[2026-06-16T10:47:03.218+0000] {standard_task_runner.py:91} INFO - Job 74: Subtask bronze_ingestion
[2026-06-16T10:47:03.272+0000] {task_command.py:426} INFO - Running <TaskInstance: CS611_ML_Pipeline.bronze_ingestion scheduled__2023-09-01T00:00:00+00:00 [running]> on host 9cb3f452a997
[2026-06-16T10:47:03.503+0000] {taskinstance.py:2648} INFO - Exporting env vars: AIRFLOW_CTX_DAG_OWNER='ahana' AIRFLOW_CTX_DAG_ID='CS611_ML_Pipeline' AIRFLOW_CTX_TASK_ID='bronze_ingestion' AIRFLOW_CTX_EXECUTION_DATE='2023-09-01T00:00:00+00:00' AIRFLOW_CTX_TRY_NUMBER='1' AIRFLOW_CTX_DAG_RUN_ID='scheduled__2023-09-01T00:00:00+00:00'
[2026-06-16T10:47:03.504+0000] {taskinstance.py:430} INFO - ::endgroup::
[2026-06-16T10:47:07.144+0000] {logging_mixin.py:188} INFO - [Bronze] Processing snapshot: 2023-09-01
[2026-06-16T10:47:14.727+0000] {logging_mixin.py:188} INFO - [Bronze] clickstream
[2026-06-16T10:47:15.777+0000] {logging_mixin.py:188} INFO - [Bronze] attributes
[2026-06-16T10:47:17.008+0000] {logging_mixin.py:188} INFO - [Bronze] financials
[2026-06-16T10:47:18.499+0000] {logging_mixin.py:188} INFO - [Bronze] lms
[2026-06-16T10:47:19.009+0000] {python.py:237} INFO - Done. Returned value was: None
[2026-06-16T10:47:19.011+0000] {taskinstance.py:441} INFO - ::group::Post task execution logs
[2026-06-16T10:47:19.021+0000] {taskinstance.py:1206} INFO - Marking task as SUCCESS. dag_id=CS611_ML_Pipeline, task_id=bronze_ingestion, run_id=scheduled__2023-09-01T00:00:00+00:00, execution_date=20230901T000000, start_date=20260616T104703, end_date=20260616T104719
[2026-06-16T10:47:19.073+0000] {local_task_job_runner.py:240} INFO - Task exited with return code 0
[2026-06-16T10:47:19.090+0000] {taskinstance.py:3498} INFO - 1 downstream tasks scheduled from follow-on schedule check
[2026-06-16T10:47:19.148+0000] {local_task_job_runner.py:222} INFO - ::endgroup::
