[2026-06-16T12:42:03.481+0000] {local_task_job_runner.py:120} INFO - ::group::Pre task execution logs
[2026-06-16T12:42:03.508+0000] {taskinstance.py:2076} INFO - Dependencies all met for dep_context=non-requeueable deps ti=<TaskInstance: CS611_ML_Pipeline.bronze_ingestion scheduled__2023-09-01T00:00:00+00:00 [queued]>
[2026-06-16T12:42:03.515+0000] {taskinstance.py:2076} INFO - Dependencies all met for dep_context=requeueable deps ti=<TaskInstance: CS611_ML_Pipeline.bronze_ingestion scheduled__2023-09-01T00:00:00+00:00 [queued]>
[2026-06-16T12:42:03.524+0000] {taskinstance.py:2306} INFO - Starting attempt 2 of 3
[2026-06-16T12:42:03.536+0000] {taskinstance.py:2330} INFO - Executing <Task(PythonOperator): bronze_ingestion> on 2023-09-01 00:00:00+00:00
[2026-06-16T12:42:03.541+0000] {standard_task_runner.py:63} INFO - Started process 17512 to run task
[2026-06-16T12:42:03.544+0000] {standard_task_runner.py:90} INFO - Running: ['***', 'tasks', 'run', 'CS611_ML_Pipeline', 'bronze_ingestion', 'scheduled__2023-09-01T00:00:00+00:00', '--job-id', '293', '--raw', '--subdir', 'DAGS_FOLDER/ml_pipeline_dag.py', '--cfg-path', '/tmp/tmpzvcl0o6t']
[2026-06-16T12:42:03.546+0000] {standard_task_runner.py:91} INFO - Job 293: Subtask bronze_ingestion
[2026-06-16T12:42:03.609+0000] {task_command.py:426} INFO - Running <TaskInstance: CS611_ML_Pipeline.bronze_ingestion scheduled__2023-09-01T00:00:00+00:00 [running]> on host 0e5a6fd60e5a
[2026-06-16T12:42:03.804+0000] {taskinstance.py:2648} INFO - Exporting env vars: AIRFLOW_CTX_DAG_OWNER='ahana' AIRFLOW_CTX_DAG_ID='CS611_ML_Pipeline' AIRFLOW_CTX_TASK_ID='bronze_ingestion' AIRFLOW_CTX_EXECUTION_DATE='2023-09-01T00:00:00+00:00' AIRFLOW_CTX_TRY_NUMBER='2' AIRFLOW_CTX_DAG_RUN_ID='scheduled__2023-09-01T00:00:00+00:00'
[2026-06-16T12:42:03.805+0000] {taskinstance.py:430} INFO - ::endgroup::
[2026-06-16T12:42:07.662+0000] {logging_mixin.py:188} INFO - [Bronze] Processing snapshot: 2023-09-01
[2026-06-16T12:42:15.082+0000] {logging_mixin.py:188} INFO - [Bronze] clickstream
[2026-06-16T12:42:17.296+0000] {logging_mixin.py:188} INFO - [Bronze] attributes
[2026-06-16T12:42:19.718+0000] {logging_mixin.py:188} INFO - [Bronze] financials
[2026-06-16T12:42:22.855+0000] {logging_mixin.py:188} INFO - [Bronze] lms
[2026-06-16T12:42:22.995+0000] {python.py:237} INFO - Done. Returned value was: None
[2026-06-16T12:42:22.997+0000] {taskinstance.py:441} INFO - ::group::Post task execution logs
[2026-06-16T12:42:23.009+0000] {taskinstance.py:1206} INFO - Marking task as SUCCESS. dag_id=CS611_ML_Pipeline, task_id=bronze_ingestion, run_id=scheduled__2023-09-01T00:00:00+00:00, execution_date=20230901T000000, start_date=20260616T124203, end_date=20260616T124223
[2026-06-16T12:42:23.068+0000] {local_task_job_runner.py:240} INFO - Task exited with return code 0
[2026-06-16T12:42:23.089+0000] {taskinstance.py:3498} INFO - 1 downstream tasks scheduled from follow-on schedule check
[2026-06-16T12:42:23.093+0000] {local_task_job_runner.py:222} INFO - ::endgroup::
