[2026-06-16T15:00:59.208+0000] {local_task_job_runner.py:120} INFO - ::group::Pre task execution logs
[2026-06-16T15:00:59.232+0000] {taskinstance.py:2076} INFO - Dependencies all met for dep_context=non-requeueable deps ti=<TaskInstance: CS611_ML_Pipeline.bronze_ingestion scheduled__2023-09-01T00:00:00+00:00 [queued]>
[2026-06-16T15:00:59.238+0000] {taskinstance.py:2076} INFO - Dependencies all met for dep_context=requeueable deps ti=<TaskInstance: CS611_ML_Pipeline.bronze_ingestion scheduled__2023-09-01T00:00:00+00:00 [queued]>
[2026-06-16T15:00:59.246+0000] {taskinstance.py:2306} INFO - Starting attempt 3 of 4
[2026-06-16T15:00:59.258+0000] {taskinstance.py:2330} INFO - Executing <Task(PythonOperator): bronze_ingestion> on 2023-09-01 00:00:00+00:00
[2026-06-16T15:00:59.263+0000] {standard_task_runner.py:63} INFO - Started process 14461 to run task
[2026-06-16T15:00:59.266+0000] {standard_task_runner.py:90} INFO - Running: ['***', 'tasks', 'run', 'CS611_ML_Pipeline', 'bronze_ingestion', 'scheduled__2023-09-01T00:00:00+00:00', '--job-id', '510', '--raw', '--subdir', 'DAGS_FOLDER/ml_pipeline_dag.py', '--cfg-path', '/tmp/tmpsmjr54hd']
[2026-06-16T15:00:59.268+0000] {standard_task_runner.py:91} INFO - Job 510: Subtask bronze_ingestion
[2026-06-16T15:00:59.316+0000] {task_command.py:426} INFO - Running <TaskInstance: CS611_ML_Pipeline.bronze_ingestion scheduled__2023-09-01T00:00:00+00:00 [running]> on host 4b9938287cf4
[2026-06-16T15:00:59.619+0000] {taskinstance.py:2648} INFO - Exporting env vars: AIRFLOW_CTX_DAG_OWNER='ahana' AIRFLOW_CTX_DAG_ID='CS611_ML_Pipeline' AIRFLOW_CTX_TASK_ID='bronze_ingestion' AIRFLOW_CTX_EXECUTION_DATE='2023-09-01T00:00:00+00:00' AIRFLOW_CTX_TRY_NUMBER='3' AIRFLOW_CTX_DAG_RUN_ID='scheduled__2023-09-01T00:00:00+00:00'
[2026-06-16T15:00:59.621+0000] {taskinstance.py:430} INFO - ::endgroup::
[2026-06-16T15:01:02.798+0000] {logging_mixin.py:188} INFO - [Bronze] Processing snapshot: 2023-09-01
[2026-06-16T15:01:08.600+0000] {logging_mixin.py:188} INFO - [Bronze] clickstream
[2026-06-16T15:01:09.745+0000] {logging_mixin.py:188} INFO - [Bronze] attributes
[2026-06-16T15:01:11.133+0000] {logging_mixin.py:188} INFO - [Bronze] financials
[2026-06-16T15:01:12.501+0000] {logging_mixin.py:188} INFO - [Bronze] lms
[2026-06-16T15:01:12.672+0000] {python.py:237} INFO - Done. Returned value was: None
[2026-06-16T15:01:12.674+0000] {taskinstance.py:441} INFO - ::group::Post task execution logs
[2026-06-16T15:01:12.694+0000] {taskinstance.py:1206} INFO - Marking task as SUCCESS. dag_id=CS611_ML_Pipeline, task_id=bronze_ingestion, run_id=scheduled__2023-09-01T00:00:00+00:00, execution_date=20230901T000000, start_date=20260616T150059, end_date=20260616T150112
[2026-06-16T15:01:12.723+0000] {local_task_job_runner.py:240} INFO - Task exited with return code 0
[2026-06-16T15:01:12.748+0000] {taskinstance.py:3498} INFO - 1 downstream tasks scheduled from follow-on schedule check
[2026-06-16T15:01:12.755+0000] {local_task_job_runner.py:222} INFO - ::endgroup::
