[2026-06-16T15:18:55.939+0000] {local_task_job_runner.py:120} INFO - ::group::Pre task execution logs
[2026-06-16T15:18:55.967+0000] {taskinstance.py:2076} INFO - Dependencies all met for dep_context=non-requeueable deps ti=<TaskInstance: CS611_ML_Pipeline.model_training scheduled__2024-07-01T00:00:00+00:00 [queued]>
[2026-06-16T15:18:55.974+0000] {taskinstance.py:2076} INFO - Dependencies all met for dep_context=requeueable deps ti=<TaskInstance: CS611_ML_Pipeline.model_training scheduled__2024-07-01T00:00:00+00:00 [queued]>
[2026-06-16T15:18:55.977+0000] {taskinstance.py:2306} INFO - Starting attempt 3 of 4
[2026-06-16T15:18:55.988+0000] {taskinstance.py:2330} INFO - Executing <Task(PythonOperator): model_training> on 2024-07-01 00:00:00+00:00
[2026-06-16T15:18:55.993+0000] {standard_task_runner.py:63} INFO - Started process 40440 to run task
[2026-06-16T15:18:55.997+0000] {standard_task_runner.py:90} INFO - Running: ['***', 'tasks', 'run', 'CS611_ML_Pipeline', 'model_training', 'scheduled__2024-07-01T00:00:00+00:00', '--job-id', '605', '--raw', '--subdir', 'DAGS_FOLDER/ml_pipeline_dag.py', '--cfg-path', '/tmp/tmpznysaywq']
[2026-06-16T15:18:55.999+0000] {standard_task_runner.py:91} INFO - Job 605: Subtask model_training
[2026-06-16T15:18:56.041+0000] {task_command.py:426} INFO - Running <TaskInstance: CS611_ML_Pipeline.model_training scheduled__2024-07-01T00:00:00+00:00 [running]> on host 4b9938287cf4
[2026-06-16T15:18:56.296+0000] {taskinstance.py:2648} INFO - Exporting env vars: AIRFLOW_CTX_DAG_OWNER='ahana' AIRFLOW_CTX_DAG_ID='CS611_ML_Pipeline' AIRFLOW_CTX_TASK_ID='model_training' AIRFLOW_CTX_EXECUTION_DATE='2024-07-01T00:00:00+00:00' AIRFLOW_CTX_TRY_NUMBER='3' AIRFLOW_CTX_DAG_RUN_ID='scheduled__2024-07-01T00:00:00+00:00'
[2026-06-16T15:18:56.297+0000] {taskinstance.py:430} INFO - ::endgroup::
[2026-06-16T15:18:57.383+0000] {logging_mixin.py:188} INFO - [Train] Training model for snapshot: 2024-07-01
[2026-06-16T15:18:57.405+0000] {logging_mixin.py:188} INFO - [Train] Loading gold data from 2023-01-01 to 2024-07-01
[2026-06-16T15:18:59.410+0000] {logging_mixin.py:188} INFO - [Train] Loaded 6443 rows, 28.4% default rate
[2026-06-16T15:18:59.412+0000] {logging_mixin.py:188} INFO - [Train] Raw feature matrix: (6443, 72)
[2026-06-16T15:18:59.413+0000] {logging_mixin.py:188} INFO - [FeatSelect] Starting with 72 features, 5154 samples
[2026-06-16T15:18:59.416+0000] {logging_mixin.py:188} INFO - [FeatSelect] Step 1 - no low-variance features found
[2026-06-16T15:18:59.469+0000] {logging_mixin.py:188} INFO - [FeatSelect] Step 2 - no highly correlated features found
[2026-06-16T15:18:59.698+0000] {logging_mixin.py:188} INFO - [FeatSelect] Step 3 - kept top 40 features by RF importance
[2026-06-16T15:18:59.700+0000] {logging_mixin.py:188} INFO - [FeatSelect] Final selection: 40 features
[2026-06-16T15:18:59.701+0000] {logging_mixin.py:188} INFO - [FeatSelect] Top 5: ['outstanding_debt', 'interest_rate', 'avg_fe_5', 'avg_fe_10', 'credit_history_age_months']
[2026-06-16T15:18:59.702+0000] {logging_mixin.py:188} INFO - [Train] Selected 40 features after selection
[2026-06-16T15:18:59.703+0000] {logging_mixin.py:188} INFO - [Train] Evaluating models...
[2026-06-16T15:19:18.972+0000] {logging_mixin.py:188} WARNING - /home/***/.local/lib/python3.11/site-packages/sklearn/linear_model/_logistic.py:469 ConvergenceWarning: lbfgs failed to converge (status=1):
STOP: TOTAL NO. OF ITERATIONS REACHED LIMIT.

Increase the number of iterations (max_iter) or scale the data as shown in:
    https://scikit-learn.org/stable/modules/preprocessing.html
Please also refer to the documentation for alternative solver options:
    https://scikit-learn.org/stable/modules/linear_model.html#logistic-regression
[2026-06-16T15:19:19.007+0000] {logging_mixin.py:188} INFO -   logistic_regression: AUC=0.8564 | Acc=0.7836
[2026-06-16T15:19:20.951+0000] {logging_mixin.py:188} INFO -   random_forest: AUC=0.8813 | Acc=0.8324
[2026-06-16T15:19:25.578+0000] {logging_mixin.py:188} INFO -   gradient_boosting: AUC=0.9083 | Acc=0.8503
[2026-06-16T15:19:25.579+0000] {logging_mixin.py:188} INFO - 
  Best model: gradient_boosting (AUC=0.9083)
[2026-06-16T15:19:25.604+0000] {logging_mixin.py:188} INFO -   Model saved to: /opt/***/model_bank/2024_07_01
[2026-06-16T15:19:25.605+0000] {logging_mixin.py:188} INFO - [Train] Model saved to /opt/***/model_bank/2024_07_01
[2026-06-16T15:19:25.606+0000] {python.py:237} INFO - Done. Returned value was: None
[2026-06-16T15:19:25.607+0000] {taskinstance.py:441} INFO - ::group::Post task execution logs
[2026-06-16T15:19:25.613+0000] {taskinstance.py:1206} INFO - Marking task as SUCCESS. dag_id=CS611_ML_Pipeline, task_id=model_training, run_id=scheduled__2024-07-01T00:00:00+00:00, execution_date=20240701T000000, start_date=20260616T151855, end_date=20260616T151925
[2026-06-16T15:19:25.677+0000] {local_task_job_runner.py:240} INFO - Task exited with return code 0
[2026-06-16T15:19:25.702+0000] {taskinstance.py:3498} INFO - 1 downstream tasks scheduled from follow-on schedule check
[2026-06-16T15:19:25.706+0000] {local_task_job_runner.py:222} INFO - ::endgroup::
