[2026-06-16T11:05:49.864+0000] {local_task_job_runner.py:120} INFO - ::group::Pre task execution logs
[2026-06-16T11:05:49.890+0000] {taskinstance.py:2076} INFO - Dependencies all met for dep_context=non-requeueable deps ti=<TaskInstance: CS611_ML_Pipeline.model_training scheduled__2024-07-01T00:00:00+00:00 [queued]>
[2026-06-16T11:05:49.896+0000] {taskinstance.py:2076} INFO - Dependencies all met for dep_context=requeueable deps ti=<TaskInstance: CS611_ML_Pipeline.model_training scheduled__2024-07-01T00:00:00+00:00 [queued]>
[2026-06-16T11:05:49.899+0000] {taskinstance.py:2306} INFO - Starting attempt 1 of 2
[2026-06-16T11:05:49.908+0000] {taskinstance.py:2330} INFO - Executing <Task(PythonOperator): model_training> on 2024-07-01 00:00:00+00:00
[2026-06-16T11:05:49.913+0000] {standard_task_runner.py:63} INFO - Started process 39856 to run task
[2026-06-16T11:05:49.917+0000] {standard_task_runner.py:90} INFO - Running: ['***', 'tasks', 'run', 'CS611_ML_Pipeline', 'model_training', 'scheduled__2024-07-01T00:00:00+00:00', '--job-id', '169', '--raw', '--subdir', 'DAGS_FOLDER/ml_pipeline_dag.py', '--cfg-path', '/tmp/tmps60d88ex']
[2026-06-16T11:05:49.919+0000] {standard_task_runner.py:91} INFO - Job 169: Subtask model_training
[2026-06-16T11:05:49.962+0000] {task_command.py:426} INFO - Running <TaskInstance: CS611_ML_Pipeline.model_training scheduled__2024-07-01T00:00:00+00:00 [running]> on host 9cb3f452a997
[2026-06-16T11:05:50.202+0000] {taskinstance.py:2648} INFO - Exporting env vars: AIRFLOW_CTX_DAG_OWNER='ahana' AIRFLOW_CTX_DAG_ID='CS611_ML_Pipeline' AIRFLOW_CTX_TASK_ID='model_training' AIRFLOW_CTX_EXECUTION_DATE='2024-07-01T00:00:00+00:00' AIRFLOW_CTX_TRY_NUMBER='1' AIRFLOW_CTX_DAG_RUN_ID='scheduled__2024-07-01T00:00:00+00:00'
[2026-06-16T11:05:50.203+0000] {taskinstance.py:430} INFO - ::endgroup::
[2026-06-16T11:05:51.230+0000] {logging_mixin.py:188} INFO - [Train] Training model for snapshot: 2024-07-01
[2026-06-16T11:05:51.237+0000] {logging_mixin.py:188} INFO - [Train] Loading gold data from 2023-01-01 to 2024-07-01
[2026-06-16T11:05:52.747+0000] {logging_mixin.py:188} INFO - [Train] Loaded 6443 rows, 28.4% default rate
[2026-06-16T11:05:52.749+0000] {logging_mixin.py:188} INFO - [Train] Raw feature matrix: (6443, 72)
[2026-06-16T11:05:52.750+0000] {logging_mixin.py:188} INFO - [FeatSelect] Starting with 72 features, 5154 samples
[2026-06-16T11:05:52.753+0000] {logging_mixin.py:188} INFO - [FeatSelect] Step 1 - no low-variance features found
[2026-06-16T11:05:52.798+0000] {logging_mixin.py:188} INFO - [FeatSelect] Step 2 - no highly correlated features found
[2026-06-16T11:05:52.988+0000] {logging_mixin.py:188} INFO - [FeatSelect] Step 3 - kept top 40 features by RF importance
[2026-06-16T11:05:52.991+0000] {logging_mixin.py:188} INFO - [FeatSelect] Final selection: 40 features
[2026-06-16T11:05:52.992+0000] {logging_mixin.py:188} INFO - [FeatSelect] Top 5: ['outstanding_debt', 'interest_rate', 'avg_fe_5', 'avg_fe_10', 'credit_history_age_months']
[2026-06-16T11:05:52.993+0000] {logging_mixin.py:188} INFO - [Train] Selected 40 features after selection
[2026-06-16T11:05:52.993+0000] {logging_mixin.py:188} INFO - [Train] Evaluating models...
[2026-06-16T11:06:18.366+0000] {logging_mixin.py:188} WARNING - /home/***/.local/lib/python3.11/site-packages/sklearn/linear_model/_logistic.py:469 ConvergenceWarning: lbfgs failed to converge (status=1):
STOP: TOTAL NO. OF ITERATIONS REACHED LIMIT.

Increase the number of iterations (max_iter) or scale the data as shown in:
    https://scikit-learn.org/stable/modules/preprocessing.html
Please also refer to the documentation for alternative solver options:
    https://scikit-learn.org/stable/modules/linear_model.html#logistic-regression
[2026-06-16T11:06:18.448+0000] {logging_mixin.py:188} INFO -   logistic_regression: AUC=0.8564 | Acc=0.7836
[2026-06-16T11:06:20.501+0000] {logging_mixin.py:188} INFO -   random_forest: AUC=0.8813 | Acc=0.8324
[2026-06-16T11:06:25.060+0000] {logging_mixin.py:188} INFO -   gradient_boosting: AUC=0.9083 | Acc=0.8503
[2026-06-16T11:06:25.061+0000] {logging_mixin.py:188} INFO - 
  Best model: gradient_boosting (AUC=0.9083)
[2026-06-16T11:06:25.078+0000] {logging_mixin.py:188} INFO -   Model saved to: /opt/***/model_bank/2024_07_01
[2026-06-16T11:06:25.079+0000] {logging_mixin.py:188} INFO - [Train] Model saved to /opt/***/model_bank/2024_07_01
[2026-06-16T11:06:25.079+0000] {python.py:237} INFO - Done. Returned value was: None
[2026-06-16T11:06:25.080+0000] {taskinstance.py:441} INFO - ::group::Post task execution logs
[2026-06-16T11:06:25.089+0000] {taskinstance.py:1206} INFO - Marking task as SUCCESS. dag_id=CS611_ML_Pipeline, task_id=model_training, run_id=scheduled__2024-07-01T00:00:00+00:00, execution_date=20240701T000000, start_date=20260616T110549, end_date=20260616T110625
[2026-06-16T11:06:25.132+0000] {local_task_job_runner.py:240} INFO - Task exited with return code 0
[2026-06-16T11:06:25.152+0000] {taskinstance.py:3498} INFO - 1 downstream tasks scheduled from follow-on schedule check
[2026-06-16T11:06:25.157+0000] {local_task_job_runner.py:222} INFO - ::endgroup::
