[2026-06-16T10:45:27.836+0000] {local_task_job_runner.py:120} INFO - ::group::Pre task execution logs
[2026-06-16T10:45:27.858+0000] {taskinstance.py:2076} INFO - Dependencies all met for dep_context=non-requeueable deps ti=<TaskInstance: CS611_ML_Pipeline.model_prediction scheduled__2023-07-01T00:00:00+00:00 [queued]>
[2026-06-16T10:45:27.864+0000] {taskinstance.py:2076} INFO - Dependencies all met for dep_context=requeueable deps ti=<TaskInstance: CS611_ML_Pipeline.model_prediction scheduled__2023-07-01T00:00:00+00:00 [queued]>
[2026-06-16T10:45:27.875+0000] {taskinstance.py:2306} INFO - Starting attempt 1 of 2
[2026-06-16T10:45:27.884+0000] {taskinstance.py:2330} INFO - Executing <Task(PythonOperator): model_prediction> on 2023-07-01 00:00:00+00:00
[2026-06-16T10:45:27.888+0000] {standard_task_runner.py:63} INFO - Started process 12130 to run task
[2026-06-16T10:45:27.890+0000] {standard_task_runner.py:90} INFO - Running: ['***', 'tasks', 'run', 'CS611_ML_Pipeline', 'model_prediction', 'scheduled__2023-07-01T00:00:00+00:00', '--job-id', '62', '--raw', '--subdir', 'DAGS_FOLDER/ml_pipeline_dag.py', '--cfg-path', '/tmp/tmpvt1hyhpe']
[2026-06-16T10:45:27.892+0000] {standard_task_runner.py:91} INFO - Job 62: Subtask model_prediction
[2026-06-16T10:45:27.937+0000] {task_command.py:426} INFO - Running <TaskInstance: CS611_ML_Pipeline.model_prediction scheduled__2023-07-01T00:00:00+00:00 [running]> on host 9cb3f452a997
[2026-06-16T10:45:28.166+0000] {taskinstance.py:2648} INFO - Exporting env vars: AIRFLOW_CTX_DAG_OWNER='ahana' AIRFLOW_CTX_DAG_ID='CS611_ML_Pipeline' AIRFLOW_CTX_TASK_ID='model_prediction' AIRFLOW_CTX_EXECUTION_DATE='2023-07-01T00:00:00+00:00' AIRFLOW_CTX_TRY_NUMBER='1' AIRFLOW_CTX_DAG_RUN_ID='scheduled__2023-07-01T00:00:00+00:00'
[2026-06-16T10:45:28.167+0000] {taskinstance.py:430} INFO - ::endgroup::
[2026-06-16T10:45:29.113+0000] {logging_mixin.py:188} INFO - [Model] Loaded: logistic_regression trained on 2023-07-01
[2026-06-16T10:45:29.113+0000] {logging_mixin.py:188} INFO - [Predict] Running inference for 2023-07-01
[2026-06-16T10:45:29.303+0000] {logging_mixin.py:188} INFO - [Predict] Saved 471 predictions -> /opt/***/datamart/gold/predictions/2023_07_01.parquet
[2026-06-16T10:45:29.303+0000] {logging_mixin.py:188} INFO - [Predict] Default rate predicted: 21.4%
[2026-06-16T10:45:29.304+0000] {logging_mixin.py:188} INFO - [Predict] 471 predictions saved
[2026-06-16T10:45:29.305+0000] {python.py:237} INFO - Done. Returned value was: None
[2026-06-16T10:45:29.305+0000] {taskinstance.py:441} INFO - ::group::Post task execution logs
[2026-06-16T10:45:29.313+0000] {taskinstance.py:1206} INFO - Marking task as SUCCESS. dag_id=CS611_ML_Pipeline, task_id=model_prediction, run_id=scheduled__2023-07-01T00:00:00+00:00, execution_date=20230701T000000, start_date=20260616T104527, end_date=20260616T104529
[2026-06-16T10:45:29.351+0000] {local_task_job_runner.py:240} INFO - Task exited with return code 0
[2026-06-16T10:45:29.371+0000] {taskinstance.py:3498} INFO - 1 downstream tasks scheduled from follow-on schedule check
[2026-06-16T10:45:29.375+0000] {local_task_job_runner.py:222} INFO - ::endgroup::
