[2026-06-16T15:02:28.883+0000] {local_task_job_runner.py:120} INFO - ::group::Pre task execution logs
[2026-06-16T15:02:28.908+0000] {taskinstance.py:2076} INFO - Dependencies all met for dep_context=non-requeueable deps ti=<TaskInstance: CS611_ML_Pipeline.bronze_ingestion scheduled__2023-10-01T00:00:00+00:00 [queued]>
[2026-06-16T15:02:28.919+0000] {taskinstance.py:2076} INFO - Dependencies all met for dep_context=requeueable deps ti=<TaskInstance: CS611_ML_Pipeline.bronze_ingestion scheduled__2023-10-01T00:00:00+00:00 [queued]>
[2026-06-16T15:02:28.922+0000] {taskinstance.py:2306} INFO - Starting attempt 3 of 4
[2026-06-16T15:02:28.935+0000] {taskinstance.py:2330} INFO - Executing <Task(PythonOperator): bronze_ingestion> on 2023-10-01 00:00:00+00:00
[2026-06-16T15:02:28.940+0000] {standard_task_runner.py:63} INFO - Started process 16618 to run task
[2026-06-16T15:02:28.943+0000] {standard_task_runner.py:90} INFO - Running: ['***', 'tasks', 'run', 'CS611_ML_Pipeline', 'bronze_ingestion', 'scheduled__2023-10-01T00:00:00+00:00', '--job-id', '519', '--raw', '--subdir', 'DAGS_FOLDER/ml_pipeline_dag.py', '--cfg-path', '/tmp/tmpl87dhsll']
[2026-06-16T15:02:28.946+0000] {standard_task_runner.py:91} INFO - Job 519: Subtask bronze_ingestion
[2026-06-16T15:02:28.987+0000] {task_command.py:426} INFO - Running <TaskInstance: CS611_ML_Pipeline.bronze_ingestion scheduled__2023-10-01T00:00:00+00:00 [running]> on host 4b9938287cf4
[2026-06-16T15:02:29.276+0000] {taskinstance.py:2648} INFO - Exporting env vars: AIRFLOW_CTX_DAG_OWNER='ahana' AIRFLOW_CTX_DAG_ID='CS611_ML_Pipeline' AIRFLOW_CTX_TASK_ID='bronze_ingestion' AIRFLOW_CTX_EXECUTION_DATE='2023-10-01T00:00:00+00:00' AIRFLOW_CTX_TRY_NUMBER='3' AIRFLOW_CTX_DAG_RUN_ID='scheduled__2023-10-01T00:00:00+00:00'
[2026-06-16T15:02:29.278+0000] {taskinstance.py:430} INFO - ::endgroup::
[2026-06-16T15:02:32.288+0000] {logging_mixin.py:188} INFO - [Bronze] Processing snapshot: 2023-10-01
[2026-06-16T15:02:39.787+0000] {logging_mixin.py:188} INFO - [Bronze] clickstream
[2026-06-16T15:02:41.342+0000] {logging_mixin.py:188} INFO - [Bronze] attributes
[2026-06-16T15:02:44.667+0000] {logging_mixin.py:188} INFO - [Bronze] financials
[2026-06-16T15:02:46.862+0000] {logging_mixin.py:188} INFO - [Bronze] lms
[2026-06-16T15:02:47.169+0000] {python.py:237} INFO - Done. Returned value was: None
[2026-06-16T15:02:47.171+0000] {taskinstance.py:441} INFO - ::group::Post task execution logs
[2026-06-16T15:02:47.184+0000] {taskinstance.py:1206} INFO - Marking task as SUCCESS. dag_id=CS611_ML_Pipeline, task_id=bronze_ingestion, run_id=scheduled__2023-10-01T00:00:00+00:00, execution_date=20231001T000000, start_date=20260616T150228, end_date=20260616T150247
[2026-06-16T15:02:47.215+0000] {local_task_job_runner.py:240} INFO - Task exited with return code 0
[2026-06-16T15:02:47.287+0000] {taskinstance.py:3498} INFO - 1 downstream tasks scheduled from follow-on schedule check
[2026-06-16T15:02:47.293+0000] {local_task_job_runner.py:222} INFO - ::endgroup::
